ARM GAS  C:\Users\Timmo\AppData\Local\Temp\cchWrsGW.s 			page 1


   1              		.syntax unified
   2              		.cpu cortex-m3
   3              		.fpu softvfp
   4              		.eabi_attribute 20, 1
   5              		.eabi_attribute 21, 1
   6              		.eabi_attribute 23, 3
   7              		.eabi_attribute 24, 1
   8              		.eabi_attribute 25, 1
   9              		.eabi_attribute 26, 1
  10              		.eabi_attribute 30, 1
  11              		.eabi_attribute 34, 1
  12              		.eabi_attribute 18, 4
  13              		.thumb
  14              		.syntax unified
  15              		.file	"CAN.c"
  16              		.text
  17              	.Ltext0:
  18              		.cfi_sections	.debug_frame
  19              		.section	.text.Tx_TestMessage,"ax",%progbits
  20              		.align	2
  21              		.global	Tx_TestMessage
  22              		.thumb
  23              		.thumb_func
  24              		.type	Tx_TestMessage, %function
  25              	Tx_TestMessage:
  26              	.LFB63:
  27              		.file 1 "CAN.c"
   1:CAN.c         **** /* ========================================
   2:CAN.c         ****  *
   3:CAN.c         ****  * Copyright YOUR COMPANY, THE YEAR
   4:CAN.c         ****  * All Rights Reserved
   5:CAN.c         ****  * UNPUBLISHED, LICENSED SOFTWARE.
   6:CAN.c         ****  *
   7:CAN.c         ****  * CONFIDENTIAL AND PROPRIETARY INFORMATION
   8:CAN.c         ****  * WHICH IS THE PROPERTY OF your company.
   9:CAN.c         ****  *
  10:CAN.c         ****  * ========================================
  11:CAN.c         ****  *
  12:CAN.c         ****  * To-Do:
  13:CAN.c         ****  * 1. Tx_TestMessage assumes data populated into mailbox0. Not clear why.
  14:CAN.c         ****  * 2. Might need to include the Generated CAN files
  15:CAN.c         ****  *
  16:CAN.c         ****  * ========================================
  17:CAN.c         **** */
  18:CAN.c         **** #include "project.h"
  19:CAN.c         **** #include "CAN.h"
  20:CAN.c         **** 
  21:CAN.c         **** uint8_t testData1 = 0xAC;
  22:CAN.c         **** uint16_t testData2 = 0x3333;
  23:CAN.c         **** uint8_t rxData1 = 0x0;
  24:CAN.c         **** uint16_t rxData2 = 0x0;
  25:CAN.c         **** 
  26:CAN.c         **** 
  27:CAN.c         **** 
  28:CAN.c         **** void Tx_TestMessage(void)
  29:CAN.c         **** {
  28              		.loc 1 29 0
ARM GAS  C:\Users\Timmo\AppData\Local\Temp\cchWrsGW.s 			page 2


  29              		.cfi_startproc
  30              		@ args = 0, pretend = 0, frame = 0
  31              		@ frame_needed = 0, uses_anonymous_args = 0
  32 0000 10B5     		push	{r4, lr}
  33              		.cfi_def_cfa_offset 8
  34              		.cfi_offset 4, -8
  35              		.cfi_offset 14, -4
  30:CAN.c         **** 	//Populate a single byte into Tx Data Byte 1 - of which Box????
  31:CAN.c         ****     Vehicle_CAN_TX_DATA_BYTE_1(testData1);
  36              		.loc 1 31 0
  37 0002 084C     		ldr	r4, .L3
  38 0004 2078     		ldrb	r0, [r4]	@ zero_extendqisi2
  39 0006 FFF7FEFF 		bl	Vehicle_CAN_TX_DATA_BYTE_1
  40              	.LVL0:
  32:CAN.c         ****     
  33:CAN.c         ****     //Trying to populate data thats greater than a single byte.
  34:CAN.c         **** 	uint8_t ls_byte = (char)(testData2 && 0xFF);
  41              		.loc 1 34 0
  42 000a 6088     		ldrh	r0, [r4, #2]
  43              	.LVL1:
  35:CAN.c         **** 	uint8_t ms_byte = (char)(testData2 >> 8);
  44              		.loc 1 35 0
  45 000c 040A     		lsrs	r4, r0, #8
  46              	.LVL2:
  36:CAN.c         **** 
  37:CAN.c         **** 	Vehicle_CAN_TX_DATA_BYTE_2(ls_byte);
  47              		.loc 1 37 0
  48 000e 0030     		adds	r0, r0, #0
  49 0010 18BF     		it	ne
  50 0012 0120     		movne	r0, #1
  51              	.LVL3:
  52 0014 FFF7FEFF 		bl	Vehicle_CAN_TX_DATA_BYTE_2
  53              	.LVL4:
  38:CAN.c         **** 	Vehicle_CAN_TX_DATA_BYTE_3(ms_byte);
  54              		.loc 1 38 0
  55 0018 2046     		mov	r0, r4
  56 001a FFF7FEFF 		bl	Vehicle_CAN_TX_DATA_BYTE_3
  57              	.LVL5:
  39:CAN.c         ****     
  40:CAN.c         ****     //Transmit the message - Need to determine that we are in mailbox0.
  41:CAN.c         **** 	Vehicle_CAN_SendMsgMailbox0();
  58              		.loc 1 41 0
  59 001e FFF7FEFF 		bl	Vehicle_CAN_SendMsgMailbox0
  60              	.LVL6:
  61 0022 10BD     		pop	{r4, pc}
  62              	.LVL7:
  63              	.L4:
  64              		.align	2
  65              	.L3:
  66 0024 00000000 		.word	.LANCHOR0
  67              		.cfi_endproc
  68              	.LFE63:
  69              		.size	Tx_TestMessage, .-Tx_TestMessage
  70              		.section	.text.Vehicle_CAN_Recieve_DbgMsg,"ax",%progbits
  71              		.align	2
  72              		.global	Vehicle_CAN_Recieve_DbgMsg
  73              		.thumb
ARM GAS  C:\Users\Timmo\AppData\Local\Temp\cchWrsGW.s 			page 3


  74              		.thumb_func
  75              		.type	Vehicle_CAN_Recieve_DbgMsg, %function
  76              	Vehicle_CAN_Recieve_DbgMsg:
  77              	.LFB64:
  42:CAN.c         **** }
  43:CAN.c         **** 
  44:CAN.c         **** 
  45:CAN.c         **** void Vehicle_CAN_Recieve_DbgMsg(void)
  46:CAN.c         **** {
  78              		.loc 1 46 0
  79              		.cfi_startproc
  80              		@ args = 0, pretend = 0, frame = 0
  81              		@ frame_needed = 0, uses_anonymous_args = 0
  82 0000 08B5     		push	{r3, lr}
  83              		.cfi_def_cfa_offset 8
  84              		.cfi_offset 3, -8
  85              		.cfi_offset 14, -4
  47:CAN.c         **** 	CAN_RX_ACK_MESSAGE(Vehicle_CAN_RX_MAILBOX_0);
  86              		.loc 1 47 0
  87 0002 0020     		movs	r0, #0
  88 0004 FFF7FEFF 		bl	CAN_RX_ACK_MESSAGE
  89              	.LVL8:
  48:CAN.c         **** 
  49:CAN.c         **** 	rxData1 = Vehicle_CAN_RX_DATA_BYTE_1(Vehicle_CAN_RX_MAILBOX_0);
  90              		.loc 1 49 0
  91 0008 0020     		movs	r0, #0
  92 000a FFF7FEFF 		bl	Vehicle_CAN_RX_DATA_BYTE_1
  93              	.LVL9:
  94 000e 084B     		ldr	r3, .L8
  95 0010 1870     		strb	r0, [r3]
  50:CAN.c         **** 	rxData2 = (Vehicle_CAN_RX_DATA_BYTE_2(Vehicle_CAN_RX_MAILBOX_0) << ONE_BYTE_OFFSET) &&  Vehicle_CA
  96              		.loc 1 50 0
  97 0012 0020     		movs	r0, #0
  98 0014 FFF7FEFF 		bl	Vehicle_CAN_RX_DATA_BYTE_2
  99              	.LVL10:
 100 0018 0302     		lsls	r3, r0, #8
 101 001a 05D0     		beq	.L6
 102              		.loc 1 50 0 is_stmt 0 discriminator 1
 103 001c 0020     		movs	r0, #0
 104 001e FFF7FEFF 		bl	Vehicle_CAN_RX_DATA_BYTE_3
 105              	.LVL11:
 106 0022 0346     		mov	r3, r0
 107 0024 00B1     		cbz	r0, .L6
 108              		.loc 1 50 0
 109 0026 0123     		movs	r3, #1
 110              	.L6:
 111              		.loc 1 50 0 discriminator 6
 112 0028 014A     		ldr	r2, .L8
 113 002a 5380     		strh	r3, [r2, #2]	@ movhi
 114 002c 08BD     		pop	{r3, pc}
 115              	.L9:
 116 002e 00BF     		.align	2
 117              	.L8:
 118 0030 00000000 		.word	.LANCHOR1
 119              		.cfi_endproc
 120              	.LFE64:
 121              		.size	Vehicle_CAN_Recieve_DbgMsg, .-Vehicle_CAN_Recieve_DbgMsg
ARM GAS  C:\Users\Timmo\AppData\Local\Temp\cchWrsGW.s 			page 4


 122              		.section	.text.checkForNewCanData,"ax",%progbits
 123              		.align	2
 124              		.global	checkForNewCanData
 125              		.thumb
 126              		.thumb_func
 127              		.type	checkForNewCanData, %function
 128              	checkForNewCanData:
 129              	.LFB65:
  51:CAN.c         **** 
  52:CAN.c         **** }
  53:CAN.c         **** 
  54:CAN.c         **** 
  55:CAN.c         **** 
  56:CAN.c         **** 
  57:CAN.c         **** void checkForNewCanData(void) 
  58:CAN.c         ****     {
 130              		.loc 1 58 0 is_stmt 1
 131              		.cfi_startproc
 132              		@ args = 0, pretend = 0, frame = 0
 133              		@ frame_needed = 0, uses_anonymous_args = 0
 134 0000 38B5     		push	{r3, r4, r5, lr}
 135              		.cfi_def_cfa_offset 16
 136              		.cfi_offset 3, -16
 137              		.cfi_offset 4, -12
 138              		.cfi_offset 5, -8
 139              		.cfi_offset 14, -4
 140              	.LVL12:
  59:CAN.c         ****         uint8 mailboxNumber;
  60:CAN.c         ****         uint16 shift = 0x01u;
  61:CAN.c         **** 
  62:CAN.c         ****         /* Clear Receive Message flag <-- Does this need to be done every msg? */
  63:CAN.c         ****         Vehicle_CAN_INT_SR_REG.byte[1u] = Vehicle_CAN_RX_MESSAGE_MASK;
 141              		.loc 1 63 0
 142 0002 1022     		movs	r2, #16
 143 0004 174B     		ldr	r3, .L23
 144 0006 5A70     		strb	r2, [r3, #1]
 145              	.LVL13:
  60:CAN.c         **** 
 146              		.loc 1 60 0
 147 0008 0125     		movs	r5, #1
  64:CAN.c         **** 
  65:CAN.c         ****         /* Loop through each mailbox */
  66:CAN.c         ****         for (mailboxNumber = 0u; mailboxNumber < Vehicle_CAN_NUMBER_OF_RX_MAILBOXES; mailboxNumber+
 148              		.loc 1 66 0
 149 000a 0024     		movs	r4, #0
 150 000c 26E0     		b	.L11
 151              	.LVL14:
 152              	.L21:
  67:CAN.c         ****         {
  68:CAN.c         ****             /* if mailbox has data */
  69:CAN.c         ****             if ((CY_GET_REG16((reg16 *) &Vehicle_CAN_BUF_SR_REG.byte[0u]) & shift) != 0u)
 153              		.loc 1 69 0
 154 000e 164B     		ldr	r3, .L23+4
 155 0010 1B88     		ldrh	r3, [r3]
 156 0012 1D42     		tst	r5, r3
 157 0014 1ED0     		beq	.L12
  70:CAN.c         ****             {
ARM GAS  C:\Users\Timmo\AppData\Local\Temp\cchWrsGW.s 			page 5


  71:CAN.c         ****                 if ((Vehicle_CAN_RX_MAILBOX_TYPE & shift) != 0u)
 158              		.loc 1 71 0
 159 0016 15F03F0F 		tst	r5, #63
 160 001a 18D0     		beq	.L13
  72:CAN.c         ****                     {
  73:CAN.c         ****                         /* Only Looks at Full mailboxes <-- Do we care? */
  74:CAN.c         ****                         switch(mailboxNumber)
 161              		.loc 1 74 0
 162 001c 052C     		cmp	r4, #5
 163 001e 19D8     		bhi	.L12
 164 0020 DFE804F0 		tbb	[pc, r4]
 165              	.L15:
 166 0024 03       		.byte	(.L14-.L15)/2
 167 0025 06       		.byte	(.L16-.L15)/2
 168 0026 09       		.byte	(.L17-.L15)/2
 169 0027 0C       		.byte	(.L18-.L15)/2
 170 0028 0F       		.byte	(.L19-.L15)/2
 171 0029 12       		.byte	(.L20-.L15)/2
 172              		.p2align 1
 173              	.L14:
  75:CAN.c         ****                         {
  76:CAN.c         ****                             case 0u : Vehicle_CAN_Recieve_DbgMsg();
 174              		.loc 1 76 0
 175 002a FFF7FEFF 		bl	Vehicle_CAN_Recieve_DbgMsg
 176              	.LVL15:
  77:CAN.c         ****                             break;
 177              		.loc 1 77 0
 178 002e 11E0     		b	.L12
 179              	.L16:
  78:CAN.c         ****                             case 1u : Vehicle_CAN_ReceiveMsg1();
 180              		.loc 1 78 0
 181 0030 FFF7FEFF 		bl	Vehicle_CAN_ReceiveMsg1
 182              	.LVL16:
  79:CAN.c         ****                             break;
 183              		.loc 1 79 0
 184 0034 0EE0     		b	.L12
 185              	.L17:
  80:CAN.c         ****                             case 2u : Vehicle_CAN_ReceiveMsg2();
 186              		.loc 1 80 0
 187 0036 FFF7FEFF 		bl	Vehicle_CAN_ReceiveMsg2
 188              	.LVL17:
  81:CAN.c         ****                             break;
 189              		.loc 1 81 0
 190 003a 0BE0     		b	.L12
 191              	.L18:
  82:CAN.c         ****                             case 3u : Vehicle_CAN_ReceiveMsg3();
 192              		.loc 1 82 0
 193 003c FFF7FEFF 		bl	Vehicle_CAN_ReceiveMsg3
 194              	.LVL18:
  83:CAN.c         ****                             break;
 195              		.loc 1 83 0
 196 0040 08E0     		b	.L12
 197              	.L19:
  84:CAN.c         ****                             case 4u : Vehicle_CAN_ReceiveMsg4();
 198              		.loc 1 84 0
 199 0042 FFF7FEFF 		bl	Vehicle_CAN_ReceiveMsg4
 200              	.LVL19:
ARM GAS  C:\Users\Timmo\AppData\Local\Temp\cchWrsGW.s 			page 6


  85:CAN.c         ****                             break;
 201              		.loc 1 85 0
 202 0046 05E0     		b	.L12
 203              	.L20:
  86:CAN.c         ****                             case 5u : Vehicle_CAN_ReceiveMsg5();
 204              		.loc 1 86 0
 205 0048 FFF7FEFF 		bl	Vehicle_CAN_ReceiveMsg5
 206              	.LVL20:
  87:CAN.c         ****                             break;
 207              		.loc 1 87 0
 208 004c 02E0     		b	.L12
 209              	.L13:
  88:CAN.c         ****                             default:
  89:CAN.c         ****                             break;
  90:CAN.c         ****                         }
  91:CAN.c         ****                     }
  92:CAN.c         ****                     else
  93:CAN.c         ****                     {
  94:CAN.c         ****                         /* RX Basic mailbox handler */
  95:CAN.c         ****                         Vehicle_CAN_ReceiveMsg(mailboxNumber);
 210              		.loc 1 95 0
 211 004e 2046     		mov	r0, r4
 212 0050 FFF7FEFF 		bl	Vehicle_CAN_ReceiveMsg
 213              	.LVL21:
 214              	.L12:
  96:CAN.c         ****                     }
  97:CAN.c         ****             }
  98:CAN.c         ****             shift <<= 1u;
 215              		.loc 1 98 0 discriminator 2
 216 0054 6D00     		lsls	r5, r5, #1
 217              	.LVL22:
 218 0056 ADB2     		uxth	r5, r5
 219              	.LVL23:
  66:CAN.c         ****         {
 220              		.loc 1 66 0 discriminator 2
 221 0058 0134     		adds	r4, r4, #1
 222              	.LVL24:
 223 005a E4B2     		uxtb	r4, r4
 224              	.LVL25:
 225              	.L11:
  66:CAN.c         ****         {
 226              		.loc 1 66 0 is_stmt 0 discriminator 1
 227 005c 0F2C     		cmp	r4, #15
 228 005e D6D9     		bls	.L21
  99:CAN.c         ****         }
 100:CAN.c         ****     }
 229              		.loc 1 100 0 is_stmt 1
 230 0060 38BD     		pop	{r3, r4, r5, pc}
 231              	.LVL26:
 232              	.L24:
 233 0062 00BF     		.align	2
 234              	.L23:
 235 0064 00A00040 		.word	1073782784
 236 0068 08A00040 		.word	1073782792
 237              		.cfi_endproc
 238              	.LFE65:
 239              		.size	checkForNewCanData, .-checkForNewCanData
ARM GAS  C:\Users\Timmo\AppData\Local\Temp\cchWrsGW.s 			page 7


 240              		.global	rxData2
 241              		.global	rxData1
 242              		.global	testData2
 243              		.global	testData1
 244              		.data
 245              		.align	1
 246              		.set	.LANCHOR0,. + 0
 247              		.type	testData1, %object
 248              		.size	testData1, 1
 249              	testData1:
 250 0000 AC       		.byte	-84
 251 0001 00       		.space	1
 252              		.type	testData2, %object
 253              		.size	testData2, 2
 254              	testData2:
 255 0002 3333     		.short	13107
 256              		.bss
 257              		.align	1
 258              		.set	.LANCHOR1,. + 0
 259              		.type	rxData1, %object
 260              		.size	rxData1, 1
 261              	rxData1:
 262 0000 00       		.space	1
 263 0001 00       		.space	1
 264              		.type	rxData2, %object
 265              		.size	rxData2, 2
 266              	rxData2:
 267 0002 0000     		.space	2
 268              		.text
 269              	.Letext0:
 270              		.file 2 "c:\\program files (x86)\\cypress\\psoc creator\\4.2\\psoc creator\\import\\gnu\\arm\\5.4.
 271              		.file 3 "c:\\program files (x86)\\cypress\\psoc creator\\4.2\\psoc creator\\import\\gnu\\arm\\5.4.
 272              		.file 4 "Generated_Source\\PSoC5/cytypes.h"
 273              		.file 5 "Generated_Source\\PSoC5/Vehicle_CAN.h"
 274              		.file 6 "Generated_Source\\PSoC5/core_cm3.h"
 275              		.section	.debug_info,"",%progbits
 276              	.Ldebug_info0:
 277 0000 FB030000 		.4byte	0x3fb
 278 0004 0400     		.2byte	0x4
 279 0006 00000000 		.4byte	.Ldebug_abbrev0
 280 000a 04       		.byte	0x4
 281 000b 01       		.uleb128 0x1
 282 000c C2000000 		.4byte	.LASF52
 283 0010 0C       		.byte	0xc
 284 0011 36030000 		.4byte	.LASF53
 285 0015 44030000 		.4byte	.LASF54
 286 0019 00000000 		.4byte	.Ldebug_ranges0+0
 287 001d 00000000 		.4byte	0
 288 0021 00000000 		.4byte	.Ldebug_line0
 289 0025 02       		.uleb128 0x2
 290 0026 01       		.byte	0x1
 291 0027 06       		.byte	0x6
 292 0028 A8000000 		.4byte	.LASF0
 293 002c 03       		.uleb128 0x3
 294 002d 36000000 		.4byte	.LASF3
 295 0031 02       		.byte	0x2
 296 0032 1D       		.byte	0x1d
ARM GAS  C:\Users\Timmo\AppData\Local\Temp\cchWrsGW.s 			page 8


 297 0033 37000000 		.4byte	0x37
 298 0037 02       		.uleb128 0x2
 299 0038 01       		.byte	0x1
 300 0039 08       		.byte	0x8
 301 003a B4000000 		.4byte	.LASF1
 302 003e 02       		.uleb128 0x2
 303 003f 02       		.byte	0x2
 304 0040 05       		.byte	0x5
 305 0041 FA020000 		.4byte	.LASF2
 306 0045 03       		.uleb128 0x3
 307 0046 18020000 		.4byte	.LASF4
 308 004a 02       		.byte	0x2
 309 004b 2B       		.byte	0x2b
 310 004c 50000000 		.4byte	0x50
 311 0050 02       		.uleb128 0x2
 312 0051 02       		.byte	0x2
 313 0052 07       		.byte	0x7
 314 0053 77000000 		.4byte	.LASF5
 315 0057 03       		.uleb128 0x3
 316 0058 5E000000 		.4byte	.LASF6
 317 005c 02       		.byte	0x2
 318 005d 3F       		.byte	0x3f
 319 005e 62000000 		.4byte	0x62
 320 0062 02       		.uleb128 0x2
 321 0063 04       		.byte	0x4
 322 0064 05       		.byte	0x5
 323 0065 21030000 		.4byte	.LASF7
 324 0069 02       		.uleb128 0x2
 325 006a 04       		.byte	0x4
 326 006b 07       		.byte	0x7
 327 006c 64010000 		.4byte	.LASF8
 328 0070 02       		.uleb128 0x2
 329 0071 08       		.byte	0x8
 330 0072 05       		.byte	0x5
 331 0073 D0020000 		.4byte	.LASF9
 332 0077 02       		.uleb128 0x2
 333 0078 08       		.byte	0x8
 334 0079 07       		.byte	0x7
 335 007a 66020000 		.4byte	.LASF10
 336 007e 04       		.uleb128 0x4
 337 007f 04       		.byte	0x4
 338 0080 05       		.byte	0x5
 339 0081 696E7400 		.ascii	"int\000"
 340 0085 02       		.uleb128 0x2
 341 0086 04       		.byte	0x4
 342 0087 07       		.byte	0x7
 343 0088 59020000 		.4byte	.LASF11
 344 008c 03       		.uleb128 0x3
 345 008d 7D020000 		.4byte	.LASF12
 346 0091 03       		.byte	0x3
 347 0092 18       		.byte	0x18
 348 0093 2C000000 		.4byte	0x2c
 349 0097 03       		.uleb128 0x3
 350 0098 0A030000 		.4byte	.LASF13
 351 009c 03       		.byte	0x3
 352 009d 24       		.byte	0x24
 353 009e 45000000 		.4byte	0x45
ARM GAS  C:\Users\Timmo\AppData\Local\Temp\cchWrsGW.s 			page 9


 354 00a2 03       		.uleb128 0x3
 355 00a3 A3020000 		.4byte	.LASF14
 356 00a7 03       		.byte	0x3
 357 00a8 2C       		.byte	0x2c
 358 00a9 57000000 		.4byte	0x57
 359 00ad 05       		.uleb128 0x5
 360 00ae 98020000 		.4byte	.LASF15
 361 00b2 04       		.byte	0x4
 362 00b3 E401     		.2byte	0x1e4
 363 00b5 37000000 		.4byte	0x37
 364 00b9 05       		.uleb128 0x5
 365 00ba 45020000 		.4byte	.LASF16
 366 00be 04       		.byte	0x4
 367 00bf E501     		.2byte	0x1e5
 368 00c1 50000000 		.4byte	0x50
 369 00c5 02       		.uleb128 0x2
 370 00c6 04       		.byte	0x4
 371 00c7 04       		.byte	0x4
 372 00c8 A2000000 		.4byte	.LASF17
 373 00cc 02       		.uleb128 0x2
 374 00cd 08       		.byte	0x8
 375 00ce 04       		.byte	0x4
 376 00cf 23020000 		.4byte	.LASF18
 377 00d3 02       		.uleb128 0x2
 378 00d4 01       		.byte	0x1
 379 00d5 08       		.byte	0x8
 380 00d6 DE020000 		.4byte	.LASF19
 381 00da 05       		.uleb128 0x5
 382 00db 9E020000 		.4byte	.LASF20
 383 00df 04       		.byte	0x4
 384 00e0 8E02     		.2byte	0x28e
 385 00e2 E6000000 		.4byte	0xe6
 386 00e6 06       		.uleb128 0x6
 387 00e7 AD000000 		.4byte	0xad
 388 00eb 05       		.uleb128 0x5
 389 00ec 04030000 		.4byte	.LASF21
 390 00f0 04       		.byte	0x4
 391 00f1 8F02     		.2byte	0x28f
 392 00f3 F7000000 		.4byte	0xf7
 393 00f7 06       		.uleb128 0x6
 394 00f8 B9000000 		.4byte	0xb9
 395 00fc 02       		.uleb128 0x2
 396 00fd 08       		.byte	0x8
 397 00fe 04       		.byte	0x4
 398 00ff 2A030000 		.4byte	.LASF22
 399 0103 02       		.uleb128 0x2
 400 0104 04       		.byte	0x4
 401 0105 07       		.byte	0x7
 402 0106 AB020000 		.4byte	.LASF23
 403 010a 07       		.uleb128 0x7
 404 010b 04       		.byte	0x4
 405 010c 05       		.byte	0x5
 406 010d 7B       		.byte	0x7b
 407 010e 1F010000 		.4byte	0x11f
 408 0112 08       		.uleb128 0x8
 409 0113 8A000000 		.4byte	.LASF55
 410 0117 05       		.byte	0x5
ARM GAS  C:\Users\Timmo\AppData\Local\Temp\cchWrsGW.s 			page 10


 411 0118 7D       		.byte	0x7d
 412 0119 2F010000 		.4byte	0x12f
 413 011d 00       		.byte	0
 414 011e 00       		.byte	0
 415 011f 09       		.uleb128 0x9
 416 0120 DA000000 		.4byte	0xda
 417 0124 2F010000 		.4byte	0x12f
 418 0128 0A       		.uleb128 0xa
 419 0129 03010000 		.4byte	0x103
 420 012d 03       		.byte	0x3
 421 012e 00       		.byte	0
 422 012f 06       		.uleb128 0x6
 423 0130 1F010000 		.4byte	0x11f
 424 0134 03       		.uleb128 0x3
 425 0135 85020000 		.4byte	.LASF24
 426 0139 05       		.byte	0x5
 427 013a 7E       		.byte	0x7e
 428 013b 0A010000 		.4byte	0x10a
 429 013f 02       		.uleb128 0x2
 430 0140 01       		.byte	0x1
 431 0141 02       		.byte	0x2
 432 0142 40000000 		.4byte	.LASF25
 433 0146 0B       		.uleb128 0xb
 434 0147 68000000 		.4byte	.LASF32
 435 014b 01       		.byte	0x1
 436 014c 1C       		.byte	0x1c
 437 014d 00000000 		.4byte	.LFB63
 438 0151 28000000 		.4byte	.LFE63-.LFB63
 439 0155 01       		.uleb128 0x1
 440 0156 9C       		.byte	0x9c
 441 0157 ED010000 		.4byte	0x1ed
 442 015b 0C       		.uleb128 0xc
 443 015c C7010000 		.4byte	.LASF28
 444 0160 01       		.byte	0x1
 445 0161 1F       		.byte	0x1f
 446 0162 7E000000 		.4byte	0x7e
 447 0166 6C010000 		.4byte	0x16c
 448 016a 0D       		.uleb128 0xd
 449 016b 00       		.byte	0
 450 016c 0E       		.uleb128 0xe
 451 016d 3C030000 		.4byte	.LASF26
 452 0171 01       		.byte	0x1
 453 0172 22       		.byte	0x22
 454 0173 8C000000 		.4byte	0x8c
 455 0177 00000000 		.4byte	.LLST0
 456 017b 0E       		.uleb128 0xe
 457 017c 18000000 		.4byte	.LASF27
 458 0180 01       		.byte	0x1
 459 0181 23       		.byte	0x23
 460 0182 8C000000 		.4byte	0x8c
 461 0186 2F000000 		.4byte	.LLST1
 462 018a 0C       		.uleb128 0xc
 463 018b E2010000 		.4byte	.LASF29
 464 018f 01       		.byte	0x1
 465 0190 25       		.byte	0x25
 466 0191 7E000000 		.4byte	0x7e
 467 0195 9B010000 		.4byte	0x19b
ARM GAS  C:\Users\Timmo\AppData\Local\Temp\cchWrsGW.s 			page 11


 468 0199 0D       		.uleb128 0xd
 469 019a 00       		.byte	0
 470 019b 0C       		.uleb128 0xc
 471 019c FD010000 		.4byte	.LASF30
 472 01a0 01       		.byte	0x1
 473 01a1 26       		.byte	0x26
 474 01a2 7E000000 		.4byte	0x7e
 475 01a6 AC010000 		.4byte	0x1ac
 476 01aa 0D       		.uleb128 0xd
 477 01ab 00       		.byte	0
 478 01ac 0C       		.uleb128 0xc
 479 01ad B4020000 		.4byte	.LASF31
 480 01b1 01       		.byte	0x1
 481 01b2 29       		.byte	0x29
 482 01b3 7E000000 		.4byte	0x7e
 483 01b7 BD010000 		.4byte	0x1bd
 484 01bb 0D       		.uleb128 0xd
 485 01bc 00       		.byte	0
 486 01bd 0F       		.uleb128 0xf
 487 01be 0A000000 		.4byte	.LVL0
 488 01c2 5E030000 		.4byte	0x35e
 489 01c6 0F       		.uleb128 0xf
 490 01c7 18000000 		.4byte	.LVL4
 491 01cb 69030000 		.4byte	0x369
 492 01cf 10       		.uleb128 0x10
 493 01d0 1E000000 		.4byte	.LVL5
 494 01d4 74030000 		.4byte	0x374
 495 01d8 E3010000 		.4byte	0x1e3
 496 01dc 11       		.uleb128 0x11
 497 01dd 01       		.uleb128 0x1
 498 01de 50       		.byte	0x50
 499 01df 02       		.uleb128 0x2
 500 01e0 74       		.byte	0x74
 501 01e1 00       		.sleb128 0
 502 01e2 00       		.byte	0
 503 01e3 0F       		.uleb128 0xf
 504 01e4 22000000 		.4byte	.LVL6
 505 01e8 7F030000 		.4byte	0x37f
 506 01ec 00       		.byte	0
 507 01ed 0B       		.uleb128 0xb
 508 01ee 2A020000 		.4byte	.LASF33
 509 01f2 01       		.byte	0x1
 510 01f3 2D       		.byte	0x2d
 511 01f4 00000000 		.4byte	.LFB64
 512 01f8 34000000 		.4byte	.LFE64-.LFB64
 513 01fc 01       		.uleb128 0x1
 514 01fd 9C       		.byte	0x9c
 515 01fe 8F020000 		.4byte	0x28f
 516 0202 0C       		.uleb128 0xc
 517 0203 90030000 		.4byte	.LASF34
 518 0207 01       		.byte	0x1
 519 0208 2F       		.byte	0x2f
 520 0209 7E000000 		.4byte	0x7e
 521 020d 13020000 		.4byte	0x213
 522 0211 0D       		.uleb128 0xd
 523 0212 00       		.byte	0
 524 0213 0C       		.uleb128 0xc
ARM GAS  C:\Users\Timmo\AppData\Local\Temp\cchWrsGW.s 			page 12


 525 0214 76010000 		.4byte	.LASF35
 526 0218 01       		.byte	0x1
 527 0219 31       		.byte	0x31
 528 021a 7E000000 		.4byte	0x7e
 529 021e 24020000 		.4byte	0x224
 530 0222 0D       		.uleb128 0xd
 531 0223 00       		.byte	0
 532 0224 0C       		.uleb128 0xc
 533 0225 91010000 		.4byte	.LASF36
 534 0229 01       		.byte	0x1
 535 022a 32       		.byte	0x32
 536 022b 7E000000 		.4byte	0x7e
 537 022f 35020000 		.4byte	0x235
 538 0233 0D       		.uleb128 0xd
 539 0234 00       		.byte	0
 540 0235 0C       		.uleb128 0xc
 541 0236 AC010000 		.4byte	.LASF37
 542 023a 01       		.byte	0x1
 543 023b 32       		.byte	0x32
 544 023c 7E000000 		.4byte	0x7e
 545 0240 46020000 		.4byte	0x246
 546 0244 0D       		.uleb128 0xd
 547 0245 00       		.byte	0
 548 0246 10       		.uleb128 0x10
 549 0247 08000000 		.4byte	.LVL8
 550 024b 8A030000 		.4byte	0x38a
 551 024f 59020000 		.4byte	0x259
 552 0253 11       		.uleb128 0x11
 553 0254 01       		.uleb128 0x1
 554 0255 50       		.byte	0x50
 555 0256 01       		.uleb128 0x1
 556 0257 30       		.byte	0x30
 557 0258 00       		.byte	0
 558 0259 10       		.uleb128 0x10
 559 025a 0E000000 		.4byte	.LVL9
 560 025e 95030000 		.4byte	0x395
 561 0262 6C020000 		.4byte	0x26c
 562 0266 11       		.uleb128 0x11
 563 0267 01       		.uleb128 0x1
 564 0268 50       		.byte	0x50
 565 0269 01       		.uleb128 0x1
 566 026a 30       		.byte	0x30
 567 026b 00       		.byte	0
 568 026c 10       		.uleb128 0x10
 569 026d 18000000 		.4byte	.LVL10
 570 0271 A0030000 		.4byte	0x3a0
 571 0275 7F020000 		.4byte	0x27f
 572 0279 11       		.uleb128 0x11
 573 027a 01       		.uleb128 0x1
 574 027b 50       		.byte	0x50
 575 027c 01       		.uleb128 0x1
 576 027d 30       		.byte	0x30
 577 027e 00       		.byte	0
 578 027f 12       		.uleb128 0x12
 579 0280 22000000 		.4byte	.LVL11
 580 0284 AB030000 		.4byte	0x3ab
 581 0288 11       		.uleb128 0x11
ARM GAS  C:\Users\Timmo\AppData\Local\Temp\cchWrsGW.s 			page 13


 582 0289 01       		.uleb128 0x1
 583 028a 50       		.byte	0x50
 584 028b 01       		.uleb128 0x1
 585 028c 30       		.byte	0x30
 586 028d 00       		.byte	0
 587 028e 00       		.byte	0
 588 028f 0B       		.uleb128 0xb
 589 0290 8F000000 		.4byte	.LASF38
 590 0294 01       		.byte	0x1
 591 0295 39       		.byte	0x39
 592 0296 00000000 		.4byte	.LFB65
 593 029a 6C000000 		.4byte	.LFE65-.LFB65
 594 029e 01       		.uleb128 0x1
 595 029f 9C       		.byte	0x9c
 596 02a0 09030000 		.4byte	0x309
 597 02a4 0E       		.uleb128 0xe
 598 02a5 13030000 		.4byte	.LASF39
 599 02a9 01       		.byte	0x1
 600 02aa 3B       		.byte	0x3b
 601 02ab AD000000 		.4byte	0xad
 602 02af 42000000 		.4byte	.LLST2
 603 02b3 0E       		.uleb128 0xe
 604 02b4 20000000 		.4byte	.LASF40
 605 02b8 01       		.byte	0x1
 606 02b9 3C       		.byte	0x3c
 607 02ba B9000000 		.4byte	0xb9
 608 02be 6C000000 		.4byte	.LLST3
 609 02c2 0F       		.uleb128 0xf
 610 02c3 2E000000 		.4byte	.LVL15
 611 02c7 ED010000 		.4byte	0x1ed
 612 02cb 0F       		.uleb128 0xf
 613 02cc 34000000 		.4byte	.LVL16
 614 02d0 B6030000 		.4byte	0x3b6
 615 02d4 0F       		.uleb128 0xf
 616 02d5 3A000000 		.4byte	.LVL17
 617 02d9 C2030000 		.4byte	0x3c2
 618 02dd 0F       		.uleb128 0xf
 619 02de 40000000 		.4byte	.LVL18
 620 02e2 CE030000 		.4byte	0x3ce
 621 02e6 0F       		.uleb128 0xf
 622 02e7 46000000 		.4byte	.LVL19
 623 02eb DA030000 		.4byte	0x3da
 624 02ef 0F       		.uleb128 0xf
 625 02f0 4C000000 		.4byte	.LVL20
 626 02f4 E6030000 		.4byte	0x3e6
 627 02f8 12       		.uleb128 0x12
 628 02f9 54000000 		.4byte	.LVL21
 629 02fd F2030000 		.4byte	0x3f2
 630 0301 11       		.uleb128 0x11
 631 0302 01       		.uleb128 0x1
 632 0303 50       		.byte	0x50
 633 0304 02       		.uleb128 0x2
 634 0305 74       		.byte	0x74
 635 0306 00       		.sleb128 0
 636 0307 00       		.byte	0
 637 0308 00       		.byte	0
 638 0309 13       		.uleb128 0x13
ARM GAS  C:\Users\Timmo\AppData\Local\Temp\cchWrsGW.s 			page 14


 639 030a 4C020000 		.4byte	.LASF41
 640 030e 06       		.byte	0x6
 641 030f 1207     		.2byte	0x712
 642 0311 15030000 		.4byte	0x315
 643 0315 06       		.uleb128 0x6
 644 0316 A2000000 		.4byte	0xa2
 645 031a 14       		.uleb128 0x14
 646 031b 50010000 		.4byte	.LASF42
 647 031f 01       		.byte	0x1
 648 0320 15       		.byte	0x15
 649 0321 8C000000 		.4byte	0x8c
 650 0325 05       		.uleb128 0x5
 651 0326 03       		.byte	0x3
 652 0327 00000000 		.4byte	testData1
 653 032b 14       		.uleb128 0x14
 654 032c 5A010000 		.4byte	.LASF43
 655 0330 01       		.byte	0x1
 656 0331 16       		.byte	0x16
 657 0332 97000000 		.4byte	0x97
 658 0336 05       		.uleb128 0x5
 659 0337 03       		.byte	0x3
 660 0338 00000000 		.4byte	testData2
 661 033c 14       		.uleb128 0x14
 662 033d 26000000 		.4byte	.LASF44
 663 0341 01       		.byte	0x1
 664 0342 17       		.byte	0x17
 665 0343 8C000000 		.4byte	0x8c
 666 0347 05       		.uleb128 0x5
 667 0348 03       		.byte	0x3
 668 0349 00000000 		.4byte	rxData1
 669 034d 14       		.uleb128 0x14
 670 034e 2E000000 		.4byte	.LASF45
 671 0352 01       		.byte	0x1
 672 0353 18       		.byte	0x18
 673 0354 97000000 		.4byte	0x97
 674 0358 05       		.uleb128 0x5
 675 0359 03       		.byte	0x3
 676 035a 00000000 		.4byte	rxData2
 677 035e 15       		.uleb128 0x15
 678 035f C7010000 		.4byte	.LASF28
 679 0363 C7010000 		.4byte	.LASF28
 680 0367 01       		.byte	0x1
 681 0368 1F       		.byte	0x1f
 682 0369 15       		.uleb128 0x15
 683 036a E2010000 		.4byte	.LASF29
 684 036e E2010000 		.4byte	.LASF29
 685 0372 01       		.byte	0x1
 686 0373 25       		.byte	0x25
 687 0374 15       		.uleb128 0x15
 688 0375 FD010000 		.4byte	.LASF30
 689 0379 FD010000 		.4byte	.LASF30
 690 037d 01       		.byte	0x1
 691 037e 26       		.byte	0x26
 692 037f 15       		.uleb128 0x15
 693 0380 B4020000 		.4byte	.LASF31
 694 0384 B4020000 		.4byte	.LASF31
 695 0388 01       		.byte	0x1
ARM GAS  C:\Users\Timmo\AppData\Local\Temp\cchWrsGW.s 			page 15


 696 0389 29       		.byte	0x29
 697 038a 15       		.uleb128 0x15
 698 038b 90030000 		.4byte	.LASF34
 699 038f 90030000 		.4byte	.LASF34
 700 0393 01       		.byte	0x1
 701 0394 2F       		.byte	0x2f
 702 0395 15       		.uleb128 0x15
 703 0396 76010000 		.4byte	.LASF35
 704 039a 76010000 		.4byte	.LASF35
 705 039e 01       		.byte	0x1
 706 039f 31       		.byte	0x31
 707 03a0 15       		.uleb128 0x15
 708 03a1 91010000 		.4byte	.LASF36
 709 03a5 91010000 		.4byte	.LASF36
 710 03a9 01       		.byte	0x1
 711 03aa 32       		.byte	0x32
 712 03ab 15       		.uleb128 0x15
 713 03ac AC010000 		.4byte	.LASF37
 714 03b0 AC010000 		.4byte	.LASF37
 715 03b4 01       		.byte	0x1
 716 03b5 32       		.byte	0x32
 717 03b6 16       		.uleb128 0x16
 718 03b7 A3030000 		.4byte	.LASF46
 719 03bb A3030000 		.4byte	.LASF46
 720 03bf 05       		.byte	0x5
 721 03c0 3801     		.2byte	0x138
 722 03c2 16       		.uleb128 0x16
 723 03c3 BB030000 		.4byte	.LASF47
 724 03c7 BB030000 		.4byte	.LASF47
 725 03cb 05       		.byte	0x5
 726 03cc 3B01     		.2byte	0x13b
 727 03ce 16       		.uleb128 0x16
 728 03cf D3030000 		.4byte	.LASF48
 729 03d3 D3030000 		.4byte	.LASF48
 730 03d7 05       		.byte	0x5
 731 03d8 3E01     		.2byte	0x13e
 732 03da 16       		.uleb128 0x16
 733 03db 00000000 		.4byte	.LASF49
 734 03df 00000000 		.4byte	.LASF49
 735 03e3 05       		.byte	0x5
 736 03e4 4101     		.2byte	0x141
 737 03e6 16       		.uleb128 0x16
 738 03e7 46000000 		.4byte	.LASF50
 739 03eb 46000000 		.4byte	.LASF50
 740 03ef 05       		.byte	0x5
 741 03f0 4401     		.2byte	0x144
 742 03f2 16       		.uleb128 0x16
 743 03f3 E3020000 		.4byte	.LASF51
 744 03f7 E3020000 		.4byte	.LASF51
 745 03fb 05       		.byte	0x5
 746 03fc 1A01     		.2byte	0x11a
 747 03fe 00       		.byte	0
 748              		.section	.debug_abbrev,"",%progbits
 749              	.Ldebug_abbrev0:
 750 0000 01       		.uleb128 0x1
 751 0001 11       		.uleb128 0x11
 752 0002 01       		.byte	0x1
ARM GAS  C:\Users\Timmo\AppData\Local\Temp\cchWrsGW.s 			page 16


 753 0003 25       		.uleb128 0x25
 754 0004 0E       		.uleb128 0xe
 755 0005 13       		.uleb128 0x13
 756 0006 0B       		.uleb128 0xb
 757 0007 03       		.uleb128 0x3
 758 0008 0E       		.uleb128 0xe
 759 0009 1B       		.uleb128 0x1b
 760 000a 0E       		.uleb128 0xe
 761 000b 55       		.uleb128 0x55
 762 000c 17       		.uleb128 0x17
 763 000d 11       		.uleb128 0x11
 764 000e 01       		.uleb128 0x1
 765 000f 10       		.uleb128 0x10
 766 0010 17       		.uleb128 0x17
 767 0011 00       		.byte	0
 768 0012 00       		.byte	0
 769 0013 02       		.uleb128 0x2
 770 0014 24       		.uleb128 0x24
 771 0015 00       		.byte	0
 772 0016 0B       		.uleb128 0xb
 773 0017 0B       		.uleb128 0xb
 774 0018 3E       		.uleb128 0x3e
 775 0019 0B       		.uleb128 0xb
 776 001a 03       		.uleb128 0x3
 777 001b 0E       		.uleb128 0xe
 778 001c 00       		.byte	0
 779 001d 00       		.byte	0
 780 001e 03       		.uleb128 0x3
 781 001f 16       		.uleb128 0x16
 782 0020 00       		.byte	0
 783 0021 03       		.uleb128 0x3
 784 0022 0E       		.uleb128 0xe
 785 0023 3A       		.uleb128 0x3a
 786 0024 0B       		.uleb128 0xb
 787 0025 3B       		.uleb128 0x3b
 788 0026 0B       		.uleb128 0xb
 789 0027 49       		.uleb128 0x49
 790 0028 13       		.uleb128 0x13
 791 0029 00       		.byte	0
 792 002a 00       		.byte	0
 793 002b 04       		.uleb128 0x4
 794 002c 24       		.uleb128 0x24
 795 002d 00       		.byte	0
 796 002e 0B       		.uleb128 0xb
 797 002f 0B       		.uleb128 0xb
 798 0030 3E       		.uleb128 0x3e
 799 0031 0B       		.uleb128 0xb
 800 0032 03       		.uleb128 0x3
 801 0033 08       		.uleb128 0x8
 802 0034 00       		.byte	0
 803 0035 00       		.byte	0
 804 0036 05       		.uleb128 0x5
 805 0037 16       		.uleb128 0x16
 806 0038 00       		.byte	0
 807 0039 03       		.uleb128 0x3
 808 003a 0E       		.uleb128 0xe
 809 003b 3A       		.uleb128 0x3a
ARM GAS  C:\Users\Timmo\AppData\Local\Temp\cchWrsGW.s 			page 17


 810 003c 0B       		.uleb128 0xb
 811 003d 3B       		.uleb128 0x3b
 812 003e 05       		.uleb128 0x5
 813 003f 49       		.uleb128 0x49
 814 0040 13       		.uleb128 0x13
 815 0041 00       		.byte	0
 816 0042 00       		.byte	0
 817 0043 06       		.uleb128 0x6
 818 0044 35       		.uleb128 0x35
 819 0045 00       		.byte	0
 820 0046 49       		.uleb128 0x49
 821 0047 13       		.uleb128 0x13
 822 0048 00       		.byte	0
 823 0049 00       		.byte	0
 824 004a 07       		.uleb128 0x7
 825 004b 13       		.uleb128 0x13
 826 004c 01       		.byte	0x1
 827 004d 0B       		.uleb128 0xb
 828 004e 0B       		.uleb128 0xb
 829 004f 3A       		.uleb128 0x3a
 830 0050 0B       		.uleb128 0xb
 831 0051 3B       		.uleb128 0x3b
 832 0052 0B       		.uleb128 0xb
 833 0053 01       		.uleb128 0x1
 834 0054 13       		.uleb128 0x13
 835 0055 00       		.byte	0
 836 0056 00       		.byte	0
 837 0057 08       		.uleb128 0x8
 838 0058 0D       		.uleb128 0xd
 839 0059 00       		.byte	0
 840 005a 03       		.uleb128 0x3
 841 005b 0E       		.uleb128 0xe
 842 005c 3A       		.uleb128 0x3a
 843 005d 0B       		.uleb128 0xb
 844 005e 3B       		.uleb128 0x3b
 845 005f 0B       		.uleb128 0xb
 846 0060 49       		.uleb128 0x49
 847 0061 13       		.uleb128 0x13
 848 0062 38       		.uleb128 0x38
 849 0063 0B       		.uleb128 0xb
 850 0064 00       		.byte	0
 851 0065 00       		.byte	0
 852 0066 09       		.uleb128 0x9
 853 0067 01       		.uleb128 0x1
 854 0068 01       		.byte	0x1
 855 0069 49       		.uleb128 0x49
 856 006a 13       		.uleb128 0x13
 857 006b 01       		.uleb128 0x1
 858 006c 13       		.uleb128 0x13
 859 006d 00       		.byte	0
 860 006e 00       		.byte	0
 861 006f 0A       		.uleb128 0xa
 862 0070 21       		.uleb128 0x21
 863 0071 00       		.byte	0
 864 0072 49       		.uleb128 0x49
 865 0073 13       		.uleb128 0x13
 866 0074 2F       		.uleb128 0x2f
ARM GAS  C:\Users\Timmo\AppData\Local\Temp\cchWrsGW.s 			page 18


 867 0075 0B       		.uleb128 0xb
 868 0076 00       		.byte	0
 869 0077 00       		.byte	0
 870 0078 0B       		.uleb128 0xb
 871 0079 2E       		.uleb128 0x2e
 872 007a 01       		.byte	0x1
 873 007b 3F       		.uleb128 0x3f
 874 007c 19       		.uleb128 0x19
 875 007d 03       		.uleb128 0x3
 876 007e 0E       		.uleb128 0xe
 877 007f 3A       		.uleb128 0x3a
 878 0080 0B       		.uleb128 0xb
 879 0081 3B       		.uleb128 0x3b
 880 0082 0B       		.uleb128 0xb
 881 0083 27       		.uleb128 0x27
 882 0084 19       		.uleb128 0x19
 883 0085 11       		.uleb128 0x11
 884 0086 01       		.uleb128 0x1
 885 0087 12       		.uleb128 0x12
 886 0088 06       		.uleb128 0x6
 887 0089 40       		.uleb128 0x40
 888 008a 18       		.uleb128 0x18
 889 008b 9742     		.uleb128 0x2117
 890 008d 19       		.uleb128 0x19
 891 008e 01       		.uleb128 0x1
 892 008f 13       		.uleb128 0x13
 893 0090 00       		.byte	0
 894 0091 00       		.byte	0
 895 0092 0C       		.uleb128 0xc
 896 0093 2E       		.uleb128 0x2e
 897 0094 01       		.byte	0x1
 898 0095 3F       		.uleb128 0x3f
 899 0096 19       		.uleb128 0x19
 900 0097 03       		.uleb128 0x3
 901 0098 0E       		.uleb128 0xe
 902 0099 3A       		.uleb128 0x3a
 903 009a 0B       		.uleb128 0xb
 904 009b 3B       		.uleb128 0x3b
 905 009c 0B       		.uleb128 0xb
 906 009d 49       		.uleb128 0x49
 907 009e 13       		.uleb128 0x13
 908 009f 3C       		.uleb128 0x3c
 909 00a0 19       		.uleb128 0x19
 910 00a1 01       		.uleb128 0x1
 911 00a2 13       		.uleb128 0x13
 912 00a3 00       		.byte	0
 913 00a4 00       		.byte	0
 914 00a5 0D       		.uleb128 0xd
 915 00a6 18       		.uleb128 0x18
 916 00a7 00       		.byte	0
 917 00a8 00       		.byte	0
 918 00a9 00       		.byte	0
 919 00aa 0E       		.uleb128 0xe
 920 00ab 34       		.uleb128 0x34
 921 00ac 00       		.byte	0
 922 00ad 03       		.uleb128 0x3
 923 00ae 0E       		.uleb128 0xe
ARM GAS  C:\Users\Timmo\AppData\Local\Temp\cchWrsGW.s 			page 19


 924 00af 3A       		.uleb128 0x3a
 925 00b0 0B       		.uleb128 0xb
 926 00b1 3B       		.uleb128 0x3b
 927 00b2 0B       		.uleb128 0xb
 928 00b3 49       		.uleb128 0x49
 929 00b4 13       		.uleb128 0x13
 930 00b5 02       		.uleb128 0x2
 931 00b6 17       		.uleb128 0x17
 932 00b7 00       		.byte	0
 933 00b8 00       		.byte	0
 934 00b9 0F       		.uleb128 0xf
 935 00ba 898201   		.uleb128 0x4109
 936 00bd 00       		.byte	0
 937 00be 11       		.uleb128 0x11
 938 00bf 01       		.uleb128 0x1
 939 00c0 31       		.uleb128 0x31
 940 00c1 13       		.uleb128 0x13
 941 00c2 00       		.byte	0
 942 00c3 00       		.byte	0
 943 00c4 10       		.uleb128 0x10
 944 00c5 898201   		.uleb128 0x4109
 945 00c8 01       		.byte	0x1
 946 00c9 11       		.uleb128 0x11
 947 00ca 01       		.uleb128 0x1
 948 00cb 31       		.uleb128 0x31
 949 00cc 13       		.uleb128 0x13
 950 00cd 01       		.uleb128 0x1
 951 00ce 13       		.uleb128 0x13
 952 00cf 00       		.byte	0
 953 00d0 00       		.byte	0
 954 00d1 11       		.uleb128 0x11
 955 00d2 8A8201   		.uleb128 0x410a
 956 00d5 00       		.byte	0
 957 00d6 02       		.uleb128 0x2
 958 00d7 18       		.uleb128 0x18
 959 00d8 9142     		.uleb128 0x2111
 960 00da 18       		.uleb128 0x18
 961 00db 00       		.byte	0
 962 00dc 00       		.byte	0
 963 00dd 12       		.uleb128 0x12
 964 00de 898201   		.uleb128 0x4109
 965 00e1 01       		.byte	0x1
 966 00e2 11       		.uleb128 0x11
 967 00e3 01       		.uleb128 0x1
 968 00e4 31       		.uleb128 0x31
 969 00e5 13       		.uleb128 0x13
 970 00e6 00       		.byte	0
 971 00e7 00       		.byte	0
 972 00e8 13       		.uleb128 0x13
 973 00e9 34       		.uleb128 0x34
 974 00ea 00       		.byte	0
 975 00eb 03       		.uleb128 0x3
 976 00ec 0E       		.uleb128 0xe
 977 00ed 3A       		.uleb128 0x3a
 978 00ee 0B       		.uleb128 0xb
 979 00ef 3B       		.uleb128 0x3b
 980 00f0 05       		.uleb128 0x5
ARM GAS  C:\Users\Timmo\AppData\Local\Temp\cchWrsGW.s 			page 20


 981 00f1 49       		.uleb128 0x49
 982 00f2 13       		.uleb128 0x13
 983 00f3 3F       		.uleb128 0x3f
 984 00f4 19       		.uleb128 0x19
 985 00f5 3C       		.uleb128 0x3c
 986 00f6 19       		.uleb128 0x19
 987 00f7 00       		.byte	0
 988 00f8 00       		.byte	0
 989 00f9 14       		.uleb128 0x14
 990 00fa 34       		.uleb128 0x34
 991 00fb 00       		.byte	0
 992 00fc 03       		.uleb128 0x3
 993 00fd 0E       		.uleb128 0xe
 994 00fe 3A       		.uleb128 0x3a
 995 00ff 0B       		.uleb128 0xb
 996 0100 3B       		.uleb128 0x3b
 997 0101 0B       		.uleb128 0xb
 998 0102 49       		.uleb128 0x49
 999 0103 13       		.uleb128 0x13
 1000 0104 3F       		.uleb128 0x3f
 1001 0105 19       		.uleb128 0x19
 1002 0106 02       		.uleb128 0x2
 1003 0107 18       		.uleb128 0x18
 1004 0108 00       		.byte	0
 1005 0109 00       		.byte	0
 1006 010a 15       		.uleb128 0x15
 1007 010b 2E       		.uleb128 0x2e
 1008 010c 00       		.byte	0
 1009 010d 3F       		.uleb128 0x3f
 1010 010e 19       		.uleb128 0x19
 1011 010f 3C       		.uleb128 0x3c
 1012 0110 19       		.uleb128 0x19
 1013 0111 6E       		.uleb128 0x6e
 1014 0112 0E       		.uleb128 0xe
 1015 0113 03       		.uleb128 0x3
 1016 0114 0E       		.uleb128 0xe
 1017 0115 3A       		.uleb128 0x3a
 1018 0116 0B       		.uleb128 0xb
 1019 0117 3B       		.uleb128 0x3b
 1020 0118 0B       		.uleb128 0xb
 1021 0119 00       		.byte	0
 1022 011a 00       		.byte	0
 1023 011b 16       		.uleb128 0x16
 1024 011c 2E       		.uleb128 0x2e
 1025 011d 00       		.byte	0
 1026 011e 3F       		.uleb128 0x3f
 1027 011f 19       		.uleb128 0x19
 1028 0120 3C       		.uleb128 0x3c
 1029 0121 19       		.uleb128 0x19
 1030 0122 6E       		.uleb128 0x6e
 1031 0123 0E       		.uleb128 0xe
 1032 0124 03       		.uleb128 0x3
 1033 0125 0E       		.uleb128 0xe
 1034 0126 3A       		.uleb128 0x3a
 1035 0127 0B       		.uleb128 0xb
 1036 0128 3B       		.uleb128 0x3b
 1037 0129 05       		.uleb128 0x5
ARM GAS  C:\Users\Timmo\AppData\Local\Temp\cchWrsGW.s 			page 21


 1038 012a 00       		.byte	0
 1039 012b 00       		.byte	0
 1040 012c 00       		.byte	0
 1041              		.section	.debug_loc,"",%progbits
 1042              	.Ldebug_loc0:
 1043              	.LLST0:
 1044 0000 0C000000 		.4byte	.LVL1
 1045 0004 14000000 		.4byte	.LVL3
 1046 0008 0500     		.2byte	0x5
 1047 000a 70       		.byte	0x70
 1048 000b 00       		.sleb128 0
 1049 000c 30       		.byte	0x30
 1050 000d 2E       		.byte	0x2e
 1051 000e 9F       		.byte	0x9f
 1052 000f 14000000 		.4byte	.LVL3
 1053 0013 17000000 		.4byte	.LVL4-1
 1054 0017 0E00     		.2byte	0xe
 1055 0019 03       		.byte	0x3
 1056 001a 00000000 		.4byte	testData2
 1057 001e 94       		.byte	0x94
 1058 001f 02       		.byte	0x2
 1059 0020 0A       		.byte	0xa
 1060 0021 FFFF     		.2byte	0xffff
 1061 0023 1A       		.byte	0x1a
 1062 0024 30       		.byte	0x30
 1063 0025 2E       		.byte	0x2e
 1064 0026 9F       		.byte	0x9f
 1065 0027 00000000 		.4byte	0
 1066 002b 00000000 		.4byte	0
 1067              	.LLST1:
 1068 002f 0E000000 		.4byte	.LVL2
 1069 0033 24000000 		.4byte	.LVL7
 1070 0037 0100     		.2byte	0x1
 1071 0039 54       		.byte	0x54
 1072 003a 00000000 		.4byte	0
 1073 003e 00000000 		.4byte	0
 1074              	.LLST2:
 1075 0042 08000000 		.4byte	.LVL13
 1076 0046 0E000000 		.4byte	.LVL14
 1077 004a 0200     		.2byte	0x2
 1078 004c 30       		.byte	0x30
 1079 004d 9F       		.byte	0x9f
 1080 004e 0E000000 		.4byte	.LVL14
 1081 0052 5A000000 		.4byte	.LVL24
 1082 0056 0100     		.2byte	0x1
 1083 0058 54       		.byte	0x54
 1084 0059 5C000000 		.4byte	.LVL25
 1085 005d 62000000 		.4byte	.LVL26
 1086 0061 0100     		.2byte	0x1
 1087 0063 54       		.byte	0x54
 1088 0064 00000000 		.4byte	0
 1089 0068 00000000 		.4byte	0
 1090              	.LLST3:
 1091 006c 02000000 		.4byte	.LVL12
 1092 0070 0E000000 		.4byte	.LVL14
 1093 0074 0200     		.2byte	0x2
 1094 0076 31       		.byte	0x31
ARM GAS  C:\Users\Timmo\AppData\Local\Temp\cchWrsGW.s 			page 22


 1095 0077 9F       		.byte	0x9f
 1096 0078 0E000000 		.4byte	.LVL14
 1097 007c 56000000 		.4byte	.LVL22
 1098 0080 0100     		.2byte	0x1
 1099 0082 55       		.byte	0x55
 1100 0083 58000000 		.4byte	.LVL23
 1101 0087 62000000 		.4byte	.LVL26
 1102 008b 0100     		.2byte	0x1
 1103 008d 55       		.byte	0x55
 1104 008e 00000000 		.4byte	0
 1105 0092 00000000 		.4byte	0
 1106              		.section	.debug_aranges,"",%progbits
 1107 0000 2C000000 		.4byte	0x2c
 1108 0004 0200     		.2byte	0x2
 1109 0006 00000000 		.4byte	.Ldebug_info0
 1110 000a 04       		.byte	0x4
 1111 000b 00       		.byte	0
 1112 000c 0000     		.2byte	0
 1113 000e 0000     		.2byte	0
 1114 0010 00000000 		.4byte	.LFB63
 1115 0014 28000000 		.4byte	.LFE63-.LFB63
 1116 0018 00000000 		.4byte	.LFB64
 1117 001c 34000000 		.4byte	.LFE64-.LFB64
 1118 0020 00000000 		.4byte	.LFB65
 1119 0024 6C000000 		.4byte	.LFE65-.LFB65
 1120 0028 00000000 		.4byte	0
 1121 002c 00000000 		.4byte	0
 1122              		.section	.debug_ranges,"",%progbits
 1123              	.Ldebug_ranges0:
 1124 0000 00000000 		.4byte	.LFB63
 1125 0004 28000000 		.4byte	.LFE63
 1126 0008 00000000 		.4byte	.LFB64
 1127 000c 34000000 		.4byte	.LFE64
 1128 0010 00000000 		.4byte	.LFB65
 1129 0014 6C000000 		.4byte	.LFE65
 1130 0018 00000000 		.4byte	0
 1131 001c 00000000 		.4byte	0
 1132              		.section	.debug_line,"",%progbits
 1133              	.Ldebug_line0:
 1134 0000 CD010000 		.section	.debug_str,"MS",%progbits,1
 1134      02005C01 
 1134      00000201 
 1134      FB0E0D00 
 1134      01010101 
 1135              	.LASF49:
 1136 0000 56656869 		.ascii	"Vehicle_CAN_ReceiveMsg4\000"
 1136      636C655F 
 1136      43414E5F 
 1136      52656365 
 1136      6976654D 
 1137              	.LASF27:
 1138 0018 6D735F62 		.ascii	"ms_byte\000"
 1138      79746500 
 1139              	.LASF40:
 1140 0020 73686966 		.ascii	"shift\000"
 1140      7400
 1141              	.LASF44:
ARM GAS  C:\Users\Timmo\AppData\Local\Temp\cchWrsGW.s 			page 23


 1142 0026 72784461 		.ascii	"rxData1\000"
 1142      74613100 
 1143              	.LASF45:
 1144 002e 72784461 		.ascii	"rxData2\000"
 1144      74613200 
 1145              	.LASF3:
 1146 0036 5F5F7569 		.ascii	"__uint8_t\000"
 1146      6E74385F 
 1146      7400
 1147              	.LASF25:
 1148 0040 5F426F6F 		.ascii	"_Bool\000"
 1148      6C00
 1149              	.LASF50:
 1150 0046 56656869 		.ascii	"Vehicle_CAN_ReceiveMsg5\000"
 1150      636C655F 
 1150      43414E5F 
 1150      52656365 
 1150      6976654D 
 1151              	.LASF6:
 1152 005e 5F5F696E 		.ascii	"__int32_t\000"
 1152      7433325F 
 1152      7400
 1153              	.LASF32:
 1154 0068 54785F54 		.ascii	"Tx_TestMessage\000"
 1154      6573744D 
 1154      65737361 
 1154      676500
 1155              	.LASF5:
 1156 0077 73686F72 		.ascii	"short unsigned int\000"
 1156      7420756E 
 1156      7369676E 
 1156      65642069 
 1156      6E7400
 1157              	.LASF55:
 1158 008a 62797465 		.ascii	"byte\000"
 1158      00
 1159              	.LASF38:
 1160 008f 63686563 		.ascii	"checkForNewCanData\000"
 1160      6B466F72 
 1160      4E657743 
 1160      616E4461 
 1160      746100
 1161              	.LASF17:
 1162 00a2 666C6F61 		.ascii	"float\000"
 1162      7400
 1163              	.LASF0:
 1164 00a8 7369676E 		.ascii	"signed char\000"
 1164      65642063 
 1164      68617200 
 1165              	.LASF1:
 1166 00b4 756E7369 		.ascii	"unsigned char\000"
 1166      676E6564 
 1166      20636861 
 1166      7200
 1167              	.LASF52:
 1168 00c2 474E5520 		.ascii	"GNU C11 5.4.1 20160609 (release) [ARM/embedded-5-br"
 1168      43313120 
ARM GAS  C:\Users\Timmo\AppData\Local\Temp\cchWrsGW.s 			page 24


 1168      352E342E 
 1168      31203230 
 1168      31363036 
 1169 00f5 616E6368 		.ascii	"anch revision 237715] -mcpu=cortex-m3 -mthumb -g -O"
 1169      20726576 
 1169      6973696F 
 1169      6E203233 
 1169      37373135 
 1170 0128 67202D66 		.ascii	"g -ffunction-sections -ffat-lto-objects\000"
 1170      66756E63 
 1170      74696F6E 
 1170      2D736563 
 1170      74696F6E 
 1171              	.LASF42:
 1172 0150 74657374 		.ascii	"testData1\000"
 1172      44617461 
 1172      3100
 1173              	.LASF43:
 1174 015a 74657374 		.ascii	"testData2\000"
 1174      44617461 
 1174      3200
 1175              	.LASF8:
 1176 0164 6C6F6E67 		.ascii	"long unsigned int\000"
 1176      20756E73 
 1176      69676E65 
 1176      6420696E 
 1176      7400
 1177              	.LASF35:
 1178 0176 56656869 		.ascii	"Vehicle_CAN_RX_DATA_BYTE_1\000"
 1178      636C655F 
 1178      43414E5F 
 1178      52585F44 
 1178      4154415F 
 1179              	.LASF36:
 1180 0191 56656869 		.ascii	"Vehicle_CAN_RX_DATA_BYTE_2\000"
 1180      636C655F 
 1180      43414E5F 
 1180      52585F44 
 1180      4154415F 
 1181              	.LASF37:
 1182 01ac 56656869 		.ascii	"Vehicle_CAN_RX_DATA_BYTE_3\000"
 1182      636C655F 
 1182      43414E5F 
 1182      52585F44 
 1182      4154415F 
 1183              	.LASF28:
 1184 01c7 56656869 		.ascii	"Vehicle_CAN_TX_DATA_BYTE_1\000"
 1184      636C655F 
 1184      43414E5F 
 1184      54585F44 
 1184      4154415F 
 1185              	.LASF29:
 1186 01e2 56656869 		.ascii	"Vehicle_CAN_TX_DATA_BYTE_2\000"
 1186      636C655F 
 1186      43414E5F 
 1186      54585F44 
 1186      4154415F 
ARM GAS  C:\Users\Timmo\AppData\Local\Temp\cchWrsGW.s 			page 25


 1187              	.LASF30:
 1188 01fd 56656869 		.ascii	"Vehicle_CAN_TX_DATA_BYTE_3\000"
 1188      636C655F 
 1188      43414E5F 
 1188      54585F44 
 1188      4154415F 
 1189              	.LASF4:
 1190 0218 5F5F7569 		.ascii	"__uint16_t\000"
 1190      6E743136 
 1190      5F7400
 1191              	.LASF18:
 1192 0223 646F7562 		.ascii	"double\000"
 1192      6C6500
 1193              	.LASF33:
 1194 022a 56656869 		.ascii	"Vehicle_CAN_Recieve_DbgMsg\000"
 1194      636C655F 
 1194      43414E5F 
 1194      52656369 
 1194      6576655F 
 1195              	.LASF16:
 1196 0245 75696E74 		.ascii	"uint16\000"
 1196      313600
 1197              	.LASF41:
 1198 024c 49544D5F 		.ascii	"ITM_RxBuffer\000"
 1198      52784275 
 1198      66666572 
 1198      00
 1199              	.LASF11:
 1200 0259 756E7369 		.ascii	"unsigned int\000"
 1200      676E6564 
 1200      20696E74 
 1200      00
 1201              	.LASF10:
 1202 0266 6C6F6E67 		.ascii	"long long unsigned int\000"
 1202      206C6F6E 
 1202      6720756E 
 1202      7369676E 
 1202      65642069 
 1203              	.LASF12:
 1204 027d 75696E74 		.ascii	"uint8_t\000"
 1204      385F7400 
 1205              	.LASF24:
 1206 0285 56656869 		.ascii	"Vehicle_CAN_REG_32\000"
 1206      636C655F 
 1206      43414E5F 
 1206      5245475F 
 1206      333200
 1207              	.LASF15:
 1208 0298 75696E74 		.ascii	"uint8\000"
 1208      3800
 1209              	.LASF20:
 1210 029e 72656738 		.ascii	"reg8\000"
 1210      00
 1211              	.LASF14:
 1212 02a3 696E7433 		.ascii	"int32_t\000"
 1212      325F7400 
 1213              	.LASF23:
ARM GAS  C:\Users\Timmo\AppData\Local\Temp\cchWrsGW.s 			page 26


 1214 02ab 73697A65 		.ascii	"sizetype\000"
 1214      74797065 
 1214      00
 1215              	.LASF31:
 1216 02b4 56656869 		.ascii	"Vehicle_CAN_SendMsgMailbox0\000"
 1216      636C655F 
 1216      43414E5F 
 1216      53656E64 
 1216      4D73674D 
 1217              	.LASF9:
 1218 02d0 6C6F6E67 		.ascii	"long long int\000"
 1218      206C6F6E 
 1218      6720696E 
 1218      7400
 1219              	.LASF19:
 1220 02de 63686172 		.ascii	"char\000"
 1220      00
 1221              	.LASF51:
 1222 02e3 56656869 		.ascii	"Vehicle_CAN_ReceiveMsg\000"
 1222      636C655F 
 1222      43414E5F 
 1222      52656365 
 1222      6976654D 
 1223              	.LASF2:
 1224 02fa 73686F72 		.ascii	"short int\000"
 1224      7420696E 
 1224      7400
 1225              	.LASF21:
 1226 0304 72656731 		.ascii	"reg16\000"
 1226      3600
 1227              	.LASF13:
 1228 030a 75696E74 		.ascii	"uint16_t\000"
 1228      31365F74 
 1228      00
 1229              	.LASF39:
 1230 0313 6D61696C 		.ascii	"mailboxNumber\000"
 1230      626F784E 
 1230      756D6265 
 1230      7200
 1231              	.LASF7:
 1232 0321 6C6F6E67 		.ascii	"long int\000"
 1232      20696E74 
 1232      00
 1233              	.LASF22:
 1234 032a 6C6F6E67 		.ascii	"long double\000"
 1234      20646F75 
 1234      626C6500 
 1235              	.LASF53:
 1236 0336 43414E2E 		.ascii	"CAN.c\000"
 1236      6300
 1237              	.LASF26:
 1238 033c 6C735F62 		.ascii	"ls_byte\000"
 1238      79746500 
 1239              	.LASF54:
 1240 0344 433A5C55 		.ascii	"C:\\Users\\Timmo\\Documents\\GitHub\\Software\\BMS\\"
 1240      73657273 
 1240      5C54696D 
ARM GAS  C:\Users\Timmo\AppData\Local\Temp\cchWrsGW.s 			page 27


 1240      6D6F5C44 
 1240      6F63756D 
 1241 0371 424D535F 		.ascii	"BMS_Workspace\\BMS_Master.cydsn\000"
 1241      576F726B 
 1241      73706163 
 1241      655C424D 
 1241      535F4D61 
 1242              	.LASF34:
 1243 0390 43414E5F 		.ascii	"CAN_RX_ACK_MESSAGE\000"
 1243      52585F41 
 1243      434B5F4D 
 1243      45535341 
 1243      474500
 1244              	.LASF46:
 1245 03a3 56656869 		.ascii	"Vehicle_CAN_ReceiveMsg1\000"
 1245      636C655F 
 1245      43414E5F 
 1245      52656365 
 1245      6976654D 
 1246              	.LASF47:
 1247 03bb 56656869 		.ascii	"Vehicle_CAN_ReceiveMsg2\000"
 1247      636C655F 
 1247      43414E5F 
 1247      52656365 
 1247      6976654D 
 1248              	.LASF48:
 1249 03d3 56656869 		.ascii	"Vehicle_CAN_ReceiveMsg3\000"
 1249      636C655F 
 1249      43414E5F 
 1249      52656365 
 1249      6976654D 
 1250              		.ident	"GCC: (GNU Tools for ARM Embedded Processors) 5.4.1 20160609 (release) [ARM/embedded-5-bran
