ARM GAS  C:\Users\Timmo\AppData\Local\Temp\cc5Hoemm.s 			page 1


   1              		.syntax unified
   2              		.cpu cortex-m3
   3              		.fpu softvfp
   4              		.eabi_attribute 20, 1
   5              		.eabi_attribute 21, 1
   6              		.eabi_attribute 23, 3
   7              		.eabi_attribute 24, 1
   8              		.eabi_attribute 25, 1
   9              		.eabi_attribute 26, 1
  10              		.eabi_attribute 30, 1
  11              		.eabi_attribute 34, 1
  12              		.eabi_attribute 18, 4
  13              		.thumb
  14              		.syntax unified
  15              		.file	"cymetadata.c"
  16              		.text
  17              	.Ltext0:
  18              		.cfi_sections	.debug_frame
  19              		.global	cy_metadata
  20              		.global	cy_meta_flashprotect
  21              		.global	cy_meta_wonvl
  22              		.global	cy_meta_custnvl
  23              		.global	cy_meta_configecc
  24              		.section	.cyconfigecc,"a",%progbits
  25              		.align	2
  26              		.type	cy_meta_configecc, %object
  27              		.size	cy_meta_configecc, 1356
  28              	cy_meta_configecc:
  29 0000 03       		.byte	3
  30 0001 52       		.byte	82
  31 0002 00       		.byte	0
  32 0003 40       		.byte	64
  33 0004 02       		.byte	2
  34 0005 64       		.byte	100
  35 0006 00       		.byte	0
  36 0007 40       		.byte	64
  37 0008 02       		.byte	2
  38 0009 65       		.byte	101
  39 000a 00       		.byte	0
  40 000b 40       		.byte	64
  41 000c 42       		.byte	66
  42 000d 04       		.byte	4
  43 000e 01       		.byte	1
  44 000f 40       		.byte	64
  45 0010 2C       		.byte	44
  46 0011 05       		.byte	5
  47 0012 01       		.byte	1
  48 0013 40       		.byte	64
  49 0014 57       		.byte	87
  50 0015 06       		.byte	6
  51 0016 01       		.byte	1
  52 0017 40       		.byte	64
  53 0018 3C       		.byte	60
  54 0019 07       		.byte	7
  55 001a 01       		.byte	1
  56 001b 40       		.byte	64
  57 001c 01       		.byte	1
ARM GAS  C:\Users\Timmo\AppData\Local\Temp\cc5Hoemm.s 			page 2


  58 001d 0B       		.byte	11
  59 001e 01       		.byte	1
  60 001f 40       		.byte	64
  61 0020 5E       		.byte	94
  62 0021 14       		.byte	20
  63 0022 01       		.byte	1
  64 0023 40       		.byte	64
  65 0024 45       		.byte	69
  66 0025 15       		.byte	21
  67 0026 01       		.byte	1
  68 0027 40       		.byte	64
  69 0028 13       		.byte	19
  70 0029 16       		.byte	22
  71 002a 01       		.byte	1
  72 002b 40       		.byte	64
  73 002c 3C       		.byte	60
  74 002d 17       		.byte	23
  75 002e 01       		.byte	1
  76 002f 40       		.byte	64
  77 0030 02       		.byte	2
  78 0031 1B       		.byte	27
  79 0032 01       		.byte	1
  80 0033 40       		.byte	64
  81 0034 02       		.byte	2
  82 0035 41       		.byte	65
  83 0036 01       		.byte	1
  84 0037 40       		.byte	64
  85 0038 03       		.byte	3
  86 0039 42       		.byte	66
  87 003a 01       		.byte	1
  88 003b 40       		.byte	64
  89 003c 02       		.byte	2
  90 003d 43       		.byte	67
  91 003e 01       		.byte	1
  92 003f 40       		.byte	64
  93 0040 02       		.byte	2
  94 0041 45       		.byte	69
  95 0042 01       		.byte	1
  96 0043 40       		.byte	64
  97 0044 04       		.byte	4
  98 0045 46       		.byte	70
  99 0046 01       		.byte	1
 100 0047 40       		.byte	64
 101 0048 02       		.byte	2
 102 0049 47       		.byte	71
 103 004a 01       		.byte	1
 104 004b 40       		.byte	64
 105 004c 06       		.byte	6
 106 004d 4C       		.byte	76
 107 004e 01       		.byte	1
 108 004f 40       		.byte	64
 109 0050 09       		.byte	9
 110 0051 4D       		.byte	77
 111 0052 01       		.byte	1
 112 0053 40       		.byte	64
 113 0054 04       		.byte	4
 114 0055 50       		.byte	80
ARM GAS  C:\Users\Timmo\AppData\Local\Temp\cc5Hoemm.s 			page 3


 115 0056 01       		.byte	1
 116 0057 40       		.byte	64
 117 0058 09       		.byte	9
 118 0059 40       		.byte	64
 119 005a 10       		.byte	16
 120 005b 80       		.byte	-128
 121 005c 64       		.byte	100
 122 005d 08       		.byte	8
 123 005e 84       		.byte	-124
 124 005f 72       		.byte	114
 125 0060 86       		.byte	-122
 126 0061 38       		.byte	56
 127 0062 86       		.byte	-122
 128 0063 0F       		.byte	15
 129 0064 87       		.byte	-121
 130 0065 0F       		.byte	15
 131 0066 01       		.byte	1
 132 0067 80       		.byte	-128
 133 0068 04       		.byte	4
 134 0069 03       		.byte	3
 135 006a 05       		.byte	5
 136 006b 40       		.byte	64
 137 006c 08       		.byte	8
 138 006d 33       		.byte	51
 139 006e 0A       		.byte	10
 140 006f 0C       		.byte	12
 141 0070 0B       		.byte	11
 142 0071 20       		.byte	32
 143 0072 0C       		.byte	12
 144 0073 01       		.byte	1
 145 0074 0F       		.byte	15
 146 0075 1E       		.byte	30
 147 0076 10       		.byte	16
 148 0077 02       		.byte	2
 149 0078 11       		.byte	17
 150 0079 E0       		.byte	-32
 151 007a 13       		.byte	19
 152 007b 16       		.byte	22
 153 007c 14       		.byte	20
 154 007d 1C       		.byte	28
 155 007e 15       		.byte	21
 156 007f C0       		.byte	-64
 157 0080 16       		.byte	22
 158 0081 23       		.byte	35
 159 0082 18       		.byte	24
 160 0083 3F       		.byte	63
 161 0084 19       		.byte	25
 162 0085 FE       		.byte	-2
 163 0086 1C       		.byte	28
 164 0087 1F       		.byte	31
 165 0088 1D       		.byte	29
 166 0089 04       		.byte	4
 167 008a 1E       		.byte	30
 168 008b 20       		.byte	32
 169 008c 20       		.byte	32
 170 008d 08       		.byte	8
 171 008e 21       		.byte	33
ARM GAS  C:\Users\Timmo\AppData\Local\Temp\cc5Hoemm.s 			page 4


 172 008f 22       		.byte	34
 173 0090 23       		.byte	35
 174 0091 01       		.byte	1
 175 0092 24       		.byte	36
 176 0093 04       		.byte	4
 177 0094 25       		.byte	37
 178 0095 06       		.byte	6
 179 0096 28       		.byte	40
 180 0097 0C       		.byte	12
 181 0098 29       		.byte	41
 182 0099 3E       		.byte	62
 183 009a 2B       		.byte	43
 184 009b C0       		.byte	-64
 185 009c 2D       		.byte	45
 186 009d E0       		.byte	-32
 187 009e 2E       		.byte	46
 188 009f 23       		.byte	35
 189 00a0 2F       		.byte	47
 190 00a1 0E       		.byte	14
 191 00a2 30       		.byte	48
 192 00a3 10       		.byte	16
 193 00a4 33       		.byte	51
 194 00a5 F8       		.byte	-8
 195 00a6 34       		.byte	52
 196 00a7 0F       		.byte	15
 197 00a8 35       		.byte	53
 198 00a9 01       		.byte	1
 199 00aa 36       		.byte	54
 200 00ab 2C       		.byte	44
 201 00ac 37       		.byte	55
 202 00ad 06       		.byte	6
 203 00ae 3A       		.byte	58
 204 00af A0       		.byte	-96
 205 00b0 3B       		.byte	59
 206 00b1 08       		.byte	8
 207 00b2 3E       		.byte	62
 208 00b3 01       		.byte	1
 209 00b4 56       		.byte	86
 210 00b5 02       		.byte	2
 211 00b6 57       		.byte	87
 212 00b7 13       		.byte	19
 213 00b8 58       		.byte	88
 214 00b9 04       		.byte	4
 215 00ba 59       		.byte	89
 216 00bb 04       		.byte	4
 217 00bc 5B       		.byte	91
 218 00bd 04       		.byte	4
 219 00be 5C       		.byte	92
 220 00bf 11       		.byte	17
 221 00c0 5D       		.byte	93
 222 00c1 10       		.byte	16
 223 00c2 5F       		.byte	95
 224 00c3 01       		.byte	1
 225 00c4 88       		.byte	-120
 226 00c5 07       		.byte	7
 227 00c6 8C       		.byte	-116
 228 00c7 06       		.byte	6
ARM GAS  C:\Users\Timmo\AppData\Local\Temp\cc5Hoemm.s 			page 5


 229 00c8 8E       		.byte	-114
 230 00c9 01       		.byte	1
 231 00ca 92       		.byte	-110
 232 00cb 01       		.byte	1
 233 00cc 94       		.byte	-108
 234 00cd 06       		.byte	6
 235 00ce 98       		.byte	-104
 236 00cf 01       		.byte	1
 237 00d0 9A       		.byte	-102
 238 00d1 06       		.byte	6
 239 00d2 9E       		.byte	-98
 240 00d3 08       		.byte	8
 241 00d4 A2       		.byte	-94
 242 00d5 08       		.byte	8
 243 00d6 A4       		.byte	-92
 244 00d7 07       		.byte	7
 245 00d8 A8       		.byte	-88
 246 00d9 02       		.byte	2
 247 00da AC       		.byte	-84
 248 00db 04       		.byte	4
 249 00dc B2       		.byte	-78
 250 00dd 08       		.byte	8
 251 00de B6       		.byte	-74
 252 00df 07       		.byte	7
 253 00e0 BA       		.byte	-70
 254 00e1 20       		.byte	32
 255 00e2 BE       		.byte	-66
 256 00e3 04       		.byte	4
 257 00e4 D8       		.byte	-40
 258 00e5 04       		.byte	4
 259 00e6 DC       		.byte	-36
 260 00e7 01       		.byte	1
 261 00e8 DF       		.byte	-33
 262 00e9 01       		.byte	1
 263 00ea 01       		.byte	1
 264 00eb 20       		.byte	32
 265 00ec 02       		.byte	2
 266 00ed 01       		.byte	1
 267 00ee 03       		.byte	3
 268 00ef 20       		.byte	32
 269 00f0 05       		.byte	5
 270 00f1 90       		.byte	-112
 271 00f2 08       		.byte	8
 272 00f3 01       		.byte	1
 273 00f4 09       		.byte	9
 274 00f5 28       		.byte	40
 275 00f6 0A       		.byte	10
 276 00f7 82       		.byte	-126
 277 00f8 0C       		.byte	12
 278 00f9 40       		.byte	64
 279 00fa 0E       		.byte	14
 280 00fb 06       		.byte	6
 281 00fc 0F       		.byte	15
 282 00fd 50       		.byte	80
 283 00fe 10       		.byte	16
 284 00ff A0       		.byte	-96
 285 0100 13       		.byte	19
ARM GAS  C:\Users\Timmo\AppData\Local\Temp\cc5Hoemm.s 			page 6


 286 0101 50       		.byte	80
 287 0102 15       		.byte	21
 288 0103 08       		.byte	8
 289 0104 16       		.byte	22
 290 0105 4A       		.byte	74
 291 0106 19       		.byte	25
 292 0107 A1       		.byte	-95
 293 0108 1A       		.byte	26
 294 0109 06       		.byte	6
 295 010a 1D       		.byte	29
 296 010b 30       		.byte	48
 297 010c 1E       		.byte	30
 298 010d 22       		.byte	34
 299 010e 21       		.byte	33
 300 010f 1C       		.byte	28
 301 0110 23       		.byte	35
 302 0111 01       		.byte	1
 303 0112 29       		.byte	41
 304 0113 A0       		.byte	-96
 305 0114 2A       		.byte	42
 306 0115 01       		.byte	1
 307 0116 2B       		.byte	43
 308 0117 20       		.byte	32
 309 0118 30       		.byte	48
 310 0119 08       		.byte	8
 311 011a 31       		.byte	49
 312 011b 20       		.byte	32
 313 011c 32       		.byte	50
 314 011d 42       		.byte	66
 315 011e 39       		.byte	57
 316 011f 20       		.byte	32
 317 0120 3A       		.byte	58
 318 0121 0A       		.byte	10
 319 0122 3B       		.byte	59
 320 0123 40       		.byte	64
 321 0124 59       		.byte	89
 322 0125 01       		.byte	1
 323 0126 69       		.byte	105
 324 0127 54       		.byte	84
 325 0128 70       		.byte	112
 326 0129 A8       		.byte	-88
 327 012a 72       		.byte	114
 328 012b 0A       		.byte	10
 329 012c 73       		.byte	115
 330 012d 10       		.byte	16
 331 012e 81       		.byte	-127
 332 012f 08       		.byte	8
 333 0130 82       		.byte	-126
 334 0131 02       		.byte	2
 335 0132 C0       		.byte	-64
 336 0133 C7       		.byte	-57
 337 0134 C2       		.byte	-62
 338 0135 FF       		.byte	-1
 339 0136 C4       		.byte	-60
 340 0137 FF       		.byte	-1
 341 0138 CA       		.byte	-54
 342 0139 0F       		.byte	15
ARM GAS  C:\Users\Timmo\AppData\Local\Temp\cc5Hoemm.s 			page 7


 343 013a CC       		.byte	-52
 344 013b 0F       		.byte	15
 345 013c CE       		.byte	-50
 346 013d 0F       		.byte	15
 347 013e D6       		.byte	-42
 348 013f 01       		.byte	1
 349 0140 E8       		.byte	-24
 350 0141 80       		.byte	-128
 351 0142 01       		.byte	1
 352 0143 0D       		.byte	13
 353 0144 03       		.byte	3
 354 0145 10       		.byte	16
 355 0146 08       		.byte	8
 356 0147 04       		.byte	4
 357 0148 09       		.byte	9
 358 0149 14       		.byte	20
 359 014a 0B       		.byte	11
 360 014b 2B       		.byte	43
 361 014c 0D       		.byte	13
 362 014d 10       		.byte	16
 363 014e 0E       		.byte	14
 364 014f 01       		.byte	1
 365 0150 0F       		.byte	15
 366 0151 27       		.byte	39
 367 0152 11       		.byte	17
 368 0153 38       		.byte	56
 369 0154 14       		.byte	20
 370 0155 01       		.byte	1
 371 0156 17       		.byte	23
 372 0157 02       		.byte	2
 373 0158 1A       		.byte	26
 374 0159 02       		.byte	2
 375 015a 1E       		.byte	30
 376 015b 02       		.byte	2
 377 015c 26       		.byte	38
 378 015d 01       		.byte	1
 379 015e 28       		.byte	40
 380 015f 01       		.byte	1
 381 0160 32       		.byte	50
 382 0161 02       		.byte	2
 383 0162 34       		.byte	52
 384 0163 04       		.byte	4
 385 0164 35       		.byte	53
 386 0165 03       		.byte	3
 387 0166 36       		.byte	54
 388 0167 01       		.byte	1
 389 0168 37       		.byte	55
 390 0169 3C       		.byte	60
 391 016a 38       		.byte	56
 392 016b 80       		.byte	-128
 393 016c 39       		.byte	57
 394 016d 80       		.byte	-128
 395 016e 3E       		.byte	62
 396 016f 14       		.byte	20
 397 0170 40       		.byte	64
 398 0171 65       		.byte	101
 399 0172 41       		.byte	65
ARM GAS  C:\Users\Timmo\AppData\Local\Temp\cc5Hoemm.s 			page 8


 400 0173 02       		.byte	2
 401 0174 42       		.byte	66
 402 0175 04       		.byte	4
 403 0176 44       		.byte	68
 404 0177 01       		.byte	1
 405 0178 45       		.byte	69
 406 0179 0E       		.byte	14
 407 017a 46       		.byte	70
 408 017b 0C       		.byte	12
 409 017c 48       		.byte	72
 410 017d 05       		.byte	5
 411 017e 49       		.byte	73
 412 017f FF       		.byte	-1
 413 0180 4A       		.byte	74
 414 0181 FF       		.byte	-1
 415 0182 4B       		.byte	75
 416 0183 FF       		.byte	-1
 417 0184 4C       		.byte	76
 418 0185 62       		.byte	98
 419 0186 4D       		.byte	77
 420 0187 A0       		.byte	-96
 421 0188 4E       		.byte	78
 422 0189 F0       		.byte	-16
 423 018a 4F       		.byte	79
 424 018b 41       		.byte	65
 425 018c 50       		.byte	80
 426 018d 0C       		.byte	12
 427 018e 54       		.byte	84
 428 018f 18       		.byte	24
 429 0190 58       		.byte	88
 430 0191 04       		.byte	4
 431 0192 59       		.byte	89
 432 0193 04       		.byte	4
 433 0194 5A       		.byte	90
 434 0195 04       		.byte	4
 435 0196 5B       		.byte	91
 436 0197 04       		.byte	4
 437 0198 5C       		.byte	92
 438 0199 01       		.byte	1
 439 019a 5D       		.byte	93
 440 019b 11       		.byte	17
 441 019c 5F       		.byte	95
 442 019d 01       		.byte	1
 443 019e 66       		.byte	102
 444 019f 40       		.byte	64
 445 01a0 67       		.byte	103
 446 01a1 02       		.byte	2
 447 01a2 69       		.byte	105
 448 01a3 10       		.byte	16
 449 01a4 6A       		.byte	106
 450 01a5 30       		.byte	48
 451 01a6 6B       		.byte	107
 452 01a7 10       		.byte	16
 453 01a8 6D       		.byte	109
 454 01a9 10       		.byte	16
 455 01aa 6E       		.byte	110
 456 01ab 10       		.byte	16
ARM GAS  C:\Users\Timmo\AppData\Local\Temp\cc5Hoemm.s 			page 9


 457 01ac 6F       		.byte	111
 458 01ad 12       		.byte	18
 459 01ae 81       		.byte	-127
 460 01af 22       		.byte	34
 461 01b0 83       		.byte	-125
 462 01b1 51       		.byte	81
 463 01b2 84       		.byte	-124
 464 01b3 02       		.byte	2
 465 01b4 85       		.byte	-123
 466 01b5 E7       		.byte	-25
 467 01b6 86       		.byte	-122
 468 01b7 0D       		.byte	13
 469 01b8 89       		.byte	-119
 470 01b9 E7       		.byte	-25
 471 01ba 8C       		.byte	-116
 472 01bb 29       		.byte	41
 473 01bc 8D       		.byte	-115
 474 01bd 80       		.byte	-128
 475 01be 8E       		.byte	-114
 476 01bf 16       		.byte	22
 477 01c0 90       		.byte	-112
 478 01c1 23       		.byte	35
 479 01c2 92       		.byte	-110
 480 01c3 1C       		.byte	28
 481 01c4 95       		.byte	-107
 482 01c5 44       		.byte	68
 483 01c6 97       		.byte	-105
 484 01c7 31       		.byte	49
 485 01c8 98       		.byte	-104
 486 01c9 35       		.byte	53
 487 01ca 99       		.byte	-103
 488 01cb 01       		.byte	1
 489 01cc 9A       		.byte	-102
 490 01cd 0A       		.byte	10
 491 01ce 9B       		.byte	-101
 492 01cf 0E       		.byte	14
 493 01d0 B0       		.byte	-80
 494 01d1 10       		.byte	16
 495 01d2 B1       		.byte	-79
 496 01d3 80       		.byte	-128
 497 01d4 B2       		.byte	-78
 498 01d5 20       		.byte	32
 499 01d6 B3       		.byte	-77
 500 01d7 60       		.byte	96
 501 01d8 B4       		.byte	-76
 502 01d9 0F       		.byte	15
 503 01da B5       		.byte	-75
 504 01db 07       		.byte	7
 505 01dc B7       		.byte	-73
 506 01dd 18       		.byte	24
 507 01de BA       		.byte	-70
 508 01df 20       		.byte	32
 509 01e0 BE       		.byte	-66
 510 01e1 05       		.byte	5
 511 01e2 BF       		.byte	-65
 512 01e3 40       		.byte	64
 513 01e4 D4       		.byte	-44
ARM GAS  C:\Users\Timmo\AppData\Local\Temp\cc5Hoemm.s 			page 10


 514 01e5 09       		.byte	9
 515 01e6 D8       		.byte	-40
 516 01e7 04       		.byte	4
 517 01e8 D9       		.byte	-39
 518 01e9 04       		.byte	4
 519 01ea DB       		.byte	-37
 520 01eb 04       		.byte	4
 521 01ec DC       		.byte	-36
 522 01ed 10       		.byte	16
 523 01ee DF       		.byte	-33
 524 01ef 01       		.byte	1
 525 01f0 00       		.byte	0
 526 01f1 44       		.byte	68
 527 01f2 04       		.byte	4
 528 01f3 20       		.byte	32
 529 01f4 05       		.byte	5
 530 01f5 80       		.byte	-128
 531 01f6 0A       		.byte	10
 532 01f7 88       		.byte	-120
 533 01f8 0E       		.byte	14
 534 01f9 02       		.byte	2
 535 01fa 0F       		.byte	15
 536 01fb 18       		.byte	24
 537 01fc 15       		.byte	21
 538 01fd 08       		.byte	8
 539 01fe 16       		.byte	22
 540 01ff 08       		.byte	8
 541 0200 18       		.byte	24
 542 0201 14       		.byte	20
 543 0202 19       		.byte	25
 544 0203 10       		.byte	16
 545 0204 1A       		.byte	26
 546 0205 40       		.byte	64
 547 0206 1E       		.byte	30
 548 0207 0A       		.byte	10
 549 0208 1F       		.byte	31
 550 0209 04       		.byte	4
 551 020a 21       		.byte	33
 552 020b 88       		.byte	-120
 553 020c 22       		.byte	34
 554 020d 10       		.byte	16
 555 020e 23       		.byte	35
 556 020f 40       		.byte	64
 557 0210 27       		.byte	39
 558 0211 09       		.byte	9
 559 0212 31       		.byte	49
 560 0213 08       		.byte	8
 561 0214 32       		.byte	50
 562 0215 10       		.byte	16
 563 0216 33       		.byte	51
 564 0217 20       		.byte	32
 565 0218 37       		.byte	55
 566 0219 09       		.byte	9
 567 021a 39       		.byte	57
 568 021b 54       		.byte	84
 569 021c 3A       		.byte	58
 570 021d 01       		.byte	1
ARM GAS  C:\Users\Timmo\AppData\Local\Temp\cc5Hoemm.s 			page 11


 571 021e 3C       		.byte	60
 572 021f 42       		.byte	66
 573 0220 3E       		.byte	62
 574 0221 10       		.byte	16
 575 0222 44       		.byte	68
 576 0223 40       		.byte	64
 577 0224 45       		.byte	69
 578 0225 A0       		.byte	-96
 579 0226 46       		.byte	70
 580 0227 08       		.byte	8
 581 0228 4D       		.byte	77
 582 0229 20       		.byte	32
 583 022a 4F       		.byte	79
 584 022b 58       		.byte	88
 585 022c 56       		.byte	86
 586 022d 40       		.byte	64
 587 022e 58       		.byte	88
 588 022f 10       		.byte	16
 589 0230 59       		.byte	89
 590 0231 05       		.byte	5
 591 0232 5A       		.byte	90
 592 0233 40       		.byte	64
 593 0234 5F       		.byte	95
 594 0235 01       		.byte	1
 595 0236 60       		.byte	96
 596 0237 02       		.byte	2
 597 0238 65       		.byte	101
 598 0239 40       		.byte	64
 599 023a 67       		.byte	103
 600 023b 08       		.byte	8
 601 023c 91       		.byte	-111
 602 023d 5C       		.byte	92
 603 023e 93       		.byte	-109
 604 023f 01       		.byte	1
 605 0240 97       		.byte	-105
 606 0241 40       		.byte	64
 607 0242 98       		.byte	-104
 608 0243 40       		.byte	64
 609 0244 99       		.byte	-103
 610 0245 E0       		.byte	-32
 611 0246 9A       		.byte	-102
 612 0247 01       		.byte	1
 613 0248 9C       		.byte	-100
 614 0249 01       		.byte	1
 615 024a 9E       		.byte	-98
 616 024b 40       		.byte	64
 617 024c A1       		.byte	-95
 618 024d 20       		.byte	32
 619 024e A7       		.byte	-89
 620 024f 20       		.byte	32
 621 0250 AA       		.byte	-86
 622 0251 01       		.byte	1
 623 0252 AD       		.byte	-83
 624 0253 40       		.byte	64
 625 0254 AE       		.byte	-82
 626 0255 10       		.byte	16
 627 0256 C0       		.byte	-64
ARM GAS  C:\Users\Timmo\AppData\Local\Temp\cc5Hoemm.s 			page 12


 628 0257 C5       		.byte	-59
 629 0258 C2       		.byte	-62
 630 0259 EA       		.byte	-22
 631 025a C4       		.byte	-60
 632 025b 60       		.byte	96
 633 025c CC       		.byte	-52
 634 025d C6       		.byte	-58
 635 025e CE       		.byte	-50
 636 025f BF       		.byte	-65
 637 0260 D0       		.byte	-48
 638 0261 B0       		.byte	-80
 639 0262 D2       		.byte	-46
 640 0263 30       		.byte	48
 641 0264 D6       		.byte	-42
 642 0265 8F       		.byte	-113
 643 0266 D8       		.byte	-40
 644 0267 38       		.byte	56
 645 0268 E8       		.byte	-24
 646 0269 80       		.byte	-128
 647 026a 02       		.byte	2
 648 026b 80       		.byte	-128
 649 026c 03       		.byte	3
 650 026d 4C       		.byte	76
 651 026e 04       		.byte	4
 652 026f 02       		.byte	2
 653 0270 05       		.byte	5
 654 0271 11       		.byte	17
 655 0272 06       		.byte	6
 656 0273 0D       		.byte	13
 657 0274 07       		.byte	7
 658 0275 46       		.byte	70
 659 0276 09       		.byte	9
 660 0277 11       		.byte	17
 661 0278 0B       		.byte	11
 662 0279 0E       		.byte	14
 663 027a 0C       		.byte	12
 664 027b 42       		.byte	66
 665 027c 0E       		.byte	14
 666 027d 08       		.byte	8
 667 027e 10       		.byte	16
 668 027f 0D       		.byte	13
 669 0280 12       		.byte	18
 670 0281 80       		.byte	-128
 671 0282 14       		.byte	20
 672 0283 62       		.byte	98
 673 0284 16       		.byte	22
 674 0285 14       		.byte	20
 675 0286 18       		.byte	24
 676 0287 40       		.byte	64
 677 0288 19       		.byte	25
 678 0289 4C       		.byte	76
 679 028a 1B       		.byte	27
 680 028b 13       		.byte	19
 681 028c 1C       		.byte	28
 682 028d 8D       		.byte	-115
 683 028e 20       		.byte	32
 684 028f 11       		.byte	17
ARM GAS  C:\Users\Timmo\AppData\Local\Temp\cc5Hoemm.s 			page 13


 685 0290 21       		.byte	33
 686 0291 20       		.byte	32
 687 0292 22       		.byte	34
 688 0293 22       		.byte	34
 689 0294 23       		.byte	35
 690 0295 03       		.byte	3
 691 0296 24       		.byte	36
 692 0297 8D       		.byte	-115
 693 0298 27       		.byte	39
 694 0299 08       		.byte	8
 695 029a 28       		.byte	40
 696 029b 8D       		.byte	-115
 697 029c 2C       		.byte	44
 698 029d 8D       		.byte	-115
 699 029e 30       		.byte	48
 700 029f 70       		.byte	112
 701 02a0 31       		.byte	49
 702 02a1 30       		.byte	48
 703 02a2 32       		.byte	50
 704 02a3 0F       		.byte	15
 705 02a4 33       		.byte	51
 706 02a5 4A       		.byte	74
 707 02a6 34       		.byte	52
 708 02a7 80       		.byte	-128
 709 02a8 35       		.byte	53
 710 02a9 0F       		.byte	15
 711 02aa 39       		.byte	57
 712 02ab 02       		.byte	2
 713 02ac 3A       		.byte	58
 714 02ad 0A       		.byte	10
 715 02ae 3B       		.byte	59
 716 02af 28       		.byte	40
 717 02b0 3E       		.byte	62
 718 02b1 10       		.byte	16
 719 02b2 54       		.byte	84
 720 02b3 40       		.byte	64
 721 02b4 58       		.byte	88
 722 02b5 04       		.byte	4
 723 02b6 59       		.byte	89
 724 02b7 04       		.byte	4
 725 02b8 5B       		.byte	91
 726 02b9 04       		.byte	4
 727 02ba 5C       		.byte	92
 728 02bb 10       		.byte	16
 729 02bc 5F       		.byte	95
 730 02bd 01       		.byte	1
 731 02be 85       		.byte	-123
 732 02bf 4A       		.byte	74
 733 02c0 87       		.byte	-121
 734 02c1 14       		.byte	20
 735 02c2 88       		.byte	-120
 736 02c3 10       		.byte	16
 737 02c4 89       		.byte	-119
 738 02c5 73       		.byte	115
 739 02c6 8B       		.byte	-117
 740 02c7 04       		.byte	4
 741 02c8 8C       		.byte	-116
ARM GAS  C:\Users\Timmo\AppData\Local\Temp\cc5Hoemm.s 			page 14


 742 02c9 20       		.byte	32
 743 02ca 8E       		.byte	-114
 744 02cb 03       		.byte	3
 745 02cc 93       		.byte	-109
 746 02cd 08       		.byte	8
 747 02ce 94       		.byte	-108
 748 02cf 0C       		.byte	12
 749 02d0 95       		.byte	-107
 750 02d1 73       		.byte	115
 751 02d2 96       		.byte	-106
 752 02d3 11       		.byte	17
 753 02d4 97       		.byte	-105
 754 02d5 0C       		.byte	12
 755 02d6 98       		.byte	-104
 756 02d7 1C       		.byte	28
 757 02d8 9A       		.byte	-102
 758 02d9 02       		.byte	2
 759 02da 9C       		.byte	-100
 760 02db 14       		.byte	20
 761 02dc A0       		.byte	-96
 762 02dd 09       		.byte	9
 763 02de A2       		.byte	-94
 764 02df 10       		.byte	16
 765 02e0 A3       		.byte	-93
 766 02e1 35       		.byte	53
 767 02e2 A4       		.byte	-92
 768 02e3 10       		.byte	16
 769 02e4 A5       		.byte	-91
 770 02e5 03       		.byte	3
 771 02e6 A6       		.byte	-90
 772 02e7 0C       		.byte	12
 773 02e8 A7       		.byte	-89
 774 02e9 14       		.byte	20
 775 02ea B3       		.byte	-77
 776 02eb 60       		.byte	96
 777 02ec B4       		.byte	-76
 778 02ed 20       		.byte	32
 779 02ee B5       		.byte	-75
 780 02ef 0F       		.byte	15
 781 02f0 B6       		.byte	-74
 782 02f1 1F       		.byte	31
 783 02f2 B7       		.byte	-73
 784 02f3 10       		.byte	16
 785 02f4 B9       		.byte	-71
 786 02f5 08       		.byte	8
 787 02f6 BB       		.byte	-69
 788 02f7 20       		.byte	32
 789 02f8 BE       		.byte	-66
 790 02f9 10       		.byte	16
 791 02fa BF       		.byte	-65
 792 02fb 44       		.byte	68
 793 02fc C0       		.byte	-64
 794 02fd 34       		.byte	52
 795 02fe C1       		.byte	-63
 796 02ff 06       		.byte	6
 797 0300 C5       		.byte	-59
 798 0301 EE       		.byte	-18
ARM GAS  C:\Users\Timmo\AppData\Local\Temp\cc5Hoemm.s 			page 15


 799 0302 C6       		.byte	-58
 800 0303 C0       		.byte	-64
 801 0304 C7       		.byte	-57
 802 0305 B0       		.byte	-80
 803 0306 C8       		.byte	-56
 804 0307 2B       		.byte	43
 805 0308 C9       		.byte	-55
 806 0309 FF       		.byte	-1
 807 030a CA       		.byte	-54
 808 030b FF       		.byte	-1
 809 030c CB       		.byte	-53
 810 030d FF       		.byte	-1
 811 030e CE       		.byte	-50
 812 030f F0       		.byte	-16
 813 0310 CF       		.byte	-49
 814 0311 44       		.byte	68
 815 0312 D0       		.byte	-48
 816 0313 0C       		.byte	12
 817 0314 D8       		.byte	-40
 818 0315 04       		.byte	4
 819 0316 D9       		.byte	-39
 820 0317 04       		.byte	4
 821 0318 DA       		.byte	-38
 822 0319 04       		.byte	4
 823 031a DC       		.byte	-36
 824 031b 11       		.byte	17
 825 031c DD       		.byte	-35
 826 031d 01       		.byte	1
 827 031e DF       		.byte	-33
 828 031f 01       		.byte	1
 829 0320 E6       		.byte	-26
 830 0321 C0       		.byte	-64
 831 0322 EA       		.byte	-22
 832 0323 40       		.byte	64
 833 0324 EB       		.byte	-21
 834 0325 02       		.byte	2
 835 0326 00       		.byte	0
 836 0327 40       		.byte	64
 837 0328 01       		.byte	1
 838 0329 0A       		.byte	10
 839 032a 02       		.byte	2
 840 032b 40       		.byte	64
 841 032c 05       		.byte	5
 842 032d 40       		.byte	64
 843 032e 06       		.byte	6
 844 032f 08       		.byte	8
 845 0330 0A       		.byte	10
 846 0331 51       		.byte	81
 847 0332 0B       		.byte	11
 848 0333 08       		.byte	8
 849 0334 0F       		.byte	15
 850 0335 16       		.byte	22
 851 0336 10       		.byte	16
 852 0337 28       		.byte	40
 853 0338 12       		.byte	18
 854 0339 80       		.byte	-128
 855 033a 13       		.byte	19
ARM GAS  C:\Users\Timmo\AppData\Local\Temp\cc5Hoemm.s 			page 16


 856 033b 80       		.byte	-128
 857 033c 15       		.byte	21
 858 033d 02       		.byte	2
 859 033e 17       		.byte	23
 860 033f 08       		.byte	8
 861 0340 18       		.byte	24
 862 0341 40       		.byte	64
 863 0342 19       		.byte	25
 864 0343 08       		.byte	8
 865 0344 1B       		.byte	27
 866 0345 10       		.byte	16
 867 0346 1D       		.byte	29
 868 0347 40       		.byte	64
 869 0348 1E       		.byte	30
 870 0349 04       		.byte	4
 871 034a 21       		.byte	33
 872 034b 01       		.byte	1
 873 034c 22       		.byte	34
 874 034d 12       		.byte	18
 875 034e 23       		.byte	35
 876 034f 14       		.byte	20
 877 0350 24       		.byte	36
 878 0351 04       		.byte	4
 879 0352 26       		.byte	38
 880 0353 40       		.byte	64
 881 0354 27       		.byte	39
 882 0355 18       		.byte	24
 883 0356 2A       		.byte	42
 884 0357 08       		.byte	8
 885 0358 2B       		.byte	43
 886 0359 80       		.byte	-128
 887 035a 2C       		.byte	44
 888 035b 40       		.byte	64
 889 035c 2F       		.byte	47
 890 035d A0       		.byte	-96
 891 035e 32       		.byte	50
 892 035f 10       		.byte	16
 893 0360 36       		.byte	54
 894 0361 02       		.byte	2
 895 0362 37       		.byte	55
 896 0363 08       		.byte	8
 897 0364 38       		.byte	56
 898 0365 04       		.byte	4
 899 0366 39       		.byte	57
 900 0367 02       		.byte	2
 901 0368 3B       		.byte	59
 902 0369 10       		.byte	16
 903 036a 3F       		.byte	63
 904 036b 14       		.byte	20
 905 036c 44       		.byte	68
 906 036d 40       		.byte	64
 907 036e 47       		.byte	71
 908 036f 08       		.byte	8
 909 0370 4C       		.byte	76
 910 0371 10       		.byte	16
 911 0372 4D       		.byte	77
 912 0373 01       		.byte	1
ARM GAS  C:\Users\Timmo\AppData\Local\Temp\cc5Hoemm.s 			page 17


 913 0374 4F       		.byte	79
 914 0375 10       		.byte	16
 915 0376 57       		.byte	87
 916 0377 21       		.byte	33
 917 0378 62       		.byte	98
 918 0379 50       		.byte	80
 919 037a 63       		.byte	99
 920 037b 20       		.byte	32
 921 037c 86       		.byte	-122
 922 037d 04       		.byte	4
 923 037e 92       		.byte	-110
 924 037f 51       		.byte	81
 925 0380 93       		.byte	-109
 926 0381 08       		.byte	8
 927 0382 94       		.byte	-108
 928 0383 60       		.byte	96
 929 0384 95       		.byte	-107
 930 0385 01       		.byte	1
 931 0386 99       		.byte	-103
 932 0387 02       		.byte	2
 933 0388 9A       		.byte	-102
 934 0389 18       		.byte	24
 935 038a 9B       		.byte	-101
 936 038b 80       		.byte	-128
 937 038c 9F       		.byte	-97
 938 038d 10       		.byte	16
 939 038e A0       		.byte	-96
 940 038f 28       		.byte	40
 941 0390 A2       		.byte	-94
 942 0391 80       		.byte	-128
 943 0392 A3       		.byte	-93
 944 0393 80       		.byte	-128
 945 0394 A6       		.byte	-90
 946 0395 40       		.byte	64
 947 0396 A7       		.byte	-89
 948 0397 20       		.byte	32
 949 0398 AF       		.byte	-81
 950 0399 10       		.byte	16
 951 039a C0       		.byte	-64
 952 039b CD       		.byte	-51
 953 039c C2       		.byte	-62
 954 039d EF       		.byte	-17
 955 039e C4       		.byte	-60
 956 039f 3F       		.byte	63
 957 03a0 CA       		.byte	-54
 958 03a1 C3       		.byte	-61
 959 03a2 CC       		.byte	-52
 960 03a3 C4       		.byte	-60
 961 03a4 CE       		.byte	-50
 962 03a5 67       		.byte	103
 963 03a6 D0       		.byte	-48
 964 03a7 C0       		.byte	-64
 965 03a8 D2       		.byte	-46
 966 03a9 20       		.byte	32
 967 03aa D8       		.byte	-40
 968 03ab 0E       		.byte	14
 969 03ac E0       		.byte	-32
ARM GAS  C:\Users\Timmo\AppData\Local\Temp\cc5Hoemm.s 			page 18


 970 03ad 02       		.byte	2
 971 03ae EE       		.byte	-18
 972 03af 02       		.byte	2
 973 03b0 40       		.byte	64
 974 03b1 02       		.byte	2
 975 03b2 47       		.byte	71
 976 03b3 04       		.byte	4
 977 03b4 49       		.byte	73
 978 03b5 FF       		.byte	-1
 979 03b6 4A       		.byte	74
 980 03b7 07       		.byte	7
 981 03b8 4B       		.byte	75
 982 03b9 FF       		.byte	-1
 983 03ba 4C       		.byte	76
 984 03bb 40       		.byte	64
 985 03bc 4D       		.byte	77
 986 03bd 20       		.byte	32
 987 03be 4E       		.byte	78
 988 03bf F0       		.byte	-16
 989 03c0 4F       		.byte	79
 990 03c1 05       		.byte	5
 991 03c2 50       		.byte	80
 992 03c3 08       		.byte	8
 993 03c4 54       		.byte	84
 994 03c5 01       		.byte	1
 995 03c6 5A       		.byte	90
 996 03c7 04       		.byte	4
 997 03c8 5B       		.byte	91
 998 03c9 04       		.byte	4
 999 03ca 5D       		.byte	93
 1000 03cb 11       		.byte	17
 1001 03cc 5F       		.byte	95
 1002 03cd 01       		.byte	1
 1003 03ce 60       		.byte	96
 1004 03cf 40       		.byte	64
 1005 03d0 61       		.byte	97
 1006 03d1 A8       		.byte	-88
 1007 03d2 62       		.byte	98
 1008 03d3 40       		.byte	64
 1009 03d4 63       		.byte	99
 1010 03d5 20       		.byte	32
 1011 03d6 00       		.byte	0
 1012 03d7 58       		.byte	88
 1013 03d8 02       		.byte	2
 1014 03d9 40       		.byte	64
 1015 03da 0A       		.byte	10
 1016 03db 51       		.byte	81
 1017 03dc 10       		.byte	16
 1018 03dd 28       		.byte	40
 1019 03de 12       		.byte	18
 1020 03df 81       		.byte	-127
 1021 03e0 13       		.byte	19
 1022 03e1 80       		.byte	-128
 1023 03e2 18       		.byte	24
 1024 03e3 14       		.byte	20
 1025 03e4 20       		.byte	32
 1026 03e5 0A       		.byte	10
ARM GAS  C:\Users\Timmo\AppData\Local\Temp\cc5Hoemm.s 			page 19


 1027 03e6 21       		.byte	33
 1028 03e7 04       		.byte	4
 1029 03e8 22       		.byte	34
 1030 03e9 D4       		.byte	-44
 1031 03ea 28       		.byte	40
 1032 03eb 10       		.byte	16
 1033 03ec 2A       		.byte	42
 1034 03ed 85       		.byte	-123
 1035 03ee 32       		.byte	50
 1036 03ef 54       		.byte	84
 1037 03f0 33       		.byte	51
 1038 03f1 01       		.byte	1
 1039 03f2 38       		.byte	56
 1040 03f3 80       		.byte	-128
 1041 03f4 39       		.byte	57
 1042 03f5 14       		.byte	20
 1043 03f6 40       		.byte	64
 1044 03f7 44       		.byte	68
 1045 03f8 41       		.byte	65
 1046 03f9 04       		.byte	4
 1047 03fa 42       		.byte	66
 1048 03fb 90       		.byte	-112
 1049 03fc 47       		.byte	71
 1050 03fd 10       		.byte	16
 1051 03fe 48       		.byte	72
 1052 03ff 01       		.byte	1
 1053 0400 49       		.byte	73
 1054 0401 06       		.byte	6
 1055 0402 4B       		.byte	75
 1056 0403 20       		.byte	32
 1057 0404 52       		.byte	82
 1058 0405 54       		.byte	84
 1059 0406 53       		.byte	83
 1060 0407 04       		.byte	4
 1061 0408 56       		.byte	86
 1062 0409 08       		.byte	8
 1063 040a 57       		.byte	87
 1064 040b 80       		.byte	-128
 1065 040c 5D       		.byte	93
 1066 040d 01       		.byte	1
 1067 040e 5E       		.byte	94
 1068 040f A8       		.byte	-88
 1069 0410 61       		.byte	97
 1070 0411 10       		.byte	16
 1071 0412 68       		.byte	104
 1072 0413 28       		.byte	40
 1073 0414 69       		.byte	105
 1074 0415 14       		.byte	20
 1075 0416 6A       		.byte	106
 1076 0417 40       		.byte	64
 1077 0418 6B       		.byte	107
 1078 0419 81       		.byte	-127
 1079 041a 70       		.byte	112
 1080 041b 40       		.byte	64
 1081 041c 72       		.byte	114
 1082 041d 01       		.byte	1
 1083 041e 7A       		.byte	122
ARM GAS  C:\Users\Timmo\AppData\Local\Temp\cc5Hoemm.s 			page 20


 1084 041f 10       		.byte	16
 1085 0420 7B       		.byte	123
 1086 0421 20       		.byte	32
 1087 0422 80       		.byte	-128
 1088 0423 04       		.byte	4
 1089 0424 81       		.byte	-127
 1090 0425 01       		.byte	1
 1091 0426 94       		.byte	-108
 1092 0427 60       		.byte	96
 1093 0428 96       		.byte	-106
 1094 0429 98       		.byte	-104
 1095 042a 99       		.byte	-103
 1096 042b 10       		.byte	16
 1097 042c 9C       		.byte	-100
 1098 042d 10       		.byte	16
 1099 042e 9D       		.byte	-99
 1100 042f 05       		.byte	5
 1101 0430 A2       		.byte	-94
 1102 0431 04       		.byte	4
 1103 0432 A4       		.byte	-92
 1104 0433 01       		.byte	1
 1105 0434 A8       		.byte	-88
 1106 0435 12       		.byte	18
 1107 0436 AC       		.byte	-84
 1108 0437 01       		.byte	1
 1109 0438 AD       		.byte	-83
 1110 0439 08       		.byte	8
 1111 043a C0       		.byte	-64
 1112 043b 0F       		.byte	15
 1113 043c C2       		.byte	-62
 1114 043d 0D       		.byte	13
 1115 043e C4       		.byte	-60
 1116 043f 0F       		.byte	15
 1117 0440 CA       		.byte	-54
 1118 0441 0B       		.byte	11
 1119 0442 CC       		.byte	-52
 1120 0443 0F       		.byte	15
 1121 0444 CE       		.byte	-50
 1122 0445 0E       		.byte	14
 1123 0446 D0       		.byte	-48
 1124 0447 27       		.byte	39
 1125 0448 D2       		.byte	-46
 1126 0449 0C       		.byte	12
 1127 044a D6       		.byte	-42
 1128 044b F0       		.byte	-16
 1129 044c D8       		.byte	-40
 1130 044d 04       		.byte	4
 1131 044e E0       		.byte	-32
 1132 044f 02       		.byte	2
 1133 0450 EE       		.byte	-18
 1134 0451 02       		.byte	2
 1135 0452 08       		.byte	8
 1136 0453 08       		.byte	8
 1137 0454 C2       		.byte	-62
 1138 0455 10       		.byte	16
 1139 0456 07       		.byte	7
 1140 0457 10       		.byte	16
ARM GAS  C:\Users\Timmo\AppData\Local\Temp\cc5Hoemm.s 			page 21


 1141 0458 B0       		.byte	-80
 1142 0459 08       		.byte	8
 1143 045a C0       		.byte	-64
 1144 045b 20       		.byte	32
 1145 045c AB       		.byte	-85
 1146 045d 10       		.byte	16
 1147 045e E8       		.byte	-24
 1148 045f 20       		.byte	32
 1149 0460 5D       		.byte	93
 1150 0461 02       		.byte	2
 1151 0462 D6       		.byte	-42
 1152 0463 01       		.byte	1
 1153 0464 98       		.byte	-104
 1154 0465 20       		.byte	32
 1155 0466 9D       		.byte	-99
 1156 0467 02       		.byte	2
 1157 0468 B0       		.byte	-80
 1158 0469 20       		.byte	32
 1159 046a E8       		.byte	-24
 1160 046b 01       		.byte	1
 1161 046c 98       		.byte	-104
 1162 046d 20       		.byte	32
 1163 046e 9D       		.byte	-99
 1164 046f 02       		.byte	2
 1165 0470 0D       		.byte	13
 1166 0471 01       		.byte	1
 1167 0472 61       		.byte	97
 1168 0473 02       		.byte	2
 1169 0474 98       		.byte	-104
 1170 0475 20       		.byte	32
 1171 0476 9D       		.byte	-99
 1172 0477 02       		.byte	2
 1173 0478 C2       		.byte	-62
 1174 0479 04       		.byte	4
 1175 047a D8       		.byte	-40
 1176 047b 02       		.byte	2
 1177 047c 19       		.byte	25
 1178 047d 02       		.byte	2
 1179 047e 78       		.byte	120
 1180 047f 20       		.byte	32
 1181 0480 85       		.byte	-123
 1182 0481 02       		.byte	2
 1183 0482 98       		.byte	-104
 1184 0483 20       		.byte	32
 1185 0484 9D       		.byte	-99
 1186 0485 02       		.byte	2
 1187 0486 A5       		.byte	-91
 1188 0487 02       		.byte	2
 1189 0488 AD       		.byte	-83
 1190 0489 01       		.byte	1
 1191 048a C6       		.byte	-58
 1192 048b 08       		.byte	8
 1193 048c DE       		.byte	-34
 1194 048d 02       		.byte	2
 1195 048e 00       		.byte	0
 1196 048f 03       		.byte	3
 1197 0490 0A       		.byte	10
ARM GAS  C:\Users\Timmo\AppData\Local\Temp\cc5Hoemm.s 			page 22


 1198 0491 03       		.byte	3
 1199 0492 10       		.byte	16
 1200 0493 03       		.byte	3
 1201 0494 1A       		.byte	26
 1202 0495 03       		.byte	3
 1203 0496 00       		.byte	0
 1204 0497 00       		.byte	0
 1205 0498 60       		.byte	96
 1206 0499 00       		.byte	0
 1207 049a 00       		.byte	0
 1208 049b 00       		.byte	0
 1209 049c 04       		.byte	4
 1210 049d 98       		.byte	-104
 1211 049e 00       		.byte	0
 1212 049f 02       		.byte	2
 1213 04a0 01       		.byte	1
 1214 04a1 02       		.byte	2
 1215 04a2 00       		.byte	0
 1216 04a3 98       		.byte	-104
 1217 04a4 56       		.byte	86
 1218 04a5 9A       		.byte	-102
 1219 04a6 09       		.byte	9
 1220 04a7 00       		.byte	0
 1221 04a8 04       		.byte	4
 1222 04a9 98       		.byte	-104
 1223 04aa 80       		.byte	-128
 1224 04ab 02       		.byte	2
 1225 04ac 0A       		.byte	10
 1226 04ad 21       		.byte	33
 1227 04ae 10       		.byte	16
 1228 04af D8       		.byte	-40
 1229 04b0 00       		.byte	0
 1230 04b1 38       		.byte	56
 1231 04b2 00       		.byte	0
 1232 04b3 C0       		.byte	-64
 1233 04b4 84       		.byte	-124
 1234 04b5 13       		.byte	19
 1235 04b6 00       		.byte	0
 1236 04b7 64       		.byte	100
 1237 04b8 07       		.byte	7
 1238 04b9 9A       		.byte	-102
 1239 04ba 38       		.byte	56
 1240 04bb 00       		.byte	0
 1241 04bc 84       		.byte	-124
 1242 04bd 02       		.byte	2
 1243 04be 00       		.byte	0
 1244 04bf 00       		.byte	0
 1245 04c0 80       		.byte	-128
 1246 04c1 00       		.byte	0
 1247 04c2 04       		.byte	4
 1248 04c3 00       		.byte	0
 1249 04c4 84       		.byte	-124
 1250 04c5 FC       		.byte	-4
 1251 04c6 00       		.byte	0
 1252 04c7 03       		.byte	3
 1253 04c8 00       		.byte	0
 1254 04c9 00       		.byte	0
ARM GAS  C:\Users\Timmo\AppData\Local\Temp\cc5Hoemm.s 			page 23


 1255 04ca 7F       		.byte	127
 1256 04cb 0F       		.byte	15
 1257 04cc 80       		.byte	-128
 1258 04cd E0       		.byte	-32
 1259 04ce 00       		.byte	0
 1260 04cf 13       		.byte	19
 1261 04d0 08       		.byte	8
 1262 04d1 00       		.byte	0
 1263 04d2 00       		.byte	0
 1264 04d3 28       		.byte	40
 1265 04d4 00       		.byte	0
 1266 04d5 00       		.byte	0
 1267 04d6 10       		.byte	16
 1268 04d7 00       		.byte	0
 1269 04d8 34       		.byte	52
 1270 04d9 05       		.byte	5
 1271 04da 20       		.byte	32
 1272 04db 00       		.byte	0
 1273 04dc 06       		.byte	6
 1274 04dd DE       		.byte	-34
 1275 04de FB       		.byte	-5
 1276 04df 0C       		.byte	12
 1277 04e0 1F       		.byte	31
 1278 04e1 FF       		.byte	-1
 1279 04e2 FF       		.byte	-1
 1280 04e3 FF       		.byte	-1
 1281 04e4 22       		.byte	34
 1282 04e5 00       		.byte	0
 1283 04e6 F0       		.byte	-16
 1284 04e7 08       		.byte	8
 1285 04e8 04       		.byte	4
 1286 04e9 00       		.byte	0
 1287 04ea 00       		.byte	0
 1288 04eb 00       		.byte	0
 1289 04ec 00       		.byte	0
 1290 04ed 00       		.byte	0
 1291 04ee 02       		.byte	2
 1292 04ef 24       		.byte	36
 1293 04f0 04       		.byte	4
 1294 04f1 04       		.byte	4
 1295 04f2 04       		.byte	4
 1296 04f3 04       		.byte	4
 1297 04f4 00       		.byte	0
 1298 04f5 00       		.byte	0
 1299 04f6 00       		.byte	0
 1300 04f7 01       		.byte	1
 1301 04f8 00       		.byte	0
 1302 04f9 00       		.byte	0
 1303 04fa C0       		.byte	-64
 1304 04fb 00       		.byte	0
 1305 04fc 40       		.byte	64
 1306 04fd 01       		.byte	1
 1307 04fe 10       		.byte	16
 1308 04ff 11       		.byte	17
 1309 0500 C0       		.byte	-64
 1310 0501 01       		.byte	1
 1311 0502 00       		.byte	0
ARM GAS  C:\Users\Timmo\AppData\Local\Temp\cc5Hoemm.s 			page 24


 1312 0503 11       		.byte	17
 1313 0504 40       		.byte	64
 1314 0505 01       		.byte	1
 1315 0506 40       		.byte	64
 1316 0507 01       		.byte	1
 1317 0508 00       		.byte	0
 1318 0509 00       		.byte	0
 1319 050a 00       		.byte	0
 1320 050b 00       		.byte	0
 1321 050c 00       		.byte	0
 1322 050d 00       		.byte	0
 1323 050e 00       		.byte	0
 1324 050f 00       		.byte	0
 1325 0510 00       		.byte	0
 1326 0511 00       		.byte	0
 1327 0512 00       		.byte	0
 1328 0513 00       		.byte	0
 1329 0514 00       		.byte	0
 1330 0515 00       		.byte	0
 1331 0516 00       		.byte	0
 1332 0517 00       		.byte	0
 1333 0518 50       		.byte	80
 1334 0519 00       		.byte	0
 1335 051a 00       		.byte	0
 1336 051b 00       		.byte	0
 1337 051c 00       		.byte	0
 1338 051d 00       		.byte	0
 1339 051e A7       		.byte	-89
 1340 051f 00       		.byte	0
 1341 0520 08       		.byte	8
 1342 0521 00       		.byte	0
 1343 0522 00       		.byte	0
 1344 0523 00       		.byte	0
 1345 0524 00       		.byte	0
 1346 0525 00       		.byte	0
 1347 0526 00       		.byte	0
 1348 0527 00       		.byte	0
 1349 0528 00       		.byte	0
 1350 0529 00       		.byte	0
 1351 052a 00       		.byte	0
 1352 052b 00       		.byte	0
 1353 052c 00       		.byte	0
 1354 052d 00       		.byte	0
 1355 052e 0A       		.byte	10
 1356 052f 00       		.byte	0
 1357 0530 40       		.byte	64
 1358 0531 00       		.byte	0
 1359 0532 04       		.byte	4
 1360 0533 CB       		.byte	-53
 1361 0534 EB       		.byte	-21
 1362 0535 00       		.byte	0
 1363 0536 40       		.byte	64
 1364 0537 00       		.byte	0
 1365 0538 10       		.byte	16
 1366 0539 00       		.byte	0
 1367 053a 00       		.byte	0
 1368 053b 00       		.byte	0
ARM GAS  C:\Users\Timmo\AppData\Local\Temp\cc5Hoemm.s 			page 25


 1369 053c 00       		.byte	0
 1370 053d BE       		.byte	-66
 1371 053e BE       		.byte	-66
 1372 053f 00       		.byte	0
 1373 0540 80       		.byte	-128
 1374 0541 00       		.byte	0
 1375 0542 41       		.byte	65
 1376 0543 00       		.byte	0
 1377 0544 00       		.byte	0
 1378 0545 00       		.byte	0
 1379 0546 00       		.byte	0
 1380 0547 00       		.byte	0
 1381 0548 00       		.byte	0
 1382 0549 00       		.byte	0
 1383 054a 89       		.byte	-119
 1384 054b 00       		.byte	0
 1385              		.section	.cywolatch,"a",%progbits
 1386              		.align	2
 1387              		.type	cy_meta_wonvl, %object
 1388              		.size	cy_meta_wonvl, 4
 1389              	cy_meta_wonvl:
 1390 0000 BC       		.byte	-68
 1391 0001 90       		.byte	-112
 1392 0002 AC       		.byte	-84
 1393 0003 AF       		.byte	-81
 1394              		.section	.cycustnvl,"a",%progbits
 1395              		.align	2
 1396              		.type	cy_meta_custnvl, %object
 1397              		.size	cy_meta_custnvl, 4
 1398              	cy_meta_custnvl:
 1399 0000 00       		.byte	0
 1400 0001 00       		.byte	0
 1401 0002 40       		.byte	64
 1402 0003 05       		.byte	5
 1403              		.section	.cymeta,"a",%progbits
 1404              		.align	2
 1405              		.type	cy_metadata, %object
 1406              		.size	cy_metadata, 12
 1407              	cy_metadata:
 1408 0000 00       		.byte	0
 1409 0001 01       		.byte	1
 1410 0002 2E       		.byte	46
 1411 0003 16       		.byte	22
 1412 0004 10       		.byte	16
 1413 0005 69       		.byte	105
 1414 0006 00       		.byte	0
 1415 0007 01       		.byte	1
 1416 0008 00       		.byte	0
 1417 0009 00       		.byte	0
 1418 000a 00       		.byte	0
 1419 000b 00       		.byte	0
 1420              		.section	.cyflashprotect,"a",%progbits
 1421              		.align	2
 1422              		.type	cy_meta_flashprotect, %object
 1423              		.size	cy_meta_flashprotect, 256
 1424              	cy_meta_flashprotect:
 1425 0000 00000000 		.space	256
ARM GAS  C:\Users\Timmo\AppData\Local\Temp\cc5Hoemm.s 			page 26


 1425      00000000 
 1425      00000000 
 1425      00000000 
 1425      00000000 
 1426              		.text
 1427              	.Letext0:
 1428              		.file 1 "c:\\program files (x86)\\cypress\\psoc creator\\4.2\\psoc creator\\import\\gnu\\arm\\5.4.
 1429              		.file 2 "c:\\program files (x86)\\cypress\\psoc creator\\4.2\\psoc creator\\import\\gnu\\arm\\5.4.
 1430              		.file 3 "Generated_Source\\PSoC5\\cymetadata.c"
 1431              		.section	.debug_info,"",%progbits
 1432              	.Ldebug_info0:
 1433 0000 32010000 		.4byte	0x132
 1434 0004 0400     		.2byte	0x4
 1435 0006 00000000 		.4byte	.Ldebug_abbrev0
 1436 000a 04       		.byte	0x4
 1437 000b 01       		.uleb128 0x1
 1438 000c 24000000 		.4byte	.LASF17
 1439 0010 0C       		.byte	0xc
 1440 0011 CA010000 		.4byte	.LASF18
 1441 0015 7E010000 		.4byte	.LASF19
 1442 0019 00000000 		.4byte	.Ldebug_line0
 1443 001d 02       		.uleb128 0x2
 1444 001e 01       		.byte	0x1
 1445 001f 06       		.byte	0x6
 1446 0020 72010000 		.4byte	.LASF0
 1447 0024 03       		.uleb128 0x3
 1448 0025 00000000 		.4byte	.LASF9
 1449 0029 01       		.byte	0x1
 1450 002a 1D       		.byte	0x1d
 1451 002b 2F000000 		.4byte	0x2f
 1452 002f 02       		.uleb128 0x2
 1453 0030 01       		.byte	0x1
 1454 0031 08       		.byte	0x8
 1455 0032 16000000 		.4byte	.LASF1
 1456 0036 02       		.uleb128 0x2
 1457 0037 02       		.byte	0x2
 1458 0038 05       		.byte	0x5
 1459 0039 5F010000 		.4byte	.LASF2
 1460 003d 02       		.uleb128 0x2
 1461 003e 02       		.byte	0x2
 1462 003f 07       		.byte	0x7
 1463 0040 C4000000 		.4byte	.LASF3
 1464 0044 02       		.uleb128 0x2
 1465 0045 04       		.byte	0x4
 1466 0046 05       		.byte	0x5
 1467 0047 69010000 		.4byte	.LASF4
 1468 004b 02       		.uleb128 0x2
 1469 004c 04       		.byte	0x4
 1470 004d 07       		.byte	0x7
 1471 004e B2000000 		.4byte	.LASF5
 1472 0052 02       		.uleb128 0x2
 1473 0053 08       		.byte	0x8
 1474 0054 05       		.byte	0x5
 1475 0055 51010000 		.4byte	.LASF6
 1476 0059 02       		.uleb128 0x2
 1477 005a 08       		.byte	0x8
 1478 005b 07       		.byte	0x7
ARM GAS  C:\Users\Timmo\AppData\Local\Temp\cc5Hoemm.s 			page 27


 1479 005c 06010000 		.4byte	.LASF7
 1480 0060 04       		.uleb128 0x4
 1481 0061 04       		.byte	0x4
 1482 0062 05       		.byte	0x5
 1483 0063 696E7400 		.ascii	"int\000"
 1484 0067 02       		.uleb128 0x2
 1485 0068 04       		.byte	0x4
 1486 0069 07       		.byte	0x7
 1487 006a F9000000 		.4byte	.LASF8
 1488 006e 03       		.uleb128 0x3
 1489 006f 1D010000 		.4byte	.LASF10
 1490 0073 02       		.byte	0x2
 1491 0074 18       		.byte	0x18
 1492 0075 24000000 		.4byte	0x24
 1493 0079 05       		.uleb128 0x5
 1494 007a 91000000 		.4byte	0x91
 1495 007e 8A000000 		.4byte	0x8a
 1496 0082 06       		.uleb128 0x6
 1497 0083 8A000000 		.4byte	0x8a
 1498 0087 4B05     		.2byte	0x54b
 1499 0089 00       		.byte	0
 1500 008a 02       		.uleb128 0x2
 1501 008b 04       		.byte	0x4
 1502 008c 07       		.byte	0x7
 1503 008d 48010000 		.4byte	.LASF11
 1504 0091 07       		.uleb128 0x7
 1505 0092 6E000000 		.4byte	0x6e
 1506 0096 08       		.uleb128 0x8
 1507 0097 E7000000 		.4byte	.LASF12
 1508 009b 03       		.byte	0x3
 1509 009c 1F       		.byte	0x1f
 1510 009d A7000000 		.4byte	0xa7
 1511 00a1 05       		.uleb128 0x5
 1512 00a2 03       		.byte	0x3
 1513 00a3 00000000 		.4byte	cy_meta_configecc
 1514 00a7 07       		.uleb128 0x7
 1515 00a8 79000000 		.4byte	0x79
 1516 00ac 05       		.uleb128 0x5
 1517 00ad 91000000 		.4byte	0x91
 1518 00b1 BC000000 		.4byte	0xbc
 1519 00b5 09       		.uleb128 0x9
 1520 00b6 8A000000 		.4byte	0x8a
 1521 00ba 03       		.byte	0x3
 1522 00bb 00       		.byte	0
 1523 00bc 08       		.uleb128 0x8
 1524 00bd D7000000 		.4byte	.LASF13
 1525 00c1 03       		.byte	0x3
 1526 00c2 D6       		.byte	0xd6
 1527 00c3 CD000000 		.4byte	0xcd
 1528 00c7 05       		.uleb128 0x5
 1529 00c8 03       		.byte	0x3
 1530 00c9 00000000 		.4byte	cy_meta_custnvl
 1531 00cd 07       		.uleb128 0x7
 1532 00ce AC000000 		.4byte	0xac
 1533 00d2 08       		.uleb128 0x8
 1534 00d3 3A010000 		.4byte	.LASF14
 1535 00d7 03       		.byte	0x3
ARM GAS  C:\Users\Timmo\AppData\Local\Temp\cc5Hoemm.s 			page 28


 1536 00d8 E4       		.byte	0xe4
 1537 00d9 E3000000 		.4byte	0xe3
 1538 00dd 05       		.uleb128 0x5
 1539 00de 03       		.byte	0x3
 1540 00df 00000000 		.4byte	cy_meta_wonvl
 1541 00e3 07       		.uleb128 0x7
 1542 00e4 AC000000 		.4byte	0xac
 1543 00e8 05       		.uleb128 0x5
 1544 00e9 91000000 		.4byte	0x91
 1545 00ed F8000000 		.4byte	0xf8
 1546 00f1 09       		.uleb128 0x9
 1547 00f2 8A000000 		.4byte	0x8a
 1548 00f6 FF       		.byte	0xff
 1549 00f7 00       		.byte	0
 1550 00f8 08       		.uleb128 0x8
 1551 00f9 25010000 		.4byte	.LASF15
 1552 00fd 03       		.byte	0x3
 1553 00fe F2       		.byte	0xf2
 1554 00ff 09010000 		.4byte	0x109
 1555 0103 05       		.uleb128 0x5
 1556 0104 03       		.byte	0x3
 1557 0105 00000000 		.4byte	cy_meta_flashprotect
 1558 0109 07       		.uleb128 0x7
 1559 010a E8000000 		.4byte	0xe8
 1560 010e 05       		.uleb128 0x5
 1561 010f 91000000 		.4byte	0x91
 1562 0113 1E010000 		.4byte	0x11e
 1563 0117 09       		.uleb128 0x9
 1564 0118 8A000000 		.4byte	0x8a
 1565 011c 0B       		.byte	0xb
 1566 011d 00       		.byte	0
 1567 011e 0A       		.uleb128 0xa
 1568 011f 0A000000 		.4byte	.LASF16
 1569 0123 03       		.byte	0x3
 1570 0124 1F01     		.2byte	0x11f
 1571 0126 30010000 		.4byte	0x130
 1572 012a 05       		.uleb128 0x5
 1573 012b 03       		.byte	0x3
 1574 012c 00000000 		.4byte	cy_metadata
 1575 0130 07       		.uleb128 0x7
 1576 0131 0E010000 		.4byte	0x10e
 1577 0135 00       		.byte	0
 1578              		.section	.debug_abbrev,"",%progbits
 1579              	.Ldebug_abbrev0:
 1580 0000 01       		.uleb128 0x1
 1581 0001 11       		.uleb128 0x11
 1582 0002 01       		.byte	0x1
 1583 0003 25       		.uleb128 0x25
 1584 0004 0E       		.uleb128 0xe
 1585 0005 13       		.uleb128 0x13
 1586 0006 0B       		.uleb128 0xb
 1587 0007 03       		.uleb128 0x3
 1588 0008 0E       		.uleb128 0xe
 1589 0009 1B       		.uleb128 0x1b
 1590 000a 0E       		.uleb128 0xe
 1591 000b 10       		.uleb128 0x10
 1592 000c 17       		.uleb128 0x17
ARM GAS  C:\Users\Timmo\AppData\Local\Temp\cc5Hoemm.s 			page 29


 1593 000d 00       		.byte	0
 1594 000e 00       		.byte	0
 1595 000f 02       		.uleb128 0x2
 1596 0010 24       		.uleb128 0x24
 1597 0011 00       		.byte	0
 1598 0012 0B       		.uleb128 0xb
 1599 0013 0B       		.uleb128 0xb
 1600 0014 3E       		.uleb128 0x3e
 1601 0015 0B       		.uleb128 0xb
 1602 0016 03       		.uleb128 0x3
 1603 0017 0E       		.uleb128 0xe
 1604 0018 00       		.byte	0
 1605 0019 00       		.byte	0
 1606 001a 03       		.uleb128 0x3
 1607 001b 16       		.uleb128 0x16
 1608 001c 00       		.byte	0
 1609 001d 03       		.uleb128 0x3
 1610 001e 0E       		.uleb128 0xe
 1611 001f 3A       		.uleb128 0x3a
 1612 0020 0B       		.uleb128 0xb
 1613 0021 3B       		.uleb128 0x3b
 1614 0022 0B       		.uleb128 0xb
 1615 0023 49       		.uleb128 0x49
 1616 0024 13       		.uleb128 0x13
 1617 0025 00       		.byte	0
 1618 0026 00       		.byte	0
 1619 0027 04       		.uleb128 0x4
 1620 0028 24       		.uleb128 0x24
 1621 0029 00       		.byte	0
 1622 002a 0B       		.uleb128 0xb
 1623 002b 0B       		.uleb128 0xb
 1624 002c 3E       		.uleb128 0x3e
 1625 002d 0B       		.uleb128 0xb
 1626 002e 03       		.uleb128 0x3
 1627 002f 08       		.uleb128 0x8
 1628 0030 00       		.byte	0
 1629 0031 00       		.byte	0
 1630 0032 05       		.uleb128 0x5
 1631 0033 01       		.uleb128 0x1
 1632 0034 01       		.byte	0x1
 1633 0035 49       		.uleb128 0x49
 1634 0036 13       		.uleb128 0x13
 1635 0037 01       		.uleb128 0x1
 1636 0038 13       		.uleb128 0x13
 1637 0039 00       		.byte	0
 1638 003a 00       		.byte	0
 1639 003b 06       		.uleb128 0x6
 1640 003c 21       		.uleb128 0x21
 1641 003d 00       		.byte	0
 1642 003e 49       		.uleb128 0x49
 1643 003f 13       		.uleb128 0x13
 1644 0040 2F       		.uleb128 0x2f
 1645 0041 05       		.uleb128 0x5
 1646 0042 00       		.byte	0
 1647 0043 00       		.byte	0
 1648 0044 07       		.uleb128 0x7
 1649 0045 26       		.uleb128 0x26
ARM GAS  C:\Users\Timmo\AppData\Local\Temp\cc5Hoemm.s 			page 30


 1650 0046 00       		.byte	0
 1651 0047 49       		.uleb128 0x49
 1652 0048 13       		.uleb128 0x13
 1653 0049 00       		.byte	0
 1654 004a 00       		.byte	0
 1655 004b 08       		.uleb128 0x8
 1656 004c 34       		.uleb128 0x34
 1657 004d 00       		.byte	0
 1658 004e 03       		.uleb128 0x3
 1659 004f 0E       		.uleb128 0xe
 1660 0050 3A       		.uleb128 0x3a
 1661 0051 0B       		.uleb128 0xb
 1662 0052 3B       		.uleb128 0x3b
 1663 0053 0B       		.uleb128 0xb
 1664 0054 49       		.uleb128 0x49
 1665 0055 13       		.uleb128 0x13
 1666 0056 3F       		.uleb128 0x3f
 1667 0057 19       		.uleb128 0x19
 1668 0058 02       		.uleb128 0x2
 1669 0059 18       		.uleb128 0x18
 1670 005a 00       		.byte	0
 1671 005b 00       		.byte	0
 1672 005c 09       		.uleb128 0x9
 1673 005d 21       		.uleb128 0x21
 1674 005e 00       		.byte	0
 1675 005f 49       		.uleb128 0x49
 1676 0060 13       		.uleb128 0x13
 1677 0061 2F       		.uleb128 0x2f
 1678 0062 0B       		.uleb128 0xb
 1679 0063 00       		.byte	0
 1680 0064 00       		.byte	0
 1681 0065 0A       		.uleb128 0xa
 1682 0066 34       		.uleb128 0x34
 1683 0067 00       		.byte	0
 1684 0068 03       		.uleb128 0x3
 1685 0069 0E       		.uleb128 0xe
 1686 006a 3A       		.uleb128 0x3a
 1687 006b 0B       		.uleb128 0xb
 1688 006c 3B       		.uleb128 0x3b
 1689 006d 05       		.uleb128 0x5
 1690 006e 49       		.uleb128 0x49
 1691 006f 13       		.uleb128 0x13
 1692 0070 3F       		.uleb128 0x3f
 1693 0071 19       		.uleb128 0x19
 1694 0072 02       		.uleb128 0x2
 1695 0073 18       		.uleb128 0x18
 1696 0074 00       		.byte	0
 1697 0075 00       		.byte	0
 1698 0076 00       		.byte	0
 1699              		.section	.debug_aranges,"",%progbits
 1700 0000 14000000 		.4byte	0x14
 1701 0004 0200     		.2byte	0x2
 1702 0006 00000000 		.4byte	.Ldebug_info0
 1703 000a 04       		.byte	0x4
 1704 000b 00       		.byte	0
 1705 000c 0000     		.2byte	0
 1706 000e 0000     		.2byte	0
ARM GAS  C:\Users\Timmo\AppData\Local\Temp\cc5Hoemm.s 			page 31


 1707 0010 00000000 		.4byte	0
 1708 0014 00000000 		.4byte	0
 1709              		.section	.debug_line,"",%progbits
 1710              	.Ldebug_line0:
 1711 0000 3D010000 		.section	.debug_str,"MS",%progbits,1
 1711      02003701 
 1711      00000201 
 1711      FB0E0D00 
 1711      01010101 
 1712              	.LASF9:
 1713 0000 5F5F7569 		.ascii	"__uint8_t\000"
 1713      6E74385F 
 1713      7400
 1714              	.LASF16:
 1715 000a 63795F6D 		.ascii	"cy_metadata\000"
 1715      65746164 
 1715      61746100 
 1716              	.LASF1:
 1717 0016 756E7369 		.ascii	"unsigned char\000"
 1717      676E6564 
 1717      20636861 
 1717      7200
 1718              	.LASF17:
 1719 0024 474E5520 		.ascii	"GNU C11 5.4.1 20160609 (release) [ARM/embedded-5-br"
 1719      43313120 
 1719      352E342E 
 1719      31203230 
 1719      31363036 
 1720 0057 616E6368 		.ascii	"anch revision 237715] -mcpu=cortex-m3 -mthumb -g -O"
 1720      20726576 
 1720      6973696F 
 1720      6E203233 
 1720      37373135 
 1721 008a 67202D66 		.ascii	"g -ffunction-sections -ffat-lto-objects\000"
 1721      66756E63 
 1721      74696F6E 
 1721      2D736563 
 1721      74696F6E 
 1722              	.LASF5:
 1723 00b2 6C6F6E67 		.ascii	"long unsigned int\000"
 1723      20756E73 
 1723      69676E65 
 1723      6420696E 
 1723      7400
 1724              	.LASF3:
 1725 00c4 73686F72 		.ascii	"short unsigned int\000"
 1725      7420756E 
 1725      7369676E 
 1725      65642069 
 1725      6E7400
 1726              	.LASF13:
 1727 00d7 63795F6D 		.ascii	"cy_meta_custnvl\000"
 1727      6574615F 
 1727      63757374 
 1727      6E766C00 
 1728              	.LASF12:
 1729 00e7 63795F6D 		.ascii	"cy_meta_configecc\000"
ARM GAS  C:\Users\Timmo\AppData\Local\Temp\cc5Hoemm.s 			page 32


 1729      6574615F 
 1729      636F6E66 
 1729      69676563 
 1729      6300
 1730              	.LASF8:
 1731 00f9 756E7369 		.ascii	"unsigned int\000"
 1731      676E6564 
 1731      20696E74 
 1731      00
 1732              	.LASF7:
 1733 0106 6C6F6E67 		.ascii	"long long unsigned int\000"
 1733      206C6F6E 
 1733      6720756E 
 1733      7369676E 
 1733      65642069 
 1734              	.LASF10:
 1735 011d 75696E74 		.ascii	"uint8_t\000"
 1735      385F7400 
 1736              	.LASF15:
 1737 0125 63795F6D 		.ascii	"cy_meta_flashprotect\000"
 1737      6574615F 
 1737      666C6173 
 1737      6870726F 
 1737      74656374 
 1738              	.LASF14:
 1739 013a 63795F6D 		.ascii	"cy_meta_wonvl\000"
 1739      6574615F 
 1739      776F6E76 
 1739      6C00
 1740              	.LASF11:
 1741 0148 73697A65 		.ascii	"sizetype\000"
 1741      74797065 
 1741      00
 1742              	.LASF6:
 1743 0151 6C6F6E67 		.ascii	"long long int\000"
 1743      206C6F6E 
 1743      6720696E 
 1743      7400
 1744              	.LASF2:
 1745 015f 73686F72 		.ascii	"short int\000"
 1745      7420696E 
 1745      7400
 1746              	.LASF4:
 1747 0169 6C6F6E67 		.ascii	"long int\000"
 1747      20696E74 
 1747      00
 1748              	.LASF0:
 1749 0172 7369676E 		.ascii	"signed char\000"
 1749      65642063 
 1749      68617200 
 1750              	.LASF19:
 1751 017e 433A5C55 		.ascii	"C:\\Users\\Timmo\\Documents\\GitHub\\Software\\BMS\\"
 1751      73657273 
 1751      5C54696D 
 1751      6D6F5C44 
 1751      6F63756D 
 1752 01ab 424D535F 		.ascii	"BMS_Workspace\\BMS_Master.cydsn\000"
ARM GAS  C:\Users\Timmo\AppData\Local\Temp\cc5Hoemm.s 			page 33


 1752      576F726B 
 1752      73706163 
 1752      655C424D 
 1752      535F4D61 
 1753              	.LASF18:
 1754 01ca 47656E65 		.ascii	"Generated_Source\\PSoC5\\cymetadata.c\000"
 1754      72617465 
 1754      645F536F 
 1754      75726365 
 1754      5C50536F 
 1755              		.ident	"GCC: (GNU Tools for ARM Embedded Processors) 5.4.1 20160609 (release) [ARM/embedded-5-bran
