ARM GAS  C:\Users\Timmo\AppData\Local\Temp\cchjhCa7.s 			page 1


   1              		.syntax unified
   2              		.cpu cortex-m3
   3              		.fpu softvfp
   4              		.eabi_attribute 20, 1
   5              		.eabi_attribute 21, 1
   6              		.eabi_attribute 23, 3
   7              		.eabi_attribute 24, 1
   8              		.eabi_attribute 25, 1
   9              		.eabi_attribute 26, 1
  10              		.eabi_attribute 30, 1
  11              		.eabi_attribute 34, 1
  12              		.eabi_attribute 18, 4
  13              		.thumb
  14              		.syntax unified
  15              		.file	"DriverControls.c"
  16              		.text
  17              	.Ltext0:
  18              		.cfi_sections	.debug_frame
  19              		.section	.text.BrakeInputPlausibility,"ax",%progbits
  20              		.align	2
  21              		.global	BrakeInputPlausibility
  22              		.thumb
  23              		.thumb_func
  24              		.type	BrakeInputPlausibility, %function
  25              	BrakeInputPlausibility:
  26              	.LFB0:
  27              		.file 1 "DriverControls.c"
   1:DriverControls.c **** /* ========================================
   2:DriverControls.c ****  *
   3:DriverControls.c ****  * Copyright YOUR COMPANY, THE YEAR
   4:DriverControls.c ****  * All Rights Reserved
   5:DriverControls.c ****  * UNPUBLISHED, LICENSED SOFTWARE.
   6:DriverControls.c ****  *
   7:DriverControls.c ****  * CONFIDENTIAL AND PROPRIETARY INFORMATION
   8:DriverControls.c ****  * WHICH IS THE PROPERTY OF your company.
   9:DriverControls.c ****  *
  10:DriverControls.c ****  * ========================================
  11:DriverControls.c **** */
  12:DriverControls.c **** #include "global.h"
  13:DriverControls.c **** #include "DriverControls.h"
  14:DriverControls.c **** 
  15:DriverControls.c **** 
  16:DriverControls.c **** 
  17:DriverControls.c **** 
  18:DriverControls.c **** //Declare Variables
  19:DriverControls.c **** 
  20:DriverControls.c **** 
  21:DriverControls.c **** 
  22:DriverControls.c **** //Function Prototypes
  23:DriverControls.c **** 
  24:DriverControls.c **** 
  25:DriverControls.c **** //Function Definitions
  26:DriverControls.c **** 
  27:DriverControls.c **** //Is the brake handle input an acceptable value
  28:DriverControls.c **** int BrakeInputPlausibility()
  29:DriverControls.c **** {
  28              		.loc 1 29 0
ARM GAS  C:\Users\Timmo\AppData\Local\Temp\cchjhCa7.s 			page 2


  29              		.cfi_startproc
  30              		@ args = 0, pretend = 0, frame = 0
  31              		@ frame_needed = 0, uses_anonymous_args = 0
  32 0000 10B5     		push	{r4, lr}
  33              		.cfi_def_cfa_offset 8
  34              		.cfi_offset 4, -8
  35              		.cfi_offset 14, -4
  30:DriverControls.c ****     //Take a snapshot of brake input sensors
  31:DriverControls.c ****     int BrakeInput1 = aiECU_BrakeInput1_read();
  36              		.loc 1 31 0
  37 0002 FFF7FEFF 		bl	aiECU_BrakeInput1_read
  38              	.LVL0:
  39 0006 0446     		mov	r4, r0
  40              	.LVL1:
  32:DriverControls.c ****     int BrakeInput2 = aiECU_BrakeInput2_read();
  41              		.loc 1 32 0
  42 0008 FFF7FEFF 		bl	aiECU_BrakeInput2_read
  43              	.LVL2:
  33:DriverControls.c ****     
  34:DriverControls.c ****     //Check that Brake input is within tolerance
  35:DriverControls.c ****     if( BrakeInput1 < BrakeSensor1_min)
  44              		.loc 1 35 0
  45 000c 0E2C     		cmp	r4, #14
  46 000e 02DC     		bgt	.L2
  47              	.LBB2:
  36:DriverControls.c ****     {
  37:DriverControls.c ****         SetDTC_f010_Brake1InputOC();
  48              		.loc 1 37 0
  49 0010 FFF7FEFF 		bl	SetDTC_f010_Brake1InputOC
  50              	.LVL3:
  51              	.LBE2:
  52 0014 07E0     		b	.L3
  53              	.L2:
  38:DriverControls.c ****     }
  39:DriverControls.c ****     else if ( BrakeInput1 > BrakeSensor1_max )
  54              		.loc 1 39 0
  55 0016 B4F5007F 		cmp	r4, #512
  56 001a 02DB     		blt	.L4
  57              	.LBB3:
  40:DriverControls.c ****     {
  41:DriverControls.c ****         SetDTC_f011_Brake1InputSC();
  58              		.loc 1 41 0
  59 001c FFF7FEFF 		bl	SetDTC_f011_Brake1InputSC
  60              	.LVL4:
  61              	.LBE3:
  62 0020 01E0     		b	.L3
  63              	.L4:
  42:DriverControls.c ****     }
  43:DriverControls.c ****     else
  44:DriverControls.c ****     {
  45:DriverControls.c ****         return BrakeInput1;
  64              		.loc 1 45 0
  65 0022 2046     		mov	r0, r4
  66 0024 10BD     		pop	{r4, pc}
  67              	.LVL5:
  68              	.L3:
  46:DriverControls.c ****     }
ARM GAS  C:\Users\Timmo\AppData\Local\Temp\cchjhCa7.s 			page 3


  47:DriverControls.c **** }
  69              		.loc 1 47 0
  70 0026 10BD     		pop	{r4, pc}
  71              		.cfi_endproc
  72              	.LFE0:
  73              		.size	BrakeInputPlausibility, .-BrakeInputPlausibility
  74              		.section	.text.OutputBrakeLight,"ax",%progbits
  75              		.align	2
  76              		.global	OutputBrakeLight
  77              		.thumb
  78              		.thumb_func
  79              		.type	OutputBrakeLight, %function
  80              	OutputBrakeLight:
  81              	.LFB1:
  48:DriverControls.c **** 
  49:DriverControls.c **** //------------------------------------------------------------//
  50:DriverControls.c **** 
  51:DriverControls.c **** _Bool OutputBrakeLight()
  52:DriverControls.c **** {
  82              		.loc 1 52 0
  83              		.cfi_startproc
  84              		@ args = 0, pretend = 0, frame = 0
  85              		@ frame_needed = 0, uses_anonymous_args = 0
  86 0000 08B5     		push	{r3, lr}
  87              		.cfi_def_cfa_offset 8
  88              		.cfi_offset 3, -8
  89              		.cfi_offset 14, -4
  53:DriverControls.c ****     doECU_BrakeLight_write(BrakeInputPlausibility() > BrakeLightThreshold);
  90              		.loc 1 53 0
  91 0002 FFF7FEFF 		bl	BrakeInputPlausibility
  92              	.LVL6:
  93 0006 1428     		cmp	r0, #20
  94 0008 D4BF     		ite	le
  95 000a 0020     		movle	r0, #0
  96 000c 0120     		movgt	r0, #1
  97 000e FFF7FEFF 		bl	doECU_BrakeLight_write
  98              	.LVL7:
  54:DriverControls.c **** }
  99              		.loc 1 54 0
 100 0012 08BD     		pop	{r3, pc}
 101              		.cfi_endproc
 102              	.LFE1:
 103              		.size	OutputBrakeLight, .-OutputBrakeLight
 104              		.text
 105              	.Letext0:
 106              		.section	.debug_info,"",%progbits
 107              	.Ldebug_info0:
 108 0000 5C010000 		.4byte	0x15c
 109 0004 0400     		.2byte	0x4
 110 0006 00000000 		.4byte	.Ldebug_abbrev0
 111 000a 04       		.byte	0x4
 112 000b 01       		.uleb128 0x1
 113 000c F1000000 		.4byte	.LASF8
 114 0010 0C       		.byte	0xc
 115 0011 99010000 		.4byte	.LASF9
 116 0015 46000000 		.4byte	.LASF10
 117 0019 00000000 		.4byte	.Ldebug_ranges0+0
ARM GAS  C:\Users\Timmo\AppData\Local\Temp\cchjhCa7.s 			page 4


 118 001d 00000000 		.4byte	0
 119 0021 00000000 		.4byte	.Ldebug_line0
 120 0025 02       		.uleb128 0x2
 121 0026 DA000000 		.4byte	.LASF4
 122 002a 01       		.byte	0x1
 123 002b 1C       		.byte	0x1c
 124 002c DD000000 		.4byte	0xdd
 125 0030 00000000 		.4byte	.LFB0
 126 0034 28000000 		.4byte	.LFE0-.LFB0
 127 0038 01       		.uleb128 0x1
 128 0039 9C       		.byte	0x9c
 129 003a DD000000 		.4byte	0xdd
 130 003e 03       		.uleb128 0x3
 131 003f 00000000 		.4byte	.LASF11
 132 0043 01       		.byte	0x1
 133 0044 1F       		.byte	0x1f
 134 0045 DD000000 		.4byte	0xdd
 135 0049 00000000 		.4byte	.LLST0
 136 004d 04       		.uleb128 0x4
 137 004e 2F000000 		.4byte	.LASF0
 138 0052 01       		.byte	0x1
 139 0053 1F       		.byte	0x1f
 140 0054 DD000000 		.4byte	0xdd
 141 0058 5E000000 		.4byte	0x5e
 142 005c 05       		.uleb128 0x5
 143 005d 00       		.byte	0
 144 005e 06       		.uleb128 0x6
 145 005f 0C000000 		.4byte	.LASF12
 146 0063 01       		.byte	0x1
 147 0064 20       		.byte	0x20
 148 0065 DD000000 		.4byte	0xdd
 149 0069 04       		.uleb128 0x4
 150 006a 18000000 		.4byte	.LASF1
 151 006e 01       		.byte	0x1
 152 006f 20       		.byte	0x20
 153 0070 DD000000 		.4byte	0xdd
 154 0074 7A000000 		.4byte	0x7a
 155 0078 05       		.uleb128 0x5
 156 0079 00       		.byte	0
 157 007a 07       		.uleb128 0x7
 158 007b 10000000 		.4byte	.LBB2
 159 007f 04000000 		.4byte	.LBE2-.LBB2
 160 0083 A2000000 		.4byte	0xa2
 161 0087 04       		.uleb128 0x4
 162 0088 7F010000 		.4byte	.LASF2
 163 008c 01       		.byte	0x1
 164 008d 25       		.byte	0x25
 165 008e DD000000 		.4byte	0xdd
 166 0092 98000000 		.4byte	0x98
 167 0096 05       		.uleb128 0x5
 168 0097 00       		.byte	0
 169 0098 08       		.uleb128 0x8
 170 0099 14000000 		.4byte	.LVL3
 171 009d 28010000 		.4byte	0x128
 172 00a1 00       		.byte	0
 173 00a2 07       		.uleb128 0x7
 174 00a3 1C000000 		.4byte	.LBB3
ARM GAS  C:\Users\Timmo\AppData\Local\Temp\cchjhCa7.s 			page 5


 175 00a7 04000000 		.4byte	.LBE3-.LBB3
 176 00ab CA000000 		.4byte	0xca
 177 00af 04       		.uleb128 0x4
 178 00b0 92000000 		.4byte	.LASF3
 179 00b4 01       		.byte	0x1
 180 00b5 29       		.byte	0x29
 181 00b6 DD000000 		.4byte	0xdd
 182 00ba C0000000 		.4byte	0xc0
 183 00be 05       		.uleb128 0x5
 184 00bf 00       		.byte	0
 185 00c0 08       		.uleb128 0x8
 186 00c1 20000000 		.4byte	.LVL4
 187 00c5 33010000 		.4byte	0x133
 188 00c9 00       		.byte	0
 189 00ca 08       		.uleb128 0x8
 190 00cb 06000000 		.4byte	.LVL0
 191 00cf 3E010000 		.4byte	0x13e
 192 00d3 08       		.uleb128 0x8
 193 00d4 0C000000 		.4byte	.LVL2
 194 00d8 49010000 		.4byte	0x149
 195 00dc 00       		.byte	0
 196 00dd 09       		.uleb128 0x9
 197 00de 04       		.byte	0x4
 198 00df 05       		.byte	0x5
 199 00e0 696E7400 		.ascii	"int\000"
 200 00e4 02       		.uleb128 0x2
 201 00e5 B2000000 		.4byte	.LASF5
 202 00e9 01       		.byte	0x1
 203 00ea 33       		.byte	0x33
 204 00eb 21010000 		.4byte	0x121
 205 00ef 00000000 		.4byte	.LFB1
 206 00f3 14000000 		.4byte	.LFE1-.LFB1
 207 00f7 01       		.uleb128 0x1
 208 00f8 9C       		.byte	0x9c
 209 00f9 21010000 		.4byte	0x121
 210 00fd 04       		.uleb128 0x4
 211 00fe C3000000 		.4byte	.LASF6
 212 0102 01       		.byte	0x1
 213 0103 35       		.byte	0x35
 214 0104 DD000000 		.4byte	0xdd
 215 0108 0E010000 		.4byte	0x10e
 216 010c 05       		.uleb128 0x5
 217 010d 00       		.byte	0
 218 010e 08       		.uleb128 0x8
 219 010f 06000000 		.4byte	.LVL6
 220 0113 25000000 		.4byte	0x25
 221 0117 08       		.uleb128 0x8
 222 0118 12000000 		.4byte	.LVL7
 223 011c 54010000 		.4byte	0x154
 224 0120 00       		.byte	0
 225 0121 0A       		.uleb128 0xa
 226 0122 01       		.byte	0x1
 227 0123 02       		.byte	0x2
 228 0124 AC000000 		.4byte	.LASF7
 229 0128 0B       		.uleb128 0xb
 230 0129 7F010000 		.4byte	.LASF2
 231 012d 7F010000 		.4byte	.LASF2
ARM GAS  C:\Users\Timmo\AppData\Local\Temp\cchjhCa7.s 			page 6


 232 0131 01       		.byte	0x1
 233 0132 25       		.byte	0x25
 234 0133 0B       		.uleb128 0xb
 235 0134 92000000 		.4byte	.LASF3
 236 0138 92000000 		.4byte	.LASF3
 237 013c 01       		.byte	0x1
 238 013d 29       		.byte	0x29
 239 013e 0B       		.uleb128 0xb
 240 013f 2F000000 		.4byte	.LASF0
 241 0143 2F000000 		.4byte	.LASF0
 242 0147 01       		.byte	0x1
 243 0148 1F       		.byte	0x1f
 244 0149 0B       		.uleb128 0xb
 245 014a 18000000 		.4byte	.LASF1
 246 014e 18000000 		.4byte	.LASF1
 247 0152 01       		.byte	0x1
 248 0153 20       		.byte	0x20
 249 0154 0B       		.uleb128 0xb
 250 0155 C3000000 		.4byte	.LASF6
 251 0159 C3000000 		.4byte	.LASF6
 252 015d 01       		.byte	0x1
 253 015e 35       		.byte	0x35
 254 015f 00       		.byte	0
 255              		.section	.debug_abbrev,"",%progbits
 256              	.Ldebug_abbrev0:
 257 0000 01       		.uleb128 0x1
 258 0001 11       		.uleb128 0x11
 259 0002 01       		.byte	0x1
 260 0003 25       		.uleb128 0x25
 261 0004 0E       		.uleb128 0xe
 262 0005 13       		.uleb128 0x13
 263 0006 0B       		.uleb128 0xb
 264 0007 03       		.uleb128 0x3
 265 0008 0E       		.uleb128 0xe
 266 0009 1B       		.uleb128 0x1b
 267 000a 0E       		.uleb128 0xe
 268 000b 55       		.uleb128 0x55
 269 000c 17       		.uleb128 0x17
 270 000d 11       		.uleb128 0x11
 271 000e 01       		.uleb128 0x1
 272 000f 10       		.uleb128 0x10
 273 0010 17       		.uleb128 0x17
 274 0011 00       		.byte	0
 275 0012 00       		.byte	0
 276 0013 02       		.uleb128 0x2
 277 0014 2E       		.uleb128 0x2e
 278 0015 01       		.byte	0x1
 279 0016 3F       		.uleb128 0x3f
 280 0017 19       		.uleb128 0x19
 281 0018 03       		.uleb128 0x3
 282 0019 0E       		.uleb128 0xe
 283 001a 3A       		.uleb128 0x3a
 284 001b 0B       		.uleb128 0xb
 285 001c 3B       		.uleb128 0x3b
 286 001d 0B       		.uleb128 0xb
 287 001e 49       		.uleb128 0x49
 288 001f 13       		.uleb128 0x13
ARM GAS  C:\Users\Timmo\AppData\Local\Temp\cchjhCa7.s 			page 7


 289 0020 11       		.uleb128 0x11
 290 0021 01       		.uleb128 0x1
 291 0022 12       		.uleb128 0x12
 292 0023 06       		.uleb128 0x6
 293 0024 40       		.uleb128 0x40
 294 0025 18       		.uleb128 0x18
 295 0026 9742     		.uleb128 0x2117
 296 0028 19       		.uleb128 0x19
 297 0029 01       		.uleb128 0x1
 298 002a 13       		.uleb128 0x13
 299 002b 00       		.byte	0
 300 002c 00       		.byte	0
 301 002d 03       		.uleb128 0x3
 302 002e 34       		.uleb128 0x34
 303 002f 00       		.byte	0
 304 0030 03       		.uleb128 0x3
 305 0031 0E       		.uleb128 0xe
 306 0032 3A       		.uleb128 0x3a
 307 0033 0B       		.uleb128 0xb
 308 0034 3B       		.uleb128 0x3b
 309 0035 0B       		.uleb128 0xb
 310 0036 49       		.uleb128 0x49
 311 0037 13       		.uleb128 0x13
 312 0038 02       		.uleb128 0x2
 313 0039 17       		.uleb128 0x17
 314 003a 00       		.byte	0
 315 003b 00       		.byte	0
 316 003c 04       		.uleb128 0x4
 317 003d 2E       		.uleb128 0x2e
 318 003e 01       		.byte	0x1
 319 003f 3F       		.uleb128 0x3f
 320 0040 19       		.uleb128 0x19
 321 0041 03       		.uleb128 0x3
 322 0042 0E       		.uleb128 0xe
 323 0043 3A       		.uleb128 0x3a
 324 0044 0B       		.uleb128 0xb
 325 0045 3B       		.uleb128 0x3b
 326 0046 0B       		.uleb128 0xb
 327 0047 49       		.uleb128 0x49
 328 0048 13       		.uleb128 0x13
 329 0049 3C       		.uleb128 0x3c
 330 004a 19       		.uleb128 0x19
 331 004b 01       		.uleb128 0x1
 332 004c 13       		.uleb128 0x13
 333 004d 00       		.byte	0
 334 004e 00       		.byte	0
 335 004f 05       		.uleb128 0x5
 336 0050 18       		.uleb128 0x18
 337 0051 00       		.byte	0
 338 0052 00       		.byte	0
 339 0053 00       		.byte	0
 340 0054 06       		.uleb128 0x6
 341 0055 34       		.uleb128 0x34
 342 0056 00       		.byte	0
 343 0057 03       		.uleb128 0x3
 344 0058 0E       		.uleb128 0xe
 345 0059 3A       		.uleb128 0x3a
ARM GAS  C:\Users\Timmo\AppData\Local\Temp\cchjhCa7.s 			page 8


 346 005a 0B       		.uleb128 0xb
 347 005b 3B       		.uleb128 0x3b
 348 005c 0B       		.uleb128 0xb
 349 005d 49       		.uleb128 0x49
 350 005e 13       		.uleb128 0x13
 351 005f 00       		.byte	0
 352 0060 00       		.byte	0
 353 0061 07       		.uleb128 0x7
 354 0062 0B       		.uleb128 0xb
 355 0063 01       		.byte	0x1
 356 0064 11       		.uleb128 0x11
 357 0065 01       		.uleb128 0x1
 358 0066 12       		.uleb128 0x12
 359 0067 06       		.uleb128 0x6
 360 0068 01       		.uleb128 0x1
 361 0069 13       		.uleb128 0x13
 362 006a 00       		.byte	0
 363 006b 00       		.byte	0
 364 006c 08       		.uleb128 0x8
 365 006d 898201   		.uleb128 0x4109
 366 0070 00       		.byte	0
 367 0071 11       		.uleb128 0x11
 368 0072 01       		.uleb128 0x1
 369 0073 31       		.uleb128 0x31
 370 0074 13       		.uleb128 0x13
 371 0075 00       		.byte	0
 372 0076 00       		.byte	0
 373 0077 09       		.uleb128 0x9
 374 0078 24       		.uleb128 0x24
 375 0079 00       		.byte	0
 376 007a 0B       		.uleb128 0xb
 377 007b 0B       		.uleb128 0xb
 378 007c 3E       		.uleb128 0x3e
 379 007d 0B       		.uleb128 0xb
 380 007e 03       		.uleb128 0x3
 381 007f 08       		.uleb128 0x8
 382 0080 00       		.byte	0
 383 0081 00       		.byte	0
 384 0082 0A       		.uleb128 0xa
 385 0083 24       		.uleb128 0x24
 386 0084 00       		.byte	0
 387 0085 0B       		.uleb128 0xb
 388 0086 0B       		.uleb128 0xb
 389 0087 3E       		.uleb128 0x3e
 390 0088 0B       		.uleb128 0xb
 391 0089 03       		.uleb128 0x3
 392 008a 0E       		.uleb128 0xe
 393 008b 00       		.byte	0
 394 008c 00       		.byte	0
 395 008d 0B       		.uleb128 0xb
 396 008e 2E       		.uleb128 0x2e
 397 008f 00       		.byte	0
 398 0090 3F       		.uleb128 0x3f
 399 0091 19       		.uleb128 0x19
 400 0092 3C       		.uleb128 0x3c
 401 0093 19       		.uleb128 0x19
 402 0094 6E       		.uleb128 0x6e
ARM GAS  C:\Users\Timmo\AppData\Local\Temp\cchjhCa7.s 			page 9


 403 0095 0E       		.uleb128 0xe
 404 0096 03       		.uleb128 0x3
 405 0097 0E       		.uleb128 0xe
 406 0098 3A       		.uleb128 0x3a
 407 0099 0B       		.uleb128 0xb
 408 009a 3B       		.uleb128 0x3b
 409 009b 0B       		.uleb128 0xb
 410 009c 00       		.byte	0
 411 009d 00       		.byte	0
 412 009e 00       		.byte	0
 413              		.section	.debug_loc,"",%progbits
 414              	.Ldebug_loc0:
 415              	.LLST0:
 416 0000 08000000 		.4byte	.LVL1
 417 0004 0B000000 		.4byte	.LVL2-1
 418 0008 0100     		.2byte	0x1
 419 000a 50       		.byte	0x50
 420 000b 0B000000 		.4byte	.LVL2-1
 421 000f 28000000 		.4byte	.LFE0
 422 0013 0100     		.2byte	0x1
 423 0015 54       		.byte	0x54
 424 0016 00000000 		.4byte	0
 425 001a 00000000 		.4byte	0
 426              		.section	.debug_aranges,"",%progbits
 427 0000 24000000 		.4byte	0x24
 428 0004 0200     		.2byte	0x2
 429 0006 00000000 		.4byte	.Ldebug_info0
 430 000a 04       		.byte	0x4
 431 000b 00       		.byte	0
 432 000c 0000     		.2byte	0
 433 000e 0000     		.2byte	0
 434 0010 00000000 		.4byte	.LFB0
 435 0014 28000000 		.4byte	.LFE0-.LFB0
 436 0018 00000000 		.4byte	.LFB1
 437 001c 14000000 		.4byte	.LFE1-.LFB1
 438 0020 00000000 		.4byte	0
 439 0024 00000000 		.4byte	0
 440              		.section	.debug_ranges,"",%progbits
 441              	.Ldebug_ranges0:
 442 0000 00000000 		.4byte	.LFB0
 443 0004 28000000 		.4byte	.LFE0
 444 0008 00000000 		.4byte	.LFB1
 445 000c 14000000 		.4byte	.LFE1
 446 0010 00000000 		.4byte	0
 447 0014 00000000 		.4byte	0
 448              		.section	.debug_line,"",%progbits
 449              	.Ldebug_line0:
 450 0000 55000000 		.section	.debug_str,"MS",%progbits,1
 450      02002700 
 450      00000201 
 450      FB0E0D00 
 450      01010101 
 451              	.LASF11:
 452 0000 4272616B 		.ascii	"BrakeInput1\000"
 452      65496E70 
 452      75743100 
 453              	.LASF12:
ARM GAS  C:\Users\Timmo\AppData\Local\Temp\cchjhCa7.s 			page 10


 454 000c 4272616B 		.ascii	"BrakeInput2\000"
 454      65496E70 
 454      75743200 
 455              	.LASF1:
 456 0018 61694543 		.ascii	"aiECU_BrakeInput2_read\000"
 456      555F4272 
 456      616B6549 
 456      6E707574 
 456      325F7265 
 457              	.LASF0:
 458 002f 61694543 		.ascii	"aiECU_BrakeInput1_read\000"
 458      555F4272 
 458      616B6549 
 458      6E707574 
 458      315F7265 
 459              	.LASF10:
 460 0046 433A5C55 		.ascii	"C:\\Users\\Timmo\\Documents\\GitHub\\Software\\BMS\\"
 460      73657273 
 460      5C54696D 
 460      6D6F5C44 
 460      6F63756D 
 461 0073 424D535F 		.ascii	"BMS_Workspace\\BMS_Master.cydsn\000"
 461      576F726B 
 461      73706163 
 461      655C424D 
 461      535F4D61 
 462              	.LASF3:
 463 0092 53657444 		.ascii	"SetDTC_f011_Brake1InputSC\000"
 463      54435F66 
 463      3031315F 
 463      4272616B 
 463      6531496E 
 464              	.LASF7:
 465 00ac 5F426F6F 		.ascii	"_Bool\000"
 465      6C00
 466              	.LASF5:
 467 00b2 4F757470 		.ascii	"OutputBrakeLight\000"
 467      75744272 
 467      616B654C 
 467      69676874 
 467      00
 468              	.LASF6:
 469 00c3 646F4543 		.ascii	"doECU_BrakeLight_write\000"
 469      555F4272 
 469      616B654C 
 469      69676874 
 469      5F777269 
 470              	.LASF4:
 471 00da 4272616B 		.ascii	"BrakeInputPlausibility\000"
 471      65496E70 
 471      7574506C 
 471      61757369 
 471      62696C69 
 472              	.LASF8:
 473 00f1 474E5520 		.ascii	"GNU C11 5.4.1 20160609 (release) [ARM/embedded-5-br"
 473      43313120 
 473      352E342E 
ARM GAS  C:\Users\Timmo\AppData\Local\Temp\cchjhCa7.s 			page 11


 473      31203230 
 473      31363036 
 474 0124 616E6368 		.ascii	"anch revision 237715] -mcpu=cortex-m3 -mthumb -g -O"
 474      20726576 
 474      6973696F 
 474      6E203233 
 474      37373135 
 475 0157 67202D66 		.ascii	"g -ffunction-sections -ffat-lto-objects\000"
 475      66756E63 
 475      74696F6E 
 475      2D736563 
 475      74696F6E 
 476              	.LASF2:
 477 017f 53657444 		.ascii	"SetDTC_f010_Brake1InputOC\000"
 477      54435F66 
 477      3031305F 
 477      4272616B 
 477      6531496E 
 478              	.LASF9:
 479 0199 44726976 		.ascii	"DriverControls.c\000"
 479      6572436F 
 479      6E74726F 
 479      6C732E63 
 479      00
 480              		.ident	"GCC: (GNU Tools for ARM Embedded Processors) 5.4.1 20160609 (release) [ARM/embedded-5-bran
