ARM GAS  C:\Users\Timmo\AppData\Local\Temp\ccIr1rje.s 			page 1


   1              		.syntax unified
   2              		.cpu cortex-m3
   3              		.fpu softvfp
   4              		.eabi_attribute 20, 1
   5              		.eabi_attribute 21, 1
   6              		.eabi_attribute 23, 3
   7              		.eabi_attribute 24, 1
   8              		.eabi_attribute 25, 1
   9              		.eabi_attribute 26, 1
  10              		.eabi_attribute 30, 1
  11              		.eabi_attribute 34, 1
  12              		.eabi_attribute 18, 4
  13              		.thumb
  14              		.syntax unified
  15              		.file	"mainState.c"
  16              		.text
  17              	.Ltext0:
  18              		.cfi_sections	.debug_frame
  19              	.Letext0:
  20              		.section	.debug_line,"",%progbits
  21              	.Ldebug_line0:
  22              		.section	.debug_str,"MS",%progbits,1
  23              	.LASF0:
  24 0000 433A5C55 		.ascii	"C:\\Users\\Timmo\\Documents\\GitHub\\BMS\\BMS_Works"
  24      73657273 
  24      5C54696D 
  24      6D6F5C44 
  24      6F63756D 
  25 002d 70616365 		.ascii	"pace\\BMS_Master.cydsn\000"
  25      5C424D53 
  25      5F4D6173 
  25      7465722E 
  25      63796473 
  26              	.LASF1:
  27 0043 474E5520 		.ascii	"GNU C11 5.4.1 20160609 (release) [ARM/embedded-5-br"
  27      43313120 
  27      352E342E 
  27      31203230 
  27      31363036 
  28 0076 616E6368 		.ascii	"anch revision 237715] -mcpu=cortex-m3 -mthumb -g -O"
  28      20726576 
  28      6973696F 
  28      6E203233 
  28      37373135 
  29 00a9 67202D66 		.ascii	"g -ffunction-sections -ffat-lto-objects\000"
  29      66756E63 
  29      74696F6E 
  29      2D736563 
  29      74696F6E 
  30              	.LASF2:
  31 00d1 6D61696E 		.ascii	"mainState.c\000"
  31      53746174 
  31      652E6300 
  32              		.ident	"GCC: (GNU Tools for ARM Embedded Processors) 5.4.1 20160609 (release) [ARM/embedded-5-bran
