ARM GAS  C:\Users\Timmo\AppData\Local\Temp\ccUCVOiW.s 			page 1


   1              		.syntax unified
   2              		.cpu cortex-m3
   3              		.fpu softvfp
   4              		.eabi_attribute 20, 1
   5              		.eabi_attribute 21, 1
   6              		.eabi_attribute 23, 3
   7              		.eabi_attribute 24, 1
   8              		.eabi_attribute 25, 1
   9              		.eabi_attribute 26, 1
  10              		.eabi_attribute 30, 1
  11              		.eabi_attribute 34, 1
  12              		.eabi_attribute 18, 4
  13              		.thumb
  14              		.syntax unified
  15              		.file	"main.c"
  16              		.text
  17              	.Ltext0:
  18              		.cfi_sections	.debug_frame
  19              		.section	.text.initializeComms,"ax",%progbits
  20              		.align	2
  21              		.global	initializeComms
  22              		.thumb
  23              		.thumb_func
  24              		.type	initializeComms, %function
  25              	initializeComms:
  26              	.LFB64:
  27              		.file 1 "main.c"
   1:main.c        **** /* ========================================
   2:main.c        ****  *
   3:main.c        ****  * Copyright YOUR COMPANY, THE YEAR
   4:main.c        ****  * All Rights Reserved
   5:main.c        ****  * UNPUBLISHED, LICENSED SOFTWARE.
   6:main.c        ****  *
   7:main.c        ****  * CONFIDENTIAL AND PROPRIETARY INFORMATION
   8:main.c        ****  * WHICH IS THE PROPERTY OF your company.
   9:main.c        ****  *
  10:main.c        ****  * ========================================
  11:main.c        **** */
  12:main.c        **** #include "project.h"
  13:main.c        **** #include "global.h"
  14:main.c        **** #include "UART.h"
  15:main.c        **** 
  16:main.c        **** #define DEBUG_MODE   TRUE
  17:main.c        **** 
  18:main.c        **** /* Function Prototypes */
  19:main.c        **** void initializeComms(void);
  20:main.c        **** 
  21:main.c        **** 
  22:main.c        **** 
  23:main.c        **** 
  24:main.c        **** int main(void)
  25:main.c        **** {
  26:main.c        ****     CyGlobalIntEnable; /* Enable global interrupts. */
  27:main.c        ****     initializeComms();
  28:main.c        **** 
  29:main.c        **** 
  30:main.c        ****     for(;;)
ARM GAS  C:\Users\Timmo\AppData\Local\Temp\ccUCVOiW.s 			page 2


  31:main.c        ****     {
  32:main.c        ****         UART_DBG_PutString("Printf is working correctly \n");
  33:main.c        ****         doBMS_RelayPreCharge_Write(1);
  34:main.c        ****         CyDelay(500);
  35:main.c        ****         doBMS_RelayPreCharge_Write(0);
  36:main.c        ****         CyDelay(500);    
  37:main.c        ****     }
  38:main.c        **** }
  39:main.c        **** 
  40:main.c        **** 
  41:main.c        **** void initializeComms(void)
  42:main.c        **** {
  28              		.loc 1 42 0
  29              		.cfi_startproc
  30              		@ args = 0, pretend = 0, frame = 0
  31              		@ frame_needed = 0, uses_anonymous_args = 0
  32 0000 08B5     		push	{r3, lr}
  33              		.cfi_def_cfa_offset 8
  34              		.cfi_offset 3, -8
  35              		.cfi_offset 14, -4
  43:main.c        ****     /* Start UART First, so that we can print any issues */
  44:main.c        ****     if (DEBUG_MODE)
  45:main.c        ****     {
  46:main.c        ****         UART_DBG_Start();                                   /* Start communication component */
  36              		.loc 1 46 0
  37 0002 FFF7FEFF 		bl	UART_DBG_Start
  38              	.LVL0:
  47:main.c        ****         UART_DBG_PutString("Enabled UART \n");
  39              		.loc 1 47 0
  40 0006 0548     		ldr	r0, .L3
  41 0008 FFF7FEFF 		bl	UART_DBG_PutString
  42              	.LVL1:
  48:main.c        ****         isr_RxUart_StartEx(isrUartRxHandler);               /* Interrupt Routine to recieve UART me
  43              		.loc 1 48 0
  44 000c 0448     		ldr	r0, .L3+4
  45 000e FFF7FEFF 		bl	isr_RxUart_StartEx
  46              	.LVL2:
  49:main.c        ****         UART_DBG_PutString("Debug Mode is ACTIVE \n");
  47              		.loc 1 49 0
  48 0012 0448     		ldr	r0, .L3+8
  49 0014 FFF7FEFF 		bl	UART_DBG_PutString
  50              	.LVL3:
  51 0018 08BD     		pop	{r3, pc}
  52              	.L4:
  53 001a 00BF     		.align	2
  54              	.L3:
  55 001c 00000000 		.word	.LC0
  56 0020 00000000 		.word	isrUartRxHandler
  57 0024 10000000 		.word	.LC1
  58              		.cfi_endproc
  59              	.LFE64:
  60              		.size	initializeComms, .-initializeComms
  61              		.section	.text.main,"ax",%progbits
  62              		.align	2
  63              		.global	main
  64              		.thumb
  65              		.thumb_func
ARM GAS  C:\Users\Timmo\AppData\Local\Temp\ccUCVOiW.s 			page 3


  66              		.type	main, %function
  67              	main:
  68              	.LFB63:
  25:main.c        ****     CyGlobalIntEnable; /* Enable global interrupts. */
  69              		.loc 1 25 0
  70              		.cfi_startproc
  71              		@ Volatile: function does not return.
  72              		@ args = 0, pretend = 0, frame = 0
  73              		@ frame_needed = 0, uses_anonymous_args = 0
  74 0000 08B5     		push	{r3, lr}
  75              		.cfi_def_cfa_offset 8
  76              		.cfi_offset 3, -8
  77              		.cfi_offset 14, -4
  26:main.c        ****     initializeComms();
  78              		.loc 1 26 0
  79              		.syntax unified
  80              	@ 26 "main.c" 1
  81 0002 62B6     		CPSIE   i
  82              	@ 0 "" 2
  27:main.c        **** 
  83              		.loc 1 27 0
  84              		.thumb
  85              		.syntax unified
  86 0004 FFF7FEFF 		bl	initializeComms
  87              	.LVL4:
  88              	.L6:
  32:main.c        ****         doBMS_RelayPreCharge_Write(1);
  89              		.loc 1 32 0 discriminator 1
  90 0008 0848     		ldr	r0, .L8
  91 000a FFF7FEFF 		bl	UART_DBG_PutString
  92              	.LVL5:
  33:main.c        ****         CyDelay(500);
  93              		.loc 1 33 0 discriminator 1
  94 000e 0120     		movs	r0, #1
  95 0010 FFF7FEFF 		bl	doBMS_RelayPreCharge_Write
  96              	.LVL6:
  34:main.c        ****         doBMS_RelayPreCharge_Write(0);
  97              		.loc 1 34 0 discriminator 1
  98 0014 4FF4FA70 		mov	r0, #500
  99 0018 FFF7FEFF 		bl	CyDelay
 100              	.LVL7:
  35:main.c        ****         CyDelay(500);    
 101              		.loc 1 35 0 discriminator 1
 102 001c 0020     		movs	r0, #0
 103 001e FFF7FEFF 		bl	doBMS_RelayPreCharge_Write
 104              	.LVL8:
  36:main.c        ****     }
 105              		.loc 1 36 0 discriminator 1
 106 0022 4FF4FA70 		mov	r0, #500
 107 0026 FFF7FEFF 		bl	CyDelay
 108              	.LVL9:
 109 002a EDE7     		b	.L6
 110              	.L9:
 111              		.align	2
 112              	.L8:
 113 002c 28000000 		.word	.LC2
 114              		.cfi_endproc
ARM GAS  C:\Users\Timmo\AppData\Local\Temp\ccUCVOiW.s 			page 4


 115              	.LFE63:
 116              		.size	main, .-main
 117              		.section	.rodata.str1.4,"aMS",%progbits,1
 118              		.align	2
 119              	.LC0:
 120 0000 456E6162 		.ascii	"Enabled UART \012\000"
 120      6C656420 
 120      55415254 
 120      200A00
 121 000f 00       		.space	1
 122              	.LC1:
 123 0010 44656275 		.ascii	"Debug Mode is ACTIVE \012\000"
 123      67204D6F 
 123      64652069 
 123      73204143 
 123      54495645 
 124 0027 00       		.space	1
 125              	.LC2:
 126 0028 5072696E 		.ascii	"Printf is working correctly \012\000"
 126      74662069 
 126      7320776F 
 126      726B696E 
 126      6720636F 
 127              		.text
 128              	.Letext0:
 129              		.file 2 "c:\\program files (x86)\\cypress\\psoc creator\\4.2\\psoc creator\\import\\gnu\\arm\\5.4.
 130              		.file 3 "c:\\program files (x86)\\cypress\\psoc creator\\4.2\\psoc creator\\import\\gnu\\arm\\5.4.
 131              		.file 4 "Generated_Source\\PSoC5/UART_DBG.h"
 132              		.file 5 "Generated_Source\\PSoC5/isr_RxUart.h"
 133              		.file 6 "Generated_Source\\PSoC5/doBMS_RelayPreCharge.h"
 134              		.file 7 "Generated_Source\\PSoC5/CyLib.h"
 135              		.file 8 "Generated_Source\\PSoC5/core_cm3.h"
 136              		.section	.debug_info,"",%progbits
 137              	.Ldebug_info0:
 138 0000 C1010000 		.4byte	0x1c1
 139 0004 0400     		.2byte	0x4
 140 0006 00000000 		.4byte	.Ldebug_abbrev0
 141 000a 04       		.byte	0x4
 142 000b 01       		.uleb128 0x1
 143 000c 59000000 		.4byte	.LASF21
 144 0010 0C       		.byte	0xc
 145 0011 2E000000 		.4byte	.LASF22
 146 0015 01010000 		.4byte	.LASF23
 147 0019 00000000 		.4byte	.Ldebug_ranges0+0
 148 001d 00000000 		.4byte	0
 149 0021 00000000 		.4byte	.Ldebug_line0
 150 0025 02       		.uleb128 0x2
 151 0026 01       		.byte	0x1
 152 0027 06       		.byte	0x6
 153 0028 4D000000 		.4byte	.LASF0
 154 002c 02       		.uleb128 0x2
 155 002d 01       		.byte	0x1
 156 002e 08       		.byte	0x8
 157 002f 7F010000 		.4byte	.LASF1
 158 0033 02       		.uleb128 0x2
 159 0034 02       		.byte	0x2
 160 0035 05       		.byte	0x5
ARM GAS  C:\Users\Timmo\AppData\Local\Temp\ccUCVOiW.s 			page 5


 161 0036 FD010000 		.4byte	.LASF2
 162 003a 02       		.uleb128 0x2
 163 003b 02       		.byte	0x2
 164 003c 07       		.byte	0x7
 165 003d 0E000000 		.4byte	.LASF3
 166 0041 03       		.uleb128 0x3
 167 0042 E4010000 		.4byte	.LASF9
 168 0046 02       		.byte	0x2
 169 0047 3F       		.byte	0x3f
 170 0048 4C000000 		.4byte	0x4c
 171 004c 02       		.uleb128 0x2
 172 004d 04       		.byte	0x4
 173 004e 05       		.byte	0x5
 174 004f F4010000 		.4byte	.LASF4
 175 0053 02       		.uleb128 0x2
 176 0054 04       		.byte	0x4
 177 0055 07       		.byte	0x7
 178 0056 EF000000 		.4byte	.LASF5
 179 005a 02       		.uleb128 0x2
 180 005b 08       		.byte	0x8
 181 005c 05       		.byte	0x5
 182 005d 00000000 		.4byte	.LASF6
 183 0061 02       		.uleb128 0x2
 184 0062 08       		.byte	0x8
 185 0063 07       		.byte	0x7
 186 0064 68010000 		.4byte	.LASF7
 187 0068 04       		.uleb128 0x4
 188 0069 04       		.byte	0x4
 189 006a 05       		.byte	0x5
 190 006b 696E7400 		.ascii	"int\000"
 191 006f 02       		.uleb128 0x2
 192 0070 04       		.byte	0x4
 193 0071 07       		.byte	0x7
 194 0072 21000000 		.4byte	.LASF8
 195 0076 03       		.uleb128 0x3
 196 0077 07020000 		.4byte	.LASF10
 197 007b 03       		.byte	0x3
 198 007c 2C       		.byte	0x2c
 199 007d 41000000 		.4byte	0x41
 200 0081 02       		.uleb128 0x2
 201 0082 04       		.byte	0x4
 202 0083 04       		.byte	0x4
 203 0084 EE010000 		.4byte	.LASF11
 204 0088 02       		.uleb128 0x2
 205 0089 08       		.byte	0x8
 206 008a 04       		.byte	0x4
 207 008b A5010000 		.4byte	.LASF12
 208 008f 02       		.uleb128 0x2
 209 0090 01       		.byte	0x1
 210 0091 08       		.byte	0x8
 211 0092 8D010000 		.4byte	.LASF13
 212 0096 02       		.uleb128 0x2
 213 0097 08       		.byte	0x8
 214 0098 04       		.byte	0x4
 215 0099 D8010000 		.4byte	.LASF14
 216 009d 02       		.uleb128 0x2
 217 009e 04       		.byte	0x4
ARM GAS  C:\Users\Timmo\AppData\Local\Temp\ccUCVOiW.s 			page 6


 218 009f 07       		.byte	0x7
 219 00a0 0F020000 		.4byte	.LASF15
 220 00a4 05       		.uleb128 0x5
 221 00a5 C8010000 		.4byte	.LASF24
 222 00a9 01       		.byte	0x1
 223 00aa 29       		.byte	0x29
 224 00ab 00000000 		.4byte	.LFB64
 225 00af 28000000 		.4byte	.LFE64-.LFB64
 226 00b3 01       		.uleb128 0x1
 227 00b4 9C       		.byte	0x9c
 228 00b5 F6000000 		.4byte	0xf6
 229 00b9 06       		.uleb128 0x6
 230 00ba 06000000 		.4byte	.LVL0
 231 00be 8D010000 		.4byte	0x18d
 232 00c2 07       		.uleb128 0x7
 233 00c3 0C000000 		.4byte	.LVL1
 234 00c7 98010000 		.4byte	0x198
 235 00cb D9000000 		.4byte	0xd9
 236 00cf 08       		.uleb128 0x8
 237 00d0 01       		.uleb128 0x1
 238 00d1 50       		.byte	0x50
 239 00d2 05       		.uleb128 0x5
 240 00d3 03       		.byte	0x3
 241 00d4 00000000 		.4byte	.LC0
 242 00d8 00       		.byte	0
 243 00d9 06       		.uleb128 0x6
 244 00da 12000000 		.4byte	.LVL2
 245 00de A3010000 		.4byte	0x1a3
 246 00e2 09       		.uleb128 0x9
 247 00e3 18000000 		.4byte	.LVL3
 248 00e7 98010000 		.4byte	0x198
 249 00eb 08       		.uleb128 0x8
 250 00ec 01       		.uleb128 0x1
 251 00ed 50       		.byte	0x50
 252 00ee 05       		.uleb128 0x5
 253 00ef 03       		.byte	0x3
 254 00f0 10000000 		.4byte	.LC1
 255 00f4 00       		.byte	0
 256 00f5 00       		.byte	0
 257 00f6 0A       		.uleb128 0xa
 258 00f7 35000000 		.4byte	.LASF25
 259 00fb 01       		.byte	0x1
 260 00fc 18       		.byte	0x18
 261 00fd 68000000 		.4byte	0x68
 262 0101 00000000 		.4byte	.LFB63
 263 0105 30000000 		.4byte	.LFE63-.LFB63
 264 0109 01       		.uleb128 0x1
 265 010a 9C       		.byte	0x9c
 266 010b 7C010000 		.4byte	0x17c
 267 010f 06       		.uleb128 0x6
 268 0110 08000000 		.4byte	.LVL4
 269 0114 A4000000 		.4byte	0xa4
 270 0118 07       		.uleb128 0x7
 271 0119 0E000000 		.4byte	.LVL5
 272 011d 98010000 		.4byte	0x198
 273 0121 2F010000 		.4byte	0x12f
 274 0125 08       		.uleb128 0x8
ARM GAS  C:\Users\Timmo\AppData\Local\Temp\ccUCVOiW.s 			page 7


 275 0126 01       		.uleb128 0x1
 276 0127 50       		.byte	0x50
 277 0128 05       		.uleb128 0x5
 278 0129 03       		.byte	0x3
 279 012a 28000000 		.4byte	.LC2
 280 012e 00       		.byte	0
 281 012f 07       		.uleb128 0x7
 282 0130 14000000 		.4byte	.LVL6
 283 0134 AE010000 		.4byte	0x1ae
 284 0138 42010000 		.4byte	0x142
 285 013c 08       		.uleb128 0x8
 286 013d 01       		.uleb128 0x1
 287 013e 50       		.byte	0x50
 288 013f 01       		.uleb128 0x1
 289 0140 31       		.byte	0x31
 290 0141 00       		.byte	0
 291 0142 07       		.uleb128 0x7
 292 0143 1C000000 		.4byte	.LVL7
 293 0147 B9010000 		.4byte	0x1b9
 294 014b 57010000 		.4byte	0x157
 295 014f 08       		.uleb128 0x8
 296 0150 01       		.uleb128 0x1
 297 0151 50       		.byte	0x50
 298 0152 03       		.uleb128 0x3
 299 0153 0A       		.byte	0xa
 300 0154 F401     		.2byte	0x1f4
 301 0156 00       		.byte	0
 302 0157 07       		.uleb128 0x7
 303 0158 22000000 		.4byte	.LVL8
 304 015c AE010000 		.4byte	0x1ae
 305 0160 6A010000 		.4byte	0x16a
 306 0164 08       		.uleb128 0x8
 307 0165 01       		.uleb128 0x1
 308 0166 50       		.byte	0x50
 309 0167 01       		.uleb128 0x1
 310 0168 30       		.byte	0x30
 311 0169 00       		.byte	0
 312 016a 09       		.uleb128 0x9
 313 016b 2A000000 		.4byte	.LVL9
 314 016f B9010000 		.4byte	0x1b9
 315 0173 08       		.uleb128 0x8
 316 0174 01       		.uleb128 0x1
 317 0175 50       		.byte	0x50
 318 0176 03       		.uleb128 0x3
 319 0177 0A       		.byte	0xa
 320 0178 F401     		.2byte	0x1f4
 321 017a 00       		.byte	0
 322 017b 00       		.byte	0
 323 017c 0B       		.uleb128 0xb
 324 017d BB010000 		.4byte	.LASF26
 325 0181 08       		.byte	0x8
 326 0182 1207     		.2byte	0x712
 327 0184 88010000 		.4byte	0x188
 328 0188 0C       		.uleb128 0xc
 329 0189 76000000 		.4byte	0x76
 330 018d 0D       		.uleb128 0xd
 331 018e AC010000 		.4byte	.LASF16
ARM GAS  C:\Users\Timmo\AppData\Local\Temp\ccUCVOiW.s 			page 8


 332 0192 AC010000 		.4byte	.LASF16
 333 0196 04       		.byte	0x4
 334 0197 54       		.byte	0x54
 335 0198 0D       		.uleb128 0xd
 336 0199 3A000000 		.4byte	.LASF17
 337 019d 3A000000 		.4byte	.LASF17
 338 01a1 04       		.byte	0x4
 339 01a2 8B       		.byte	0x8b
 340 01a3 0D       		.uleb128 0xd
 341 01a4 92010000 		.4byte	.LASF18
 342 01a8 92010000 		.4byte	.LASF18
 343 01ac 05       		.byte	0x5
 344 01ad 18       		.byte	0x18
 345 01ae 0D       		.uleb128 0xd
 346 01af 4D010000 		.4byte	.LASF19
 347 01b3 4D010000 		.4byte	.LASF19
 348 01b7 06       		.byte	0x6
 349 01b8 26       		.byte	0x26
 350 01b9 0D       		.uleb128 0xd
 351 01ba E7000000 		.4byte	.LASF20
 352 01be E7000000 		.4byte	.LASF20
 353 01c2 07       		.byte	0x7
 354 01c3 76       		.byte	0x76
 355 01c4 00       		.byte	0
 356              		.section	.debug_abbrev,"",%progbits
 357              	.Ldebug_abbrev0:
 358 0000 01       		.uleb128 0x1
 359 0001 11       		.uleb128 0x11
 360 0002 01       		.byte	0x1
 361 0003 25       		.uleb128 0x25
 362 0004 0E       		.uleb128 0xe
 363 0005 13       		.uleb128 0x13
 364 0006 0B       		.uleb128 0xb
 365 0007 03       		.uleb128 0x3
 366 0008 0E       		.uleb128 0xe
 367 0009 1B       		.uleb128 0x1b
 368 000a 0E       		.uleb128 0xe
 369 000b 55       		.uleb128 0x55
 370 000c 17       		.uleb128 0x17
 371 000d 11       		.uleb128 0x11
 372 000e 01       		.uleb128 0x1
 373 000f 10       		.uleb128 0x10
 374 0010 17       		.uleb128 0x17
 375 0011 00       		.byte	0
 376 0012 00       		.byte	0
 377 0013 02       		.uleb128 0x2
 378 0014 24       		.uleb128 0x24
 379 0015 00       		.byte	0
 380 0016 0B       		.uleb128 0xb
 381 0017 0B       		.uleb128 0xb
 382 0018 3E       		.uleb128 0x3e
 383 0019 0B       		.uleb128 0xb
 384 001a 03       		.uleb128 0x3
 385 001b 0E       		.uleb128 0xe
 386 001c 00       		.byte	0
 387 001d 00       		.byte	0
 388 001e 03       		.uleb128 0x3
ARM GAS  C:\Users\Timmo\AppData\Local\Temp\ccUCVOiW.s 			page 9


 389 001f 16       		.uleb128 0x16
 390 0020 00       		.byte	0
 391 0021 03       		.uleb128 0x3
 392 0022 0E       		.uleb128 0xe
 393 0023 3A       		.uleb128 0x3a
 394 0024 0B       		.uleb128 0xb
 395 0025 3B       		.uleb128 0x3b
 396 0026 0B       		.uleb128 0xb
 397 0027 49       		.uleb128 0x49
 398 0028 13       		.uleb128 0x13
 399 0029 00       		.byte	0
 400 002a 00       		.byte	0
 401 002b 04       		.uleb128 0x4
 402 002c 24       		.uleb128 0x24
 403 002d 00       		.byte	0
 404 002e 0B       		.uleb128 0xb
 405 002f 0B       		.uleb128 0xb
 406 0030 3E       		.uleb128 0x3e
 407 0031 0B       		.uleb128 0xb
 408 0032 03       		.uleb128 0x3
 409 0033 08       		.uleb128 0x8
 410 0034 00       		.byte	0
 411 0035 00       		.byte	0
 412 0036 05       		.uleb128 0x5
 413 0037 2E       		.uleb128 0x2e
 414 0038 01       		.byte	0x1
 415 0039 3F       		.uleb128 0x3f
 416 003a 19       		.uleb128 0x19
 417 003b 03       		.uleb128 0x3
 418 003c 0E       		.uleb128 0xe
 419 003d 3A       		.uleb128 0x3a
 420 003e 0B       		.uleb128 0xb
 421 003f 3B       		.uleb128 0x3b
 422 0040 0B       		.uleb128 0xb
 423 0041 27       		.uleb128 0x27
 424 0042 19       		.uleb128 0x19
 425 0043 11       		.uleb128 0x11
 426 0044 01       		.uleb128 0x1
 427 0045 12       		.uleb128 0x12
 428 0046 06       		.uleb128 0x6
 429 0047 40       		.uleb128 0x40
 430 0048 18       		.uleb128 0x18
 431 0049 9742     		.uleb128 0x2117
 432 004b 19       		.uleb128 0x19
 433 004c 01       		.uleb128 0x1
 434 004d 13       		.uleb128 0x13
 435 004e 00       		.byte	0
 436 004f 00       		.byte	0
 437 0050 06       		.uleb128 0x6
 438 0051 898201   		.uleb128 0x4109
 439 0054 00       		.byte	0
 440 0055 11       		.uleb128 0x11
 441 0056 01       		.uleb128 0x1
 442 0057 31       		.uleb128 0x31
 443 0058 13       		.uleb128 0x13
 444 0059 00       		.byte	0
 445 005a 00       		.byte	0
ARM GAS  C:\Users\Timmo\AppData\Local\Temp\ccUCVOiW.s 			page 10


 446 005b 07       		.uleb128 0x7
 447 005c 898201   		.uleb128 0x4109
 448 005f 01       		.byte	0x1
 449 0060 11       		.uleb128 0x11
 450 0061 01       		.uleb128 0x1
 451 0062 31       		.uleb128 0x31
 452 0063 13       		.uleb128 0x13
 453 0064 01       		.uleb128 0x1
 454 0065 13       		.uleb128 0x13
 455 0066 00       		.byte	0
 456 0067 00       		.byte	0
 457 0068 08       		.uleb128 0x8
 458 0069 8A8201   		.uleb128 0x410a
 459 006c 00       		.byte	0
 460 006d 02       		.uleb128 0x2
 461 006e 18       		.uleb128 0x18
 462 006f 9142     		.uleb128 0x2111
 463 0071 18       		.uleb128 0x18
 464 0072 00       		.byte	0
 465 0073 00       		.byte	0
 466 0074 09       		.uleb128 0x9
 467 0075 898201   		.uleb128 0x4109
 468 0078 01       		.byte	0x1
 469 0079 11       		.uleb128 0x11
 470 007a 01       		.uleb128 0x1
 471 007b 31       		.uleb128 0x31
 472 007c 13       		.uleb128 0x13
 473 007d 00       		.byte	0
 474 007e 00       		.byte	0
 475 007f 0A       		.uleb128 0xa
 476 0080 2E       		.uleb128 0x2e
 477 0081 01       		.byte	0x1
 478 0082 3F       		.uleb128 0x3f
 479 0083 19       		.uleb128 0x19
 480 0084 03       		.uleb128 0x3
 481 0085 0E       		.uleb128 0xe
 482 0086 3A       		.uleb128 0x3a
 483 0087 0B       		.uleb128 0xb
 484 0088 3B       		.uleb128 0x3b
 485 0089 0B       		.uleb128 0xb
 486 008a 27       		.uleb128 0x27
 487 008b 19       		.uleb128 0x19
 488 008c 49       		.uleb128 0x49
 489 008d 13       		.uleb128 0x13
 490 008e 8701     		.uleb128 0x87
 491 0090 19       		.uleb128 0x19
 492 0091 11       		.uleb128 0x11
 493 0092 01       		.uleb128 0x1
 494 0093 12       		.uleb128 0x12
 495 0094 06       		.uleb128 0x6
 496 0095 40       		.uleb128 0x40
 497 0096 18       		.uleb128 0x18
 498 0097 9742     		.uleb128 0x2117
 499 0099 19       		.uleb128 0x19
 500 009a 01       		.uleb128 0x1
 501 009b 13       		.uleb128 0x13
 502 009c 00       		.byte	0
ARM GAS  C:\Users\Timmo\AppData\Local\Temp\ccUCVOiW.s 			page 11


 503 009d 00       		.byte	0
 504 009e 0B       		.uleb128 0xb
 505 009f 34       		.uleb128 0x34
 506 00a0 00       		.byte	0
 507 00a1 03       		.uleb128 0x3
 508 00a2 0E       		.uleb128 0xe
 509 00a3 3A       		.uleb128 0x3a
 510 00a4 0B       		.uleb128 0xb
 511 00a5 3B       		.uleb128 0x3b
 512 00a6 05       		.uleb128 0x5
 513 00a7 49       		.uleb128 0x49
 514 00a8 13       		.uleb128 0x13
 515 00a9 3F       		.uleb128 0x3f
 516 00aa 19       		.uleb128 0x19
 517 00ab 3C       		.uleb128 0x3c
 518 00ac 19       		.uleb128 0x19
 519 00ad 00       		.byte	0
 520 00ae 00       		.byte	0
 521 00af 0C       		.uleb128 0xc
 522 00b0 35       		.uleb128 0x35
 523 00b1 00       		.byte	0
 524 00b2 49       		.uleb128 0x49
 525 00b3 13       		.uleb128 0x13
 526 00b4 00       		.byte	0
 527 00b5 00       		.byte	0
 528 00b6 0D       		.uleb128 0xd
 529 00b7 2E       		.uleb128 0x2e
 530 00b8 00       		.byte	0
 531 00b9 3F       		.uleb128 0x3f
 532 00ba 19       		.uleb128 0x19
 533 00bb 3C       		.uleb128 0x3c
 534 00bc 19       		.uleb128 0x19
 535 00bd 6E       		.uleb128 0x6e
 536 00be 0E       		.uleb128 0xe
 537 00bf 03       		.uleb128 0x3
 538 00c0 0E       		.uleb128 0xe
 539 00c1 3A       		.uleb128 0x3a
 540 00c2 0B       		.uleb128 0xb
 541 00c3 3B       		.uleb128 0x3b
 542 00c4 0B       		.uleb128 0xb
 543 00c5 00       		.byte	0
 544 00c6 00       		.byte	0
 545 00c7 00       		.byte	0
 546              		.section	.debug_aranges,"",%progbits
 547 0000 24000000 		.4byte	0x24
 548 0004 0200     		.2byte	0x2
 549 0006 00000000 		.4byte	.Ldebug_info0
 550 000a 04       		.byte	0x4
 551 000b 00       		.byte	0
 552 000c 0000     		.2byte	0
 553 000e 0000     		.2byte	0
 554 0010 00000000 		.4byte	.LFB64
 555 0014 28000000 		.4byte	.LFE64-.LFB64
 556 0018 00000000 		.4byte	.LFB63
 557 001c 30000000 		.4byte	.LFE63-.LFB63
 558 0020 00000000 		.4byte	0
 559 0024 00000000 		.4byte	0
ARM GAS  C:\Users\Timmo\AppData\Local\Temp\ccUCVOiW.s 			page 12


 560              		.section	.debug_ranges,"",%progbits
 561              	.Ldebug_ranges0:
 562 0000 00000000 		.4byte	.LFB64
 563 0004 28000000 		.4byte	.LFE64
 564 0008 00000000 		.4byte	.LFB63
 565 000c 30000000 		.4byte	.LFE63
 566 0010 00000000 		.4byte	0
 567 0014 00000000 		.4byte	0
 568              		.section	.debug_line,"",%progbits
 569              	.Ldebug_line0:
 570 0000 C5010000 		.section	.debug_str,"MS",%progbits,1
 570      02008201 
 570      00000201 
 570      FB0E0D00 
 570      01010101 
 571              	.LASF6:
 572 0000 6C6F6E67 		.ascii	"long long int\000"
 572      206C6F6E 
 572      6720696E 
 572      7400
 573              	.LASF3:
 574 000e 73686F72 		.ascii	"short unsigned int\000"
 574      7420756E 
 574      7369676E 
 574      65642069 
 574      6E7400
 575              	.LASF8:
 576 0021 756E7369 		.ascii	"unsigned int\000"
 576      676E6564 
 576      20696E74 
 576      00
 577              	.LASF22:
 578 002e 6D61696E 		.ascii	"main.c\000"
 578      2E6300
 579              	.LASF25:
 580 0035 6D61696E 		.ascii	"main\000"
 580      00
 581              	.LASF17:
 582 003a 55415254 		.ascii	"UART_DBG_PutString\000"
 582      5F444247 
 582      5F507574 
 582      53747269 
 582      6E6700
 583              	.LASF0:
 584 004d 7369676E 		.ascii	"signed char\000"
 584      65642063 
 584      68617200 
 585              	.LASF21:
 586 0059 474E5520 		.ascii	"GNU C11 5.4.1 20160609 (release) [ARM/embedded-5-br"
 586      43313120 
 586      352E342E 
 586      31203230 
 586      31363036 
 587 008c 616E6368 		.ascii	"anch revision 237715] -mcpu=cortex-m3 -mthumb -g -O"
 587      20726576 
 587      6973696F 
 587      6E203233 
ARM GAS  C:\Users\Timmo\AppData\Local\Temp\ccUCVOiW.s 			page 13


 587      37373135 
 588 00bf 67202D66 		.ascii	"g -ffunction-sections -ffat-lto-objects\000"
 588      66756E63 
 588      74696F6E 
 588      2D736563 
 588      74696F6E 
 589              	.LASF20:
 590 00e7 43794465 		.ascii	"CyDelay\000"
 590      6C617900 
 591              	.LASF5:
 592 00ef 6C6F6E67 		.ascii	"long unsigned int\000"
 592      20756E73 
 592      69676E65 
 592      6420696E 
 592      7400
 593              	.LASF23:
 594 0101 433A5C55 		.ascii	"C:\\Users\\Timmo\\Documents\\GitHub\\Software\\BMS\\"
 594      73657273 
 594      5C54696D 
 594      6D6F5C44 
 594      6F63756D 
 595 012e 424D535F 		.ascii	"BMS_Workspace\\BMS_Master.cydsn\000"
 595      576F726B 
 595      73706163 
 595      655C424D 
 595      535F4D61 
 596              	.LASF19:
 597 014d 646F424D 		.ascii	"doBMS_RelayPreCharge_Write\000"
 597      535F5265 
 597      6C617950 
 597      72654368 
 597      61726765 
 598              	.LASF7:
 599 0168 6C6F6E67 		.ascii	"long long unsigned int\000"
 599      206C6F6E 
 599      6720756E 
 599      7369676E 
 599      65642069 
 600              	.LASF1:
 601 017f 756E7369 		.ascii	"unsigned char\000"
 601      676E6564 
 601      20636861 
 601      7200
 602              	.LASF13:
 603 018d 63686172 		.ascii	"char\000"
 603      00
 604              	.LASF18:
 605 0192 6973725F 		.ascii	"isr_RxUart_StartEx\000"
 605      52785561 
 605      72745F53 
 605      74617274 
 605      457800
 606              	.LASF12:
 607 01a5 646F7562 		.ascii	"double\000"
 607      6C6500
 608              	.LASF16:
 609 01ac 55415254 		.ascii	"UART_DBG_Start\000"
ARM GAS  C:\Users\Timmo\AppData\Local\Temp\ccUCVOiW.s 			page 14


 609      5F444247 
 609      5F537461 
 609      727400
 610              	.LASF26:
 611 01bb 49544D5F 		.ascii	"ITM_RxBuffer\000"
 611      52784275 
 611      66666572 
 611      00
 612              	.LASF24:
 613 01c8 696E6974 		.ascii	"initializeComms\000"
 613      69616C69 
 613      7A65436F 
 613      6D6D7300 
 614              	.LASF14:
 615 01d8 6C6F6E67 		.ascii	"long double\000"
 615      20646F75 
 615      626C6500 
 616              	.LASF9:
 617 01e4 5F5F696E 		.ascii	"__int32_t\000"
 617      7433325F 
 617      7400
 618              	.LASF11:
 619 01ee 666C6F61 		.ascii	"float\000"
 619      7400
 620              	.LASF4:
 621 01f4 6C6F6E67 		.ascii	"long int\000"
 621      20696E74 
 621      00
 622              	.LASF2:
 623 01fd 73686F72 		.ascii	"short int\000"
 623      7420696E 
 623      7400
 624              	.LASF10:
 625 0207 696E7433 		.ascii	"int32_t\000"
 625      325F7400 
 626              	.LASF15:
 627 020f 73697A65 		.ascii	"sizetype\000"
 627      74797065 
 627      00
 628              		.ident	"GCC: (GNU Tools for ARM Embedded Processors) 5.4.1 20160609 (release) [ARM/embedded-5-bran
