ARM GAS  C:\Users\Timmo\AppData\Local\Temp\ccg7Ph1K.s 			page 1


   1              		.syntax unified
   2              		.cpu cortex-m3
   3              		.fpu softvfp
   4              		.eabi_attribute 20, 1
   5              		.eabi_attribute 21, 1
   6              		.eabi_attribute 23, 3
   7              		.eabi_attribute 24, 1
   8              		.eabi_attribute 25, 1
   9              		.eabi_attribute 26, 1
  10              		.eabi_attribute 30, 1
  11              		.eabi_attribute 34, 1
  12              		.eabi_attribute 18, 4
  13              		.thumb
  14              		.syntax unified
  15              		.file	"UART.c"
  16              		.text
  17              	.Ltext0:
  18              		.cfi_sections	.debug_frame
  19              		.section	.text.isrUartRxHandler,"ax",%progbits
  20              		.align	2
  21              		.global	isrUartRxHandler
  22              		.thumb
  23              		.thumb_func
  24              		.type	isrUartRxHandler, %function
  25              	isrUartRxHandler:
  26              	.LFB63:
  27              		.file 1 "UART.c"
   1:UART.c        **** /* ========================================
   2:UART.c        ****  *
   3:UART.c        ****  * Copyright YOUR COMPANY, THE YEAR
   4:UART.c        ****  * All Rights Reserved
   5:UART.c        ****  * UNPUBLISHED, LICENSED SOFTWARE.
   6:UART.c        ****  *
   7:UART.c        ****  * CONFIDENTIAL AND PROPRIETARY INFORMATION
   8:UART.c        ****  * WHICH IS THE PROPERTY OF your company.
   9:UART.c        ****  *
  10:UART.c        ****  * ========================================
  11:UART.c        **** */
  12:UART.c        **** 
  13:UART.c        **** #include "project.h"
  14:UART.c        **** #include "UART.h"
  15:UART.c        **** 
  16:UART.c        **** 
  17:UART.c        **** 
  18:UART.c        **** CY_ISR(isrUartRxHandler)
  19:UART.c        **** {
  28              		.loc 1 19 0
  29              		.cfi_startproc
  30              		@ args = 0, pretend = 0, frame = 0
  31              		@ frame_needed = 0, uses_anonymous_args = 0
  32 0000 08B5     		push	{r3, lr}
  33              		.cfi_def_cfa_offset 8
  34              		.cfi_offset 3, -8
  35              		.cfi_offset 14, -4
  20:UART.c        ****     isr_RxUart_ClearPending();
  36              		.loc 1 20 0
  37 0002 FFF7FEFF 		bl	isr_RxUart_ClearPending
ARM GAS  C:\Users\Timmo\AppData\Local\Temp\ccg7Ph1K.s 			page 2


  38              	.LVL0:
  21:UART.c        ****     char ch = UART_DBG_GetChar(); 
  39              		.loc 1 21 0
  40 0006 FFF7FEFF 		bl	UART_DBG_GetChar
  41              	.LVL1:
  22:UART.c        ****     UART_DBG_PutChar(ch);
  42              		.loc 1 22 0
  43 000a FFF7FEFF 		bl	UART_DBG_PutChar
  44              	.LVL2:
  45 000e 08BD     		pop	{r3, pc}
  46              		.cfi_endproc
  47              	.LFE63:
  48              		.size	isrUartRxHandler, .-isrUartRxHandler
  49              		.text
  50              	.Letext0:
  51              		.file 2 "c:\\program files (x86)\\cypress\\psoc creator\\4.2\\psoc creator\\import\\gnu\\arm\\5.4.
  52              		.file 3 "c:\\program files (x86)\\cypress\\psoc creator\\4.2\\psoc creator\\import\\gnu\\arm\\5.4.
  53              		.file 4 "Generated_Source\\PSoC5/isr_RxUart.h"
  54              		.file 5 "Generated_Source\\PSoC5/UART_DBG.h"
  55              		.file 6 "Generated_Source\\PSoC5/core_cm3.h"
  56              		.section	.debug_info,"",%progbits
  57              	.Ldebug_info0:
  58 0000 12010000 		.4byte	0x112
  59 0004 0400     		.2byte	0x4
  60 0006 00000000 		.4byte	.Ldebug_abbrev0
  61 000a 04       		.byte	0x4
  62 000b 01       		.uleb128 0x1
  63 000c 50000000 		.4byte	.LASF19
  64 0010 0C       		.byte	0xc
  65 0011 66010000 		.4byte	.LASF20
  66 0015 F0000000 		.4byte	.LASF21
  67 0019 00000000 		.4byte	.Ldebug_ranges0+0
  68 001d 00000000 		.4byte	0
  69 0021 00000000 		.4byte	.Ldebug_line0
  70 0025 02       		.uleb128 0x2
  71 0026 01       		.byte	0x1
  72 0027 06       		.byte	0x6
  73 0028 B3010000 		.4byte	.LASF0
  74 002c 02       		.uleb128 0x2
  75 002d 01       		.byte	0x1
  76 002e 08       		.byte	0x8
  77 002f 53010000 		.4byte	.LASF1
  78 0033 02       		.uleb128 0x2
  79 0034 02       		.byte	0x2
  80 0035 05       		.byte	0x5
  81 0036 DB010000 		.4byte	.LASF2
  82 003a 02       		.uleb128 0x2
  83 003b 02       		.byte	0x2
  84 003c 07       		.byte	0x7
  85 003d 0E000000 		.4byte	.LASF3
  86 0041 03       		.uleb128 0x3
  87 0042 CB010000 		.4byte	.LASF9
  88 0046 02       		.byte	0x2
  89 0047 3F       		.byte	0x3f
  90 0048 4C000000 		.4byte	0x4c
  91 004c 02       		.uleb128 0x2
  92 004d 04       		.byte	0x4
ARM GAS  C:\Users\Timmo\AppData\Local\Temp\ccg7Ph1K.s 			page 3


  93 004e 05       		.byte	0x5
  94 004f 6D010000 		.4byte	.LASF4
  95 0053 02       		.uleb128 0x2
  96 0054 04       		.byte	0x4
  97 0055 07       		.byte	0x7
  98 0056 DE000000 		.4byte	.LASF5
  99 005a 02       		.uleb128 0x2
 100 005b 08       		.byte	0x8
 101 005c 05       		.byte	0x5
 102 005d 00000000 		.4byte	.LASF6
 103 0061 02       		.uleb128 0x2
 104 0062 08       		.byte	0x8
 105 0063 07       		.byte	0x7
 106 0064 3C010000 		.4byte	.LASF7
 107 0068 04       		.uleb128 0x4
 108 0069 04       		.byte	0x4
 109 006a 05       		.byte	0x5
 110 006b 696E7400 		.ascii	"int\000"
 111 006f 02       		.uleb128 0x2
 112 0070 04       		.byte	0x4
 113 0071 07       		.byte	0x7
 114 0072 21000000 		.4byte	.LASF8
 115 0076 03       		.uleb128 0x3
 116 0077 E5010000 		.4byte	.LASF10
 117 007b 03       		.byte	0x3
 118 007c 2C       		.byte	0x2c
 119 007d 41000000 		.4byte	0x41
 120 0081 02       		.uleb128 0x2
 121 0082 04       		.byte	0x4
 122 0083 04       		.byte	0x4
 123 0084 D5010000 		.4byte	.LASF11
 124 0088 02       		.uleb128 0x2
 125 0089 08       		.byte	0x8
 126 008a 04       		.byte	0x4
 127 008b 76010000 		.4byte	.LASF12
 128 008f 02       		.uleb128 0x2
 129 0090 01       		.byte	0x1
 130 0091 08       		.byte	0x8
 131 0092 61010000 		.4byte	.LASF13
 132 0096 02       		.uleb128 0x2
 133 0097 08       		.byte	0x8
 134 0098 04       		.byte	0x4
 135 0099 BF010000 		.4byte	.LASF14
 136 009d 02       		.uleb128 0x2
 137 009e 04       		.byte	0x4
 138 009f 07       		.byte	0x7
 139 00a0 ED010000 		.4byte	.LASF15
 140 00a4 05       		.uleb128 0x5
 141 00a5 7D010000 		.4byte	.LASF22
 142 00a9 01       		.byte	0x1
 143 00aa 12       		.byte	0x12
 144 00ab 00000000 		.4byte	.LFB63
 145 00af 10000000 		.4byte	.LFE63-.LFB63
 146 00b3 01       		.uleb128 0x1
 147 00b4 9C       		.byte	0x9c
 148 00b5 E3000000 		.4byte	0xe3
 149 00b9 06       		.uleb128 0x6
ARM GAS  C:\Users\Timmo\AppData\Local\Temp\ccg7Ph1K.s 			page 4


 150 00ba 636800   		.ascii	"ch\000"
 151 00bd 01       		.byte	0x1
 152 00be 15       		.byte	0x15
 153 00bf 8F000000 		.4byte	0x8f
 154 00c3 00000000 		.4byte	.LLST0
 155 00c7 07       		.uleb128 0x7
 156 00c8 06000000 		.4byte	.LVL0
 157 00cc F4000000 		.4byte	0xf4
 158 00d0 07       		.uleb128 0x7
 159 00d1 0A000000 		.4byte	.LVL1
 160 00d5 FF000000 		.4byte	0xff
 161 00d9 07       		.uleb128 0x7
 162 00da 0E000000 		.4byte	.LVL2
 163 00de 0A010000 		.4byte	0x10a
 164 00e2 00       		.byte	0
 165 00e3 08       		.uleb128 0x8
 166 00e4 A6010000 		.4byte	.LASF23
 167 00e8 06       		.byte	0x6
 168 00e9 1207     		.2byte	0x712
 169 00eb EF000000 		.4byte	0xef
 170 00ef 09       		.uleb128 0x9
 171 00f0 76000000 		.4byte	0x76
 172 00f4 0A       		.uleb128 0xa
 173 00f5 8E010000 		.4byte	.LASF16
 174 00f9 8E010000 		.4byte	.LASF16
 175 00fd 04       		.byte	0x4
 176 00fe 28       		.byte	0x28
 177 00ff 0A       		.uleb128 0xa
 178 0100 2E000000 		.4byte	.LASF17
 179 0104 2E000000 		.4byte	.LASF17
 180 0108 05       		.byte	0x5
 181 0109 71       		.byte	0x71
 182 010a 0A       		.uleb128 0xa
 183 010b 3F000000 		.4byte	.LASF18
 184 010f 3F000000 		.4byte	.LASF18
 185 0113 05       		.byte	0x5
 186 0114 8A       		.byte	0x8a
 187 0115 00       		.byte	0
 188              		.section	.debug_abbrev,"",%progbits
 189              	.Ldebug_abbrev0:
 190 0000 01       		.uleb128 0x1
 191 0001 11       		.uleb128 0x11
 192 0002 01       		.byte	0x1
 193 0003 25       		.uleb128 0x25
 194 0004 0E       		.uleb128 0xe
 195 0005 13       		.uleb128 0x13
 196 0006 0B       		.uleb128 0xb
 197 0007 03       		.uleb128 0x3
 198 0008 0E       		.uleb128 0xe
 199 0009 1B       		.uleb128 0x1b
 200 000a 0E       		.uleb128 0xe
 201 000b 55       		.uleb128 0x55
 202 000c 17       		.uleb128 0x17
 203 000d 11       		.uleb128 0x11
 204 000e 01       		.uleb128 0x1
 205 000f 10       		.uleb128 0x10
 206 0010 17       		.uleb128 0x17
ARM GAS  C:\Users\Timmo\AppData\Local\Temp\ccg7Ph1K.s 			page 5


 207 0011 00       		.byte	0
 208 0012 00       		.byte	0
 209 0013 02       		.uleb128 0x2
 210 0014 24       		.uleb128 0x24
 211 0015 00       		.byte	0
 212 0016 0B       		.uleb128 0xb
 213 0017 0B       		.uleb128 0xb
 214 0018 3E       		.uleb128 0x3e
 215 0019 0B       		.uleb128 0xb
 216 001a 03       		.uleb128 0x3
 217 001b 0E       		.uleb128 0xe
 218 001c 00       		.byte	0
 219 001d 00       		.byte	0
 220 001e 03       		.uleb128 0x3
 221 001f 16       		.uleb128 0x16
 222 0020 00       		.byte	0
 223 0021 03       		.uleb128 0x3
 224 0022 0E       		.uleb128 0xe
 225 0023 3A       		.uleb128 0x3a
 226 0024 0B       		.uleb128 0xb
 227 0025 3B       		.uleb128 0x3b
 228 0026 0B       		.uleb128 0xb
 229 0027 49       		.uleb128 0x49
 230 0028 13       		.uleb128 0x13
 231 0029 00       		.byte	0
 232 002a 00       		.byte	0
 233 002b 04       		.uleb128 0x4
 234 002c 24       		.uleb128 0x24
 235 002d 00       		.byte	0
 236 002e 0B       		.uleb128 0xb
 237 002f 0B       		.uleb128 0xb
 238 0030 3E       		.uleb128 0x3e
 239 0031 0B       		.uleb128 0xb
 240 0032 03       		.uleb128 0x3
 241 0033 08       		.uleb128 0x8
 242 0034 00       		.byte	0
 243 0035 00       		.byte	0
 244 0036 05       		.uleb128 0x5
 245 0037 2E       		.uleb128 0x2e
 246 0038 01       		.byte	0x1
 247 0039 3F       		.uleb128 0x3f
 248 003a 19       		.uleb128 0x19
 249 003b 03       		.uleb128 0x3
 250 003c 0E       		.uleb128 0xe
 251 003d 3A       		.uleb128 0x3a
 252 003e 0B       		.uleb128 0xb
 253 003f 3B       		.uleb128 0x3b
 254 0040 0B       		.uleb128 0xb
 255 0041 27       		.uleb128 0x27
 256 0042 19       		.uleb128 0x19
 257 0043 11       		.uleb128 0x11
 258 0044 01       		.uleb128 0x1
 259 0045 12       		.uleb128 0x12
 260 0046 06       		.uleb128 0x6
 261 0047 40       		.uleb128 0x40
 262 0048 18       		.uleb128 0x18
 263 0049 9742     		.uleb128 0x2117
ARM GAS  C:\Users\Timmo\AppData\Local\Temp\ccg7Ph1K.s 			page 6


 264 004b 19       		.uleb128 0x19
 265 004c 01       		.uleb128 0x1
 266 004d 13       		.uleb128 0x13
 267 004e 00       		.byte	0
 268 004f 00       		.byte	0
 269 0050 06       		.uleb128 0x6
 270 0051 34       		.uleb128 0x34
 271 0052 00       		.byte	0
 272 0053 03       		.uleb128 0x3
 273 0054 08       		.uleb128 0x8
 274 0055 3A       		.uleb128 0x3a
 275 0056 0B       		.uleb128 0xb
 276 0057 3B       		.uleb128 0x3b
 277 0058 0B       		.uleb128 0xb
 278 0059 49       		.uleb128 0x49
 279 005a 13       		.uleb128 0x13
 280 005b 02       		.uleb128 0x2
 281 005c 17       		.uleb128 0x17
 282 005d 00       		.byte	0
 283 005e 00       		.byte	0
 284 005f 07       		.uleb128 0x7
 285 0060 898201   		.uleb128 0x4109
 286 0063 00       		.byte	0
 287 0064 11       		.uleb128 0x11
 288 0065 01       		.uleb128 0x1
 289 0066 31       		.uleb128 0x31
 290 0067 13       		.uleb128 0x13
 291 0068 00       		.byte	0
 292 0069 00       		.byte	0
 293 006a 08       		.uleb128 0x8
 294 006b 34       		.uleb128 0x34
 295 006c 00       		.byte	0
 296 006d 03       		.uleb128 0x3
 297 006e 0E       		.uleb128 0xe
 298 006f 3A       		.uleb128 0x3a
 299 0070 0B       		.uleb128 0xb
 300 0071 3B       		.uleb128 0x3b
 301 0072 05       		.uleb128 0x5
 302 0073 49       		.uleb128 0x49
 303 0074 13       		.uleb128 0x13
 304 0075 3F       		.uleb128 0x3f
 305 0076 19       		.uleb128 0x19
 306 0077 3C       		.uleb128 0x3c
 307 0078 19       		.uleb128 0x19
 308 0079 00       		.byte	0
 309 007a 00       		.byte	0
 310 007b 09       		.uleb128 0x9
 311 007c 35       		.uleb128 0x35
 312 007d 00       		.byte	0
 313 007e 49       		.uleb128 0x49
 314 007f 13       		.uleb128 0x13
 315 0080 00       		.byte	0
 316 0081 00       		.byte	0
 317 0082 0A       		.uleb128 0xa
 318 0083 2E       		.uleb128 0x2e
 319 0084 00       		.byte	0
 320 0085 3F       		.uleb128 0x3f
ARM GAS  C:\Users\Timmo\AppData\Local\Temp\ccg7Ph1K.s 			page 7


 321 0086 19       		.uleb128 0x19
 322 0087 3C       		.uleb128 0x3c
 323 0088 19       		.uleb128 0x19
 324 0089 6E       		.uleb128 0x6e
 325 008a 0E       		.uleb128 0xe
 326 008b 03       		.uleb128 0x3
 327 008c 0E       		.uleb128 0xe
 328 008d 3A       		.uleb128 0x3a
 329 008e 0B       		.uleb128 0xb
 330 008f 3B       		.uleb128 0x3b
 331 0090 0B       		.uleb128 0xb
 332 0091 00       		.byte	0
 333 0092 00       		.byte	0
 334 0093 00       		.byte	0
 335              		.section	.debug_loc,"",%progbits
 336              	.Ldebug_loc0:
 337              	.LLST0:
 338 0000 0A000000 		.4byte	.LVL1
 339 0004 0D000000 		.4byte	.LVL2-1
 340 0008 0100     		.2byte	0x1
 341 000a 50       		.byte	0x50
 342 000b 00000000 		.4byte	0
 343 000f 00000000 		.4byte	0
 344              		.section	.debug_aranges,"",%progbits
 345 0000 1C000000 		.4byte	0x1c
 346 0004 0200     		.2byte	0x2
 347 0006 00000000 		.4byte	.Ldebug_info0
 348 000a 04       		.byte	0x4
 349 000b 00       		.byte	0
 350 000c 0000     		.2byte	0
 351 000e 0000     		.2byte	0
 352 0010 00000000 		.4byte	.LFB63
 353 0014 10000000 		.4byte	.LFE63-.LFB63
 354 0018 00000000 		.4byte	0
 355 001c 00000000 		.4byte	0
 356              		.section	.debug_ranges,"",%progbits
 357              	.Ldebug_ranges0:
 358 0000 00000000 		.4byte	.LFB63
 359 0004 10000000 		.4byte	.LFE63
 360 0008 00000000 		.4byte	0
 361 000c 00000000 		.4byte	0
 362              		.section	.debug_line,"",%progbits
 363              	.Ldebug_line0:
 364 0000 75010000 		.section	.debug_str,"MS",%progbits,1
 364      02005D01 
 364      00000201 
 364      FB0E0D00 
 364      01010101 
 365              	.LASF6:
 366 0000 6C6F6E67 		.ascii	"long long int\000"
 366      206C6F6E 
 366      6720696E 
 366      7400
 367              	.LASF3:
 368 000e 73686F72 		.ascii	"short unsigned int\000"
 368      7420756E 
 368      7369676E 
ARM GAS  C:\Users\Timmo\AppData\Local\Temp\ccg7Ph1K.s 			page 8


 368      65642069 
 368      6E7400
 369              	.LASF8:
 370 0021 756E7369 		.ascii	"unsigned int\000"
 370      676E6564 
 370      20696E74 
 370      00
 371              	.LASF17:
 372 002e 55415254 		.ascii	"UART_DBG_GetChar\000"
 372      5F444247 
 372      5F476574 
 372      43686172 
 372      00
 373              	.LASF18:
 374 003f 55415254 		.ascii	"UART_DBG_PutChar\000"
 374      5F444247 
 374      5F507574 
 374      43686172 
 374      00
 375              	.LASF19:
 376 0050 474E5520 		.ascii	"GNU C11 5.4.1 20160609 (release) [ARM/embedded-5-br"
 376      43313120 
 376      352E342E 
 376      31203230 
 376      31363036 
 377 0083 616E6368 		.ascii	"anch revision 237715] -mcpu=cortex-m3 -mthumb -g -O"
 377      20726576 
 377      6973696F 
 377      6E203233 
 377      37373135 
 378 00b6 67202D66 		.ascii	"g -ffunction-sections -ffat-lto-objects\000"
 378      66756E63 
 378      74696F6E 
 378      2D736563 
 378      74696F6E 
 379              	.LASF5:
 380 00de 6C6F6E67 		.ascii	"long unsigned int\000"
 380      20756E73 
 380      69676E65 
 380      6420696E 
 380      7400
 381              	.LASF21:
 382 00f0 433A5C55 		.ascii	"C:\\Users\\Timmo\\Documents\\GitHub\\Software\\BMS\\"
 382      73657273 
 382      5C54696D 
 382      6D6F5C44 
 382      6F63756D 
 383 011d 424D535F 		.ascii	"BMS_Workspace\\BMS_Master.cydsn\000"
 383      576F726B 
 383      73706163 
 383      655C424D 
 383      535F4D61 
 384              	.LASF7:
 385 013c 6C6F6E67 		.ascii	"long long unsigned int\000"
 385      206C6F6E 
 385      6720756E 
 385      7369676E 
ARM GAS  C:\Users\Timmo\AppData\Local\Temp\ccg7Ph1K.s 			page 9


 385      65642069 
 386              	.LASF1:
 387 0153 756E7369 		.ascii	"unsigned char\000"
 387      676E6564 
 387      20636861 
 387      7200
 388              	.LASF13:
 389 0161 63686172 		.ascii	"char\000"
 389      00
 390              	.LASF20:
 391 0166 55415254 		.ascii	"UART.c\000"
 391      2E6300
 392              	.LASF4:
 393 016d 6C6F6E67 		.ascii	"long int\000"
 393      20696E74 
 393      00
 394              	.LASF12:
 395 0176 646F7562 		.ascii	"double\000"
 395      6C6500
 396              	.LASF22:
 397 017d 69737255 		.ascii	"isrUartRxHandler\000"
 397      61727452 
 397      7848616E 
 397      646C6572 
 397      00
 398              	.LASF16:
 399 018e 6973725F 		.ascii	"isr_RxUart_ClearPending\000"
 399      52785561 
 399      72745F43 
 399      6C656172 
 399      50656E64 
 400              	.LASF23:
 401 01a6 49544D5F 		.ascii	"ITM_RxBuffer\000"
 401      52784275 
 401      66666572 
 401      00
 402              	.LASF0:
 403 01b3 7369676E 		.ascii	"signed char\000"
 403      65642063 
 403      68617200 
 404              	.LASF14:
 405 01bf 6C6F6E67 		.ascii	"long double\000"
 405      20646F75 
 405      626C6500 
 406              	.LASF9:
 407 01cb 5F5F696E 		.ascii	"__int32_t\000"
 407      7433325F 
 407      7400
 408              	.LASF11:
 409 01d5 666C6F61 		.ascii	"float\000"
 409      7400
 410              	.LASF2:
 411 01db 73686F72 		.ascii	"short int\000"
 411      7420696E 
 411      7400
 412              	.LASF10:
 413 01e5 696E7433 		.ascii	"int32_t\000"
ARM GAS  C:\Users\Timmo\AppData\Local\Temp\ccg7Ph1K.s 			page 10


 413      325F7400 
 414              	.LASF15:
 415 01ed 73697A65 		.ascii	"sizetype\000"
 415      74797065 
 415      00
 416              		.ident	"GCC: (GNU Tools for ARM Embedded Processors) 5.4.1 20160609 (release) [ARM/embedded-5-bran
