ARM GAS  C:\Users\Timmo\AppData\Local\Temp\ccpQsVgb.s 			page 1


   1              		.syntax unified
   2              		.cpu cortex-m3
   3              		.fpu softvfp
   4              		.eabi_attribute 20, 1
   5              		.eabi_attribute 21, 1
   6              		.eabi_attribute 23, 3
   7              		.eabi_attribute 24, 1
   8              		.eabi_attribute 25, 1
   9              		.eabi_attribute 26, 1
  10              		.eabi_attribute 30, 1
  11              		.eabi_attribute 34, 1
  12              		.eabi_attribute 18, 4
  13              		.thumb
  14              		.syntax unified
  15              		.file	"Vehicle_CAN_INT.c"
  16              		.text
  17              	.Ltext0:
  18              		.cfi_sections	.debug_frame
  19              		.section	.text.Vehicle_CAN_BusOffIsr,"ax",%progbits
  20              		.align	2
  21              		.global	Vehicle_CAN_BusOffIsr
  22              		.thumb
  23              		.thumb_func
  24              		.type	Vehicle_CAN_BusOffIsr, %function
  25              	Vehicle_CAN_BusOffIsr:
  26              	.LFB0:
  27              		.file 1 "Generated_Source\\PSoC5\\Vehicle_CAN_INT.c"
   1:Generated_Source\PSoC5/Vehicle_CAN_INT.c **** /*******************************************************************************
   2:Generated_Source\PSoC5/Vehicle_CAN_INT.c **** * File Name: Vehicle_CAN_INT.c
   3:Generated_Source\PSoC5/Vehicle_CAN_INT.c **** * Version 3.0
   4:Generated_Source\PSoC5/Vehicle_CAN_INT.c **** *
   5:Generated_Source\PSoC5/Vehicle_CAN_INT.c **** * Description:
   6:Generated_Source\PSoC5/Vehicle_CAN_INT.c **** *  This file contains Interrupt Service Routine (ISR) for CAN Component.
   7:Generated_Source\PSoC5/Vehicle_CAN_INT.c **** *  The Interrupt handlers functions are generated accordingly to the PSoC
   8:Generated_Source\PSoC5/Vehicle_CAN_INT.c **** *  Creator Customizer inputs.
   9:Generated_Source\PSoC5/Vehicle_CAN_INT.c **** *
  10:Generated_Source\PSoC5/Vehicle_CAN_INT.c **** * Note:
  11:Generated_Source\PSoC5/Vehicle_CAN_INT.c **** *  None
  12:Generated_Source\PSoC5/Vehicle_CAN_INT.c **** *
  13:Generated_Source\PSoC5/Vehicle_CAN_INT.c **** ********************************************************************************
  14:Generated_Source\PSoC5/Vehicle_CAN_INT.c **** * Copyright 2008-2015, Cypress Semiconductor Corporation.  All rights reserved.
  15:Generated_Source\PSoC5/Vehicle_CAN_INT.c **** * You may use this file only in accordance with the license, terms, conditions,
  16:Generated_Source\PSoC5/Vehicle_CAN_INT.c **** * disclaimers, and limitations in the end user license agreement accompanying
  17:Generated_Source\PSoC5/Vehicle_CAN_INT.c **** * the software package with which this file was provided.
  18:Generated_Source\PSoC5/Vehicle_CAN_INT.c **** *******************************************************************************/
  19:Generated_Source\PSoC5/Vehicle_CAN_INT.c **** 
  20:Generated_Source\PSoC5/Vehicle_CAN_INT.c **** #include "Vehicle_CAN.h"
  21:Generated_Source\PSoC5/Vehicle_CAN_INT.c **** #include "cyapicallbacks.h"
  22:Generated_Source\PSoC5/Vehicle_CAN_INT.c **** 
  23:Generated_Source\PSoC5/Vehicle_CAN_INT.c **** /* `#START CAN_INT_C_CODE_DEFINITION` */
  24:Generated_Source\PSoC5/Vehicle_CAN_INT.c **** 
  25:Generated_Source\PSoC5/Vehicle_CAN_INT.c **** /* `#END` */
  26:Generated_Source\PSoC5/Vehicle_CAN_INT.c **** 
  27:Generated_Source\PSoC5/Vehicle_CAN_INT.c **** #if (Vehicle_CAN_ARB_LOST)
  28:Generated_Source\PSoC5/Vehicle_CAN_INT.c ****     /*******************************************************************************
  29:Generated_Source\PSoC5/Vehicle_CAN_INT.c ****     * FUNCTION NAME:   Vehicle_CAN_ArbLostIsr
  30:Generated_Source\PSoC5/Vehicle_CAN_INT.c ****     ********************************************************************************
ARM GAS  C:\Users\Timmo\AppData\Local\Temp\ccpQsVgb.s 			page 2


  31:Generated_Source\PSoC5/Vehicle_CAN_INT.c ****     *
  32:Generated_Source\PSoC5/Vehicle_CAN_INT.c ****     * Summary:
  33:Generated_Source\PSoC5/Vehicle_CAN_INT.c ****     *  This function is entry point to Arbitration Lost Interrupt. Clears
  34:Generated_Source\PSoC5/Vehicle_CAN_INT.c ****     *  Arbitration Lost interrupt flag. Only generated if Arbitration Lost
  35:Generated_Source\PSoC5/Vehicle_CAN_INT.c ****     *  Interrupt enable in Customizer.
  36:Generated_Source\PSoC5/Vehicle_CAN_INT.c ****     *
  37:Generated_Source\PSoC5/Vehicle_CAN_INT.c ****     * Parameters:
  38:Generated_Source\PSoC5/Vehicle_CAN_INT.c ****     *  None.
  39:Generated_Source\PSoC5/Vehicle_CAN_INT.c ****     *
  40:Generated_Source\PSoC5/Vehicle_CAN_INT.c ****     * Return:
  41:Generated_Source\PSoC5/Vehicle_CAN_INT.c ****     *  None.
  42:Generated_Source\PSoC5/Vehicle_CAN_INT.c ****     *
  43:Generated_Source\PSoC5/Vehicle_CAN_INT.c ****     * Reentrant:
  44:Generated_Source\PSoC5/Vehicle_CAN_INT.c ****     *  Depends on Customer code.
  45:Generated_Source\PSoC5/Vehicle_CAN_INT.c ****     *
  46:Generated_Source\PSoC5/Vehicle_CAN_INT.c ****     *******************************************************************************/
  47:Generated_Source\PSoC5/Vehicle_CAN_INT.c ****     void Vehicle_CAN_ArbLostIsr(void) 
  48:Generated_Source\PSoC5/Vehicle_CAN_INT.c ****     {
  49:Generated_Source\PSoC5/Vehicle_CAN_INT.c ****         /* Clear Arbitration Lost flag */
  50:Generated_Source\PSoC5/Vehicle_CAN_INT.c ****         Vehicle_CAN_INT_SR_REG.byte[0u] = Vehicle_CAN_ARBITRATION_LOST_MASK;
  51:Generated_Source\PSoC5/Vehicle_CAN_INT.c **** 
  52:Generated_Source\PSoC5/Vehicle_CAN_INT.c ****         /* `#START ARBITRATION_LOST_ISR` */
  53:Generated_Source\PSoC5/Vehicle_CAN_INT.c **** 
  54:Generated_Source\PSoC5/Vehicle_CAN_INT.c ****         /* `#END` */
  55:Generated_Source\PSoC5/Vehicle_CAN_INT.c **** 
  56:Generated_Source\PSoC5/Vehicle_CAN_INT.c ****         #ifdef Vehicle_CAN_ARB_LOST_ISR_CALLBACK
  57:Generated_Source\PSoC5/Vehicle_CAN_INT.c ****             Vehicle_CAN_ArbLostIsr_Callback();
  58:Generated_Source\PSoC5/Vehicle_CAN_INT.c ****         #endif /* Vehicle_CAN_ARB_LOST_ISR_CALLBACK */
  59:Generated_Source\PSoC5/Vehicle_CAN_INT.c ****     }
  60:Generated_Source\PSoC5/Vehicle_CAN_INT.c **** #endif /* Vehicle_CAN_ARB_LOST */
  61:Generated_Source\PSoC5/Vehicle_CAN_INT.c **** 
  62:Generated_Source\PSoC5/Vehicle_CAN_INT.c **** 
  63:Generated_Source\PSoC5/Vehicle_CAN_INT.c **** #if (Vehicle_CAN_OVERLOAD)
  64:Generated_Source\PSoC5/Vehicle_CAN_INT.c ****     /*******************************************************************************
  65:Generated_Source\PSoC5/Vehicle_CAN_INT.c ****     * FUNCTION NAME:   Vehicle_CAN_OvrLdErrorIsr
  66:Generated_Source\PSoC5/Vehicle_CAN_INT.c ****     ********************************************************************************
  67:Generated_Source\PSoC5/Vehicle_CAN_INT.c ****     *
  68:Generated_Source\PSoC5/Vehicle_CAN_INT.c ****     * Summary:
  69:Generated_Source\PSoC5/Vehicle_CAN_INT.c ****     *  This function is entry point to Overload Error Interrupt. Clears Overload
  70:Generated_Source\PSoC5/Vehicle_CAN_INT.c ****     *  Error interrupt flag. Only generated if Overload Error Interrupt enable
  71:Generated_Source\PSoC5/Vehicle_CAN_INT.c ****     *  in Customizer.
  72:Generated_Source\PSoC5/Vehicle_CAN_INT.c ****     *
  73:Generated_Source\PSoC5/Vehicle_CAN_INT.c ****     * Parameters:
  74:Generated_Source\PSoC5/Vehicle_CAN_INT.c ****     *  None.
  75:Generated_Source\PSoC5/Vehicle_CAN_INT.c ****     *
  76:Generated_Source\PSoC5/Vehicle_CAN_INT.c ****     * Return:
  77:Generated_Source\PSoC5/Vehicle_CAN_INT.c ****     *  None.
  78:Generated_Source\PSoC5/Vehicle_CAN_INT.c ****     *
  79:Generated_Source\PSoC5/Vehicle_CAN_INT.c ****     * Reentrant:
  80:Generated_Source\PSoC5/Vehicle_CAN_INT.c ****     *  Depends on Customer code.
  81:Generated_Source\PSoC5/Vehicle_CAN_INT.c ****     *
  82:Generated_Source\PSoC5/Vehicle_CAN_INT.c ****     *******************************************************************************/
  83:Generated_Source\PSoC5/Vehicle_CAN_INT.c ****     void Vehicle_CAN_OvrLdErrorIsr(void) 
  84:Generated_Source\PSoC5/Vehicle_CAN_INT.c ****     {
  85:Generated_Source\PSoC5/Vehicle_CAN_INT.c ****         /* Clear Overload Error flag */
  86:Generated_Source\PSoC5/Vehicle_CAN_INT.c ****         Vehicle_CAN_INT_SR_REG.byte[0u] = Vehicle_CAN_OVERLOAD_ERROR_MASK;
  87:Generated_Source\PSoC5/Vehicle_CAN_INT.c **** 
ARM GAS  C:\Users\Timmo\AppData\Local\Temp\ccpQsVgb.s 			page 3


  88:Generated_Source\PSoC5/Vehicle_CAN_INT.c ****         /* `#START OVER_LOAD_ERROR_ISR` */
  89:Generated_Source\PSoC5/Vehicle_CAN_INT.c **** 
  90:Generated_Source\PSoC5/Vehicle_CAN_INT.c ****         /* `#END` */
  91:Generated_Source\PSoC5/Vehicle_CAN_INT.c **** 
  92:Generated_Source\PSoC5/Vehicle_CAN_INT.c ****         #ifdef Vehicle_CAN_OVR_LD_ERROR_ISR_CALLBACK
  93:Generated_Source\PSoC5/Vehicle_CAN_INT.c ****             Vehicle_CAN_OvrLdErrorIsr_Callback();
  94:Generated_Source\PSoC5/Vehicle_CAN_INT.c ****         #endif /* Vehicle_CAN_OVR_LD_ERROR_ISR_CALLBACK */
  95:Generated_Source\PSoC5/Vehicle_CAN_INT.c ****     }
  96:Generated_Source\PSoC5/Vehicle_CAN_INT.c **** #endif /* Vehicle_CAN_OVERLOAD */
  97:Generated_Source\PSoC5/Vehicle_CAN_INT.c **** 
  98:Generated_Source\PSoC5/Vehicle_CAN_INT.c **** 
  99:Generated_Source\PSoC5/Vehicle_CAN_INT.c **** #if (Vehicle_CAN_BIT_ERR)
 100:Generated_Source\PSoC5/Vehicle_CAN_INT.c ****     /*******************************************************************************
 101:Generated_Source\PSoC5/Vehicle_CAN_INT.c ****     * FUNCTION NAME:   Vehicle_CAN_BitErrorIsr
 102:Generated_Source\PSoC5/Vehicle_CAN_INT.c ****     ********************************************************************************
 103:Generated_Source\PSoC5/Vehicle_CAN_INT.c ****     *
 104:Generated_Source\PSoC5/Vehicle_CAN_INT.c ****     * Summary:
 105:Generated_Source\PSoC5/Vehicle_CAN_INT.c ****     *  This function is entry point to Bit Error Interrupt. Clears Bit Error
 106:Generated_Source\PSoC5/Vehicle_CAN_INT.c ****     *  interrupt flag. Only generated if Bit Error Interrupt enable in Customizer.
 107:Generated_Source\PSoC5/Vehicle_CAN_INT.c ****     *
 108:Generated_Source\PSoC5/Vehicle_CAN_INT.c ****     * Parameters:
 109:Generated_Source\PSoC5/Vehicle_CAN_INT.c ****     *  None.
 110:Generated_Source\PSoC5/Vehicle_CAN_INT.c ****     *
 111:Generated_Source\PSoC5/Vehicle_CAN_INT.c ****     * Return:
 112:Generated_Source\PSoC5/Vehicle_CAN_INT.c ****     *  None.
 113:Generated_Source\PSoC5/Vehicle_CAN_INT.c ****     *
 114:Generated_Source\PSoC5/Vehicle_CAN_INT.c ****     * Reentrant:
 115:Generated_Source\PSoC5/Vehicle_CAN_INT.c ****     *  Depends on Customer code.
 116:Generated_Source\PSoC5/Vehicle_CAN_INT.c ****     *
 117:Generated_Source\PSoC5/Vehicle_CAN_INT.c ****     *******************************************************************************/
 118:Generated_Source\PSoC5/Vehicle_CAN_INT.c ****     void Vehicle_CAN_BitErrorIsr(void) 
 119:Generated_Source\PSoC5/Vehicle_CAN_INT.c ****     {
 120:Generated_Source\PSoC5/Vehicle_CAN_INT.c ****         /* Clear Bit Error flag */
 121:Generated_Source\PSoC5/Vehicle_CAN_INT.c ****         Vehicle_CAN_INT_SR_REG.byte[0u] = Vehicle_CAN_BIT_ERROR_MASK;
 122:Generated_Source\PSoC5/Vehicle_CAN_INT.c **** 
 123:Generated_Source\PSoC5/Vehicle_CAN_INT.c ****         /* `#START BIT_ERROR_ISR` */
 124:Generated_Source\PSoC5/Vehicle_CAN_INT.c **** 
 125:Generated_Source\PSoC5/Vehicle_CAN_INT.c ****         /* `#END` */
 126:Generated_Source\PSoC5/Vehicle_CAN_INT.c **** 
 127:Generated_Source\PSoC5/Vehicle_CAN_INT.c ****         #ifdef Vehicle_CAN_BIT_ERROR_ISR_CALLBACK
 128:Generated_Source\PSoC5/Vehicle_CAN_INT.c ****             Vehicle_CAN_BitErrorIsr_Callback();
 129:Generated_Source\PSoC5/Vehicle_CAN_INT.c ****         #endif /* Vehicle_CAN_BIT_ERROR_ISR_CALLBACK */
 130:Generated_Source\PSoC5/Vehicle_CAN_INT.c ****     }
 131:Generated_Source\PSoC5/Vehicle_CAN_INT.c **** #endif /* Vehicle_CAN_BIT_ERR */
 132:Generated_Source\PSoC5/Vehicle_CAN_INT.c **** 
 133:Generated_Source\PSoC5/Vehicle_CAN_INT.c **** 
 134:Generated_Source\PSoC5/Vehicle_CAN_INT.c **** #if (Vehicle_CAN_STUFF_ERR)
 135:Generated_Source\PSoC5/Vehicle_CAN_INT.c ****     /*******************************************************************************
 136:Generated_Source\PSoC5/Vehicle_CAN_INT.c ****     * FUNCTION NAME:   Vehicle_CAN_BitStuffErrorIsr
 137:Generated_Source\PSoC5/Vehicle_CAN_INT.c ****     ********************************************************************************
 138:Generated_Source\PSoC5/Vehicle_CAN_INT.c ****     *
 139:Generated_Source\PSoC5/Vehicle_CAN_INT.c ****     * Summary:
 140:Generated_Source\PSoC5/Vehicle_CAN_INT.c ****     *  This function is entry point to Bit Stuff Error Interrupt. Clears Bit Stuff
 141:Generated_Source\PSoC5/Vehicle_CAN_INT.c ****     *  Error interrupt flag. Only generated if Bit Stuff Error Interrupt enable
 142:Generated_Source\PSoC5/Vehicle_CAN_INT.c ****     *  in Customizer.
 143:Generated_Source\PSoC5/Vehicle_CAN_INT.c ****     *
 144:Generated_Source\PSoC5/Vehicle_CAN_INT.c ****     * Parameters:
ARM GAS  C:\Users\Timmo\AppData\Local\Temp\ccpQsVgb.s 			page 4


 145:Generated_Source\PSoC5/Vehicle_CAN_INT.c ****     *  None.
 146:Generated_Source\PSoC5/Vehicle_CAN_INT.c ****     *
 147:Generated_Source\PSoC5/Vehicle_CAN_INT.c ****     * Return:
 148:Generated_Source\PSoC5/Vehicle_CAN_INT.c ****     *  None.
 149:Generated_Source\PSoC5/Vehicle_CAN_INT.c ****     *
 150:Generated_Source\PSoC5/Vehicle_CAN_INT.c ****     * Reentrant:
 151:Generated_Source\PSoC5/Vehicle_CAN_INT.c ****     *  Depends on Customer code.
 152:Generated_Source\PSoC5/Vehicle_CAN_INT.c ****     *
 153:Generated_Source\PSoC5/Vehicle_CAN_INT.c ****     *******************************************************************************/
 154:Generated_Source\PSoC5/Vehicle_CAN_INT.c ****     void Vehicle_CAN_BitStuffErrorIsr(void) 
 155:Generated_Source\PSoC5/Vehicle_CAN_INT.c ****     {
 156:Generated_Source\PSoC5/Vehicle_CAN_INT.c ****         /* Clear Stuff Error flag */
 157:Generated_Source\PSoC5/Vehicle_CAN_INT.c ****         Vehicle_CAN_INT_SR_REG.byte[0u] = Vehicle_CAN_STUFF_ERROR_MASK;
 158:Generated_Source\PSoC5/Vehicle_CAN_INT.c **** 
 159:Generated_Source\PSoC5/Vehicle_CAN_INT.c ****         /* `#START BIT_STUFF_ERROR_ISR` */
 160:Generated_Source\PSoC5/Vehicle_CAN_INT.c **** 
 161:Generated_Source\PSoC5/Vehicle_CAN_INT.c ****         /* `#END` */
 162:Generated_Source\PSoC5/Vehicle_CAN_INT.c **** 
 163:Generated_Source\PSoC5/Vehicle_CAN_INT.c ****         #ifdef Vehicle_CAN_BIT_STUFF_ERROR_ISR_CALLBACK
 164:Generated_Source\PSoC5/Vehicle_CAN_INT.c ****             Vehicle_CAN_BitStuffErrorIsr_Callback();
 165:Generated_Source\PSoC5/Vehicle_CAN_INT.c ****         #endif /* Vehicle_CAN_BIT_STUFF_ERROR_ISR_CALLBACK */
 166:Generated_Source\PSoC5/Vehicle_CAN_INT.c ****     }
 167:Generated_Source\PSoC5/Vehicle_CAN_INT.c **** #endif /* Vehicle_CAN_STUFF_ERR */
 168:Generated_Source\PSoC5/Vehicle_CAN_INT.c **** 
 169:Generated_Source\PSoC5/Vehicle_CAN_INT.c **** 
 170:Generated_Source\PSoC5/Vehicle_CAN_INT.c **** #if (Vehicle_CAN_ACK_ERR)
 171:Generated_Source\PSoC5/Vehicle_CAN_INT.c ****     /*******************************************************************************
 172:Generated_Source\PSoC5/Vehicle_CAN_INT.c ****     * FUNCTION NAME:   Vehicle_CAN_AckErrorIsr
 173:Generated_Source\PSoC5/Vehicle_CAN_INT.c ****     ********************************************************************************
 174:Generated_Source\PSoC5/Vehicle_CAN_INT.c ****     *
 175:Generated_Source\PSoC5/Vehicle_CAN_INT.c ****     * Summary:
 176:Generated_Source\PSoC5/Vehicle_CAN_INT.c ****     *  This function is entry point to Acknowledge Error Interrupt. Clears
 177:Generated_Source\PSoC5/Vehicle_CAN_INT.c ****     *  Acknowledge Error interrupt flag. Only generated if Acknowledge Error
 178:Generated_Source\PSoC5/Vehicle_CAN_INT.c ****     *  Interrupt enable in Customizer.
 179:Generated_Source\PSoC5/Vehicle_CAN_INT.c ****     *
 180:Generated_Source\PSoC5/Vehicle_CAN_INT.c ****     * Parameters:
 181:Generated_Source\PSoC5/Vehicle_CAN_INT.c ****     *  None.
 182:Generated_Source\PSoC5/Vehicle_CAN_INT.c ****     *
 183:Generated_Source\PSoC5/Vehicle_CAN_INT.c ****     * Return:
 184:Generated_Source\PSoC5/Vehicle_CAN_INT.c ****     *  None.
 185:Generated_Source\PSoC5/Vehicle_CAN_INT.c ****     *
 186:Generated_Source\PSoC5/Vehicle_CAN_INT.c ****     * Reentrant:
 187:Generated_Source\PSoC5/Vehicle_CAN_INT.c ****     *  Depends on Customer code.
 188:Generated_Source\PSoC5/Vehicle_CAN_INT.c ****     *
 189:Generated_Source\PSoC5/Vehicle_CAN_INT.c ****     *******************************************************************************/
 190:Generated_Source\PSoC5/Vehicle_CAN_INT.c ****     void Vehicle_CAN_AckErrorIsr(void) 
 191:Generated_Source\PSoC5/Vehicle_CAN_INT.c ****     {
 192:Generated_Source\PSoC5/Vehicle_CAN_INT.c ****         /* Clear Acknoledge Error flag */
 193:Generated_Source\PSoC5/Vehicle_CAN_INT.c ****         Vehicle_CAN_INT_SR_REG.byte[0u] = Vehicle_CAN_ACK_ERROR_MASK;
 194:Generated_Source\PSoC5/Vehicle_CAN_INT.c **** 
 195:Generated_Source\PSoC5/Vehicle_CAN_INT.c ****         /* `#START ACKNOWLEDGE_ERROR_ISR` */
 196:Generated_Source\PSoC5/Vehicle_CAN_INT.c **** 
 197:Generated_Source\PSoC5/Vehicle_CAN_INT.c ****         /* `#END` */
 198:Generated_Source\PSoC5/Vehicle_CAN_INT.c **** 
 199:Generated_Source\PSoC5/Vehicle_CAN_INT.c ****         #ifdef Vehicle_CAN_ACK_ERROR_ISR_CALLBACK
 200:Generated_Source\PSoC5/Vehicle_CAN_INT.c ****             Vehicle_CAN_AckErrorIsr_Callback();
 201:Generated_Source\PSoC5/Vehicle_CAN_INT.c ****         #endif /* Vehicle_CAN_ACK_ERROR_ISR_CALLBACK */
ARM GAS  C:\Users\Timmo\AppData\Local\Temp\ccpQsVgb.s 			page 5


 202:Generated_Source\PSoC5/Vehicle_CAN_INT.c ****     }
 203:Generated_Source\PSoC5/Vehicle_CAN_INT.c **** #endif /* Vehicle_CAN_ACK_ERR */
 204:Generated_Source\PSoC5/Vehicle_CAN_INT.c **** 
 205:Generated_Source\PSoC5/Vehicle_CAN_INT.c **** 
 206:Generated_Source\PSoC5/Vehicle_CAN_INT.c **** #if (Vehicle_CAN_FORM_ERR)
 207:Generated_Source\PSoC5/Vehicle_CAN_INT.c ****     /*******************************************************************************
 208:Generated_Source\PSoC5/Vehicle_CAN_INT.c ****     * FUNCTION NAME:   Vehicle_CAN_MsgErrorIsr
 209:Generated_Source\PSoC5/Vehicle_CAN_INT.c ****     ********************************************************************************
 210:Generated_Source\PSoC5/Vehicle_CAN_INT.c ****     *
 211:Generated_Source\PSoC5/Vehicle_CAN_INT.c ****     * Summary:
 212:Generated_Source\PSoC5/Vehicle_CAN_INT.c ****     *  This function is entry point to Form Error Interrupt. Clears Form Error
 213:Generated_Source\PSoC5/Vehicle_CAN_INT.c ****     *  interrupt flag. Only generated if Form Error Interrupt enable in Customizer.
 214:Generated_Source\PSoC5/Vehicle_CAN_INT.c ****     *
 215:Generated_Source\PSoC5/Vehicle_CAN_INT.c ****     * Parameters:
 216:Generated_Source\PSoC5/Vehicle_CAN_INT.c ****     *  None.
 217:Generated_Source\PSoC5/Vehicle_CAN_INT.c ****     *
 218:Generated_Source\PSoC5/Vehicle_CAN_INT.c ****     * Return:
 219:Generated_Source\PSoC5/Vehicle_CAN_INT.c ****     *  None.
 220:Generated_Source\PSoC5/Vehicle_CAN_INT.c ****     *
 221:Generated_Source\PSoC5/Vehicle_CAN_INT.c ****     * Reentrant:
 222:Generated_Source\PSoC5/Vehicle_CAN_INT.c ****     *  Depends on Customer code.
 223:Generated_Source\PSoC5/Vehicle_CAN_INT.c ****     *
 224:Generated_Source\PSoC5/Vehicle_CAN_INT.c ****     *******************************************************************************/
 225:Generated_Source\PSoC5/Vehicle_CAN_INT.c ****     void Vehicle_CAN_MsgErrorIsr(void) 
 226:Generated_Source\PSoC5/Vehicle_CAN_INT.c ****     {
 227:Generated_Source\PSoC5/Vehicle_CAN_INT.c ****         /* Clear Form Error flag */
 228:Generated_Source\PSoC5/Vehicle_CAN_INT.c ****         Vehicle_CAN_INT_SR_REG.byte[0u] = Vehicle_CAN_FORM_ERROR_MASK;
 229:Generated_Source\PSoC5/Vehicle_CAN_INT.c **** 
 230:Generated_Source\PSoC5/Vehicle_CAN_INT.c ****         /* `#START MESSAGE_ERROR_ISR` */
 231:Generated_Source\PSoC5/Vehicle_CAN_INT.c **** 
 232:Generated_Source\PSoC5/Vehicle_CAN_INT.c ****         /* `#END` */
 233:Generated_Source\PSoC5/Vehicle_CAN_INT.c **** 
 234:Generated_Source\PSoC5/Vehicle_CAN_INT.c ****         #ifdef Vehicle_CAN_MSG_ERROR_ISR_CALLBACK
 235:Generated_Source\PSoC5/Vehicle_CAN_INT.c ****             Vehicle_CAN_MsgErrorIsr_Callback();
 236:Generated_Source\PSoC5/Vehicle_CAN_INT.c ****         #endif /* Vehicle_CAN_MSG_ERROR_ISR_CALLBACK */
 237:Generated_Source\PSoC5/Vehicle_CAN_INT.c ****     }
 238:Generated_Source\PSoC5/Vehicle_CAN_INT.c **** #endif /* Vehicle_CAN_FORM_ERR */
 239:Generated_Source\PSoC5/Vehicle_CAN_INT.c **** 
 240:Generated_Source\PSoC5/Vehicle_CAN_INT.c **** 
 241:Generated_Source\PSoC5/Vehicle_CAN_INT.c **** #if (Vehicle_CAN_CRC_ERR)
 242:Generated_Source\PSoC5/Vehicle_CAN_INT.c ****     /*******************************************************************************
 243:Generated_Source\PSoC5/Vehicle_CAN_INT.c ****     * FUNCTION NAME:   Vehicle_CAN_CrcErrorIsr
 244:Generated_Source\PSoC5/Vehicle_CAN_INT.c ****     ********************************************************************************
 245:Generated_Source\PSoC5/Vehicle_CAN_INT.c ****     *
 246:Generated_Source\PSoC5/Vehicle_CAN_INT.c ****     * Summary:
 247:Generated_Source\PSoC5/Vehicle_CAN_INT.c ****     *  This function is entry point to CRC Error Interrupt. Clears CRC Error
 248:Generated_Source\PSoC5/Vehicle_CAN_INT.c ****     *  interrupt flag. Only generated if CRC Error Interrupt enable in Customizer.
 249:Generated_Source\PSoC5/Vehicle_CAN_INT.c ****     *
 250:Generated_Source\PSoC5/Vehicle_CAN_INT.c ****     * Parameters:
 251:Generated_Source\PSoC5/Vehicle_CAN_INT.c ****     *  None.
 252:Generated_Source\PSoC5/Vehicle_CAN_INT.c ****     *
 253:Generated_Source\PSoC5/Vehicle_CAN_INT.c ****     * Return:
 254:Generated_Source\PSoC5/Vehicle_CAN_INT.c ****     *  None.
 255:Generated_Source\PSoC5/Vehicle_CAN_INT.c ****     *
 256:Generated_Source\PSoC5/Vehicle_CAN_INT.c ****     * Reentrant:
 257:Generated_Source\PSoC5/Vehicle_CAN_INT.c ****     *  Depends on Customer code.
 258:Generated_Source\PSoC5/Vehicle_CAN_INT.c ****     *
ARM GAS  C:\Users\Timmo\AppData\Local\Temp\ccpQsVgb.s 			page 6


 259:Generated_Source\PSoC5/Vehicle_CAN_INT.c ****     *******************************************************************************/
 260:Generated_Source\PSoC5/Vehicle_CAN_INT.c ****     void Vehicle_CAN_CrcErrorIsr(void) 
 261:Generated_Source\PSoC5/Vehicle_CAN_INT.c ****     {
 262:Generated_Source\PSoC5/Vehicle_CAN_INT.c ****         /* Clear CRC Error flag */
 263:Generated_Source\PSoC5/Vehicle_CAN_INT.c ****         Vehicle_CAN_INT_SR_REG.byte[1u] = Vehicle_CAN_CRC_ERROR_MASK;
 264:Generated_Source\PSoC5/Vehicle_CAN_INT.c **** 
 265:Generated_Source\PSoC5/Vehicle_CAN_INT.c ****         /* `#START CRC_ERROR_ISR` */
 266:Generated_Source\PSoC5/Vehicle_CAN_INT.c **** 
 267:Generated_Source\PSoC5/Vehicle_CAN_INT.c ****         /* `#END` */
 268:Generated_Source\PSoC5/Vehicle_CAN_INT.c **** 
 269:Generated_Source\PSoC5/Vehicle_CAN_INT.c ****         #ifdef Vehicle_CAN_CRC_ERROR_ISR_CALLBACK
 270:Generated_Source\PSoC5/Vehicle_CAN_INT.c ****             Vehicle_CAN_CrcErrorIsr_Callback();
 271:Generated_Source\PSoC5/Vehicle_CAN_INT.c ****         #endif /* Vehicle_CAN_CRC_ERROR_ISR_CALLBACK */
 272:Generated_Source\PSoC5/Vehicle_CAN_INT.c ****     }
 273:Generated_Source\PSoC5/Vehicle_CAN_INT.c **** #endif /* Vehicle_CAN_CRC_ERR */
 274:Generated_Source\PSoC5/Vehicle_CAN_INT.c **** 
 275:Generated_Source\PSoC5/Vehicle_CAN_INT.c **** 
 276:Generated_Source\PSoC5/Vehicle_CAN_INT.c **** #if (Vehicle_CAN_BUS_OFF)
 277:Generated_Source\PSoC5/Vehicle_CAN_INT.c ****     /*******************************************************************************
 278:Generated_Source\PSoC5/Vehicle_CAN_INT.c ****     * FUNCTION NAME:   Vehicle_CAN_BusOffIsr
 279:Generated_Source\PSoC5/Vehicle_CAN_INT.c ****     ********************************************************************************
 280:Generated_Source\PSoC5/Vehicle_CAN_INT.c ****     *
 281:Generated_Source\PSoC5/Vehicle_CAN_INT.c ****     * Summary:
 282:Generated_Source\PSoC5/Vehicle_CAN_INT.c ****     *  This function is entry point to Bus Off Interrupt. Places CAN Component
 283:Generated_Source\PSoC5/Vehicle_CAN_INT.c ****     *  to Stop mode. Only generated if Bus Off Interrupt enable in Customizer.
 284:Generated_Source\PSoC5/Vehicle_CAN_INT.c ****     *  Recommended setting to enable this interrupt.
 285:Generated_Source\PSoC5/Vehicle_CAN_INT.c ****     *
 286:Generated_Source\PSoC5/Vehicle_CAN_INT.c ****     * Parameters:
 287:Generated_Source\PSoC5/Vehicle_CAN_INT.c ****     *  None.
 288:Generated_Source\PSoC5/Vehicle_CAN_INT.c ****     *
 289:Generated_Source\PSoC5/Vehicle_CAN_INT.c ****     * Return:
 290:Generated_Source\PSoC5/Vehicle_CAN_INT.c ****     *  None.
 291:Generated_Source\PSoC5/Vehicle_CAN_INT.c ****     *
 292:Generated_Source\PSoC5/Vehicle_CAN_INT.c ****     * Side Effects:
 293:Generated_Source\PSoC5/Vehicle_CAN_INT.c ****     *  Stops CAN component operation.
 294:Generated_Source\PSoC5/Vehicle_CAN_INT.c ****     *
 295:Generated_Source\PSoC5/Vehicle_CAN_INT.c ****     *******************************************************************************/
 296:Generated_Source\PSoC5/Vehicle_CAN_INT.c ****     void Vehicle_CAN_BusOffIsr(void) 
 297:Generated_Source\PSoC5/Vehicle_CAN_INT.c ****     {
  28              		.loc 1 297 0
  29              		.cfi_startproc
  30              		@ args = 0, pretend = 0, frame = 0
  31              		@ frame_needed = 0, uses_anonymous_args = 0
  32 0000 08B5     		push	{r3, lr}
  33              		.cfi_def_cfa_offset 8
  34              		.cfi_offset 3, -8
  35              		.cfi_offset 14, -4
 298:Generated_Source\PSoC5/Vehicle_CAN_INT.c ****         /* Clear Bus Off flag */
 299:Generated_Source\PSoC5/Vehicle_CAN_INT.c ****         Vehicle_CAN_INT_SR_REG.byte[1u] = Vehicle_CAN_BUS_OFF_MASK;
  36              		.loc 1 299 0
  37 0002 0222     		movs	r2, #2
  38 0004 034B     		ldr	r3, .L3
  39 0006 5A70     		strb	r2, [r3, #1]
 300:Generated_Source\PSoC5/Vehicle_CAN_INT.c ****         (void) Vehicle_CAN_GlobalIntDisable();
  40              		.loc 1 300 0
  41 0008 FFF7FEFF 		bl	Vehicle_CAN_GlobalIntDisable
  42              	.LVL0:
ARM GAS  C:\Users\Timmo\AppData\Local\Temp\ccpQsVgb.s 			page 7


 301:Generated_Source\PSoC5/Vehicle_CAN_INT.c **** 
 302:Generated_Source\PSoC5/Vehicle_CAN_INT.c ****         /* `#START BUS_OFF_ISR` */
 303:Generated_Source\PSoC5/Vehicle_CAN_INT.c **** 
 304:Generated_Source\PSoC5/Vehicle_CAN_INT.c ****         /* `#END` */
 305:Generated_Source\PSoC5/Vehicle_CAN_INT.c **** 
 306:Generated_Source\PSoC5/Vehicle_CAN_INT.c ****         #ifdef Vehicle_CAN_BUS_OFF_ISR_CALLBACK
 307:Generated_Source\PSoC5/Vehicle_CAN_INT.c ****             Vehicle_CAN_BusOffIsr_Callback();
 308:Generated_Source\PSoC5/Vehicle_CAN_INT.c ****         #endif /* Vehicle_CAN_BUS_OFF_ISR_CALLBACK */
 309:Generated_Source\PSoC5/Vehicle_CAN_INT.c **** 
 310:Generated_Source\PSoC5/Vehicle_CAN_INT.c ****         (void) Vehicle_CAN_Stop();
  43              		.loc 1 310 0
  44 000c FFF7FEFF 		bl	Vehicle_CAN_Stop
  45              	.LVL1:
  46 0010 08BD     		pop	{r3, pc}
  47              	.L4:
  48 0012 00BF     		.align	2
  49              	.L3:
  50 0014 00A00040 		.word	1073782784
  51              		.cfi_endproc
  52              	.LFE0:
  53              		.size	Vehicle_CAN_BusOffIsr, .-Vehicle_CAN_BusOffIsr
  54              		.section	.text.Vehicle_CAN_MsgRXIsr,"ax",%progbits
  55              		.align	2
  56              		.global	Vehicle_CAN_MsgRXIsr
  57              		.thumb
  58              		.thumb_func
  59              		.type	Vehicle_CAN_MsgRXIsr, %function
  60              	Vehicle_CAN_MsgRXIsr:
  61              	.LFB1:
 311:Generated_Source\PSoC5/Vehicle_CAN_INT.c ****     }
 312:Generated_Source\PSoC5/Vehicle_CAN_INT.c **** #endif /* Vehicle_CAN_BUS_OFF */
 313:Generated_Source\PSoC5/Vehicle_CAN_INT.c **** 
 314:Generated_Source\PSoC5/Vehicle_CAN_INT.c **** 
 315:Generated_Source\PSoC5/Vehicle_CAN_INT.c **** #if (Vehicle_CAN_RX_MSG_LOST)
 316:Generated_Source\PSoC5/Vehicle_CAN_INT.c ****     /*******************************************************************************
 317:Generated_Source\PSoC5/Vehicle_CAN_INT.c ****     * FUNCTION NAME:   Vehicle_CAN_MsgLostIsr
 318:Generated_Source\PSoC5/Vehicle_CAN_INT.c ****     ********************************************************************************
 319:Generated_Source\PSoC5/Vehicle_CAN_INT.c ****     *
 320:Generated_Source\PSoC5/Vehicle_CAN_INT.c ****     * Summary:
 321:Generated_Source\PSoC5/Vehicle_CAN_INT.c ****     *  This function is entry point to Message Lost Interrupt. Clears Message Lost
 322:Generated_Source\PSoC5/Vehicle_CAN_INT.c ****     *  interrupt flag. Only generated if Message Lost Interrupt enable in Customizer
 323:Generated_Source\PSoC5/Vehicle_CAN_INT.c ****     *
 324:Generated_Source\PSoC5/Vehicle_CAN_INT.c ****     * Parameters:
 325:Generated_Source\PSoC5/Vehicle_CAN_INT.c ****     *  None.
 326:Generated_Source\PSoC5/Vehicle_CAN_INT.c ****     *
 327:Generated_Source\PSoC5/Vehicle_CAN_INT.c ****     * Return:
 328:Generated_Source\PSoC5/Vehicle_CAN_INT.c ****     *  None.
 329:Generated_Source\PSoC5/Vehicle_CAN_INT.c ****     *
 330:Generated_Source\PSoC5/Vehicle_CAN_INT.c ****     * Reentrant:
 331:Generated_Source\PSoC5/Vehicle_CAN_INT.c ****     *  Depends on Customer code.
 332:Generated_Source\PSoC5/Vehicle_CAN_INT.c ****     *
 333:Generated_Source\PSoC5/Vehicle_CAN_INT.c ****     *******************************************************************************/
 334:Generated_Source\PSoC5/Vehicle_CAN_INT.c ****     void Vehicle_CAN_MsgLostIsr(void) 
 335:Generated_Source\PSoC5/Vehicle_CAN_INT.c ****     {
 336:Generated_Source\PSoC5/Vehicle_CAN_INT.c ****         /* Clear Receive Message Lost flag */
 337:Generated_Source\PSoC5/Vehicle_CAN_INT.c ****         Vehicle_CAN_INT_SR_REG.byte[1u] = Vehicle_CAN_RX_MSG_LOST_MASK;
 338:Generated_Source\PSoC5/Vehicle_CAN_INT.c **** 
ARM GAS  C:\Users\Timmo\AppData\Local\Temp\ccpQsVgb.s 			page 8


 339:Generated_Source\PSoC5/Vehicle_CAN_INT.c ****         /* `#START MESSAGE_LOST_ISR` */
 340:Generated_Source\PSoC5/Vehicle_CAN_INT.c **** 
 341:Generated_Source\PSoC5/Vehicle_CAN_INT.c ****         /* `#END` */
 342:Generated_Source\PSoC5/Vehicle_CAN_INT.c **** 
 343:Generated_Source\PSoC5/Vehicle_CAN_INT.c ****         #ifdef Vehicle_CAN_MSG_LOST_ISR_CALLBACK
 344:Generated_Source\PSoC5/Vehicle_CAN_INT.c ****             Vehicle_CAN_MsgLostIsr_Callback();
 345:Generated_Source\PSoC5/Vehicle_CAN_INT.c ****         #endif /* Vehicle_CAN_MSG_LOST_ISR_CALLBACK */
 346:Generated_Source\PSoC5/Vehicle_CAN_INT.c ****     }
 347:Generated_Source\PSoC5/Vehicle_CAN_INT.c **** #endif /* Vehicle_CAN_RX_MSG_LOST */
 348:Generated_Source\PSoC5/Vehicle_CAN_INT.c **** 
 349:Generated_Source\PSoC5/Vehicle_CAN_INT.c **** 
 350:Generated_Source\PSoC5/Vehicle_CAN_INT.c **** #if (Vehicle_CAN_TX_MESSAGE)
 351:Generated_Source\PSoC5/Vehicle_CAN_INT.c ****     /*******************************************************************************
 352:Generated_Source\PSoC5/Vehicle_CAN_INT.c ****     * FUNCTION NAME:   Vehicle_CAN_MsgTXIsr
 353:Generated_Source\PSoC5/Vehicle_CAN_INT.c ****     ********************************************************************************
 354:Generated_Source\PSoC5/Vehicle_CAN_INT.c ****     *
 355:Generated_Source\PSoC5/Vehicle_CAN_INT.c ****     * Summary:
 356:Generated_Source\PSoC5/Vehicle_CAN_INT.c ****     *  This function is entry point to Transmit Message Interrupt. Clears Transmit
 357:Generated_Source\PSoC5/Vehicle_CAN_INT.c ****     *  Message interrupt flag. Only generated if Transmit Message Interrupt enable
 358:Generated_Source\PSoC5/Vehicle_CAN_INT.c ****     *  in Customizer.
 359:Generated_Source\PSoC5/Vehicle_CAN_INT.c ****     *
 360:Generated_Source\PSoC5/Vehicle_CAN_INT.c ****     * Parameters:
 361:Generated_Source\PSoC5/Vehicle_CAN_INT.c ****     *  None.
 362:Generated_Source\PSoC5/Vehicle_CAN_INT.c ****     *
 363:Generated_Source\PSoC5/Vehicle_CAN_INT.c ****     * Return:
 364:Generated_Source\PSoC5/Vehicle_CAN_INT.c ****     *  None.
 365:Generated_Source\PSoC5/Vehicle_CAN_INT.c ****     *
 366:Generated_Source\PSoC5/Vehicle_CAN_INT.c ****     * Reentrant:
 367:Generated_Source\PSoC5/Vehicle_CAN_INT.c ****     *  Depends on Customer code.
 368:Generated_Source\PSoC5/Vehicle_CAN_INT.c ****     *
 369:Generated_Source\PSoC5/Vehicle_CAN_INT.c ****     *******************************************************************************/
 370:Generated_Source\PSoC5/Vehicle_CAN_INT.c ****     void Vehicle_CAN_MsgTXIsr(void) 
 371:Generated_Source\PSoC5/Vehicle_CAN_INT.c ****     {
 372:Generated_Source\PSoC5/Vehicle_CAN_INT.c ****         /* Clear Transmit Message flag */
 373:Generated_Source\PSoC5/Vehicle_CAN_INT.c ****         Vehicle_CAN_INT_SR_REG.byte[1u] = Vehicle_CAN_TX_MESSAGE_MASK;
 374:Generated_Source\PSoC5/Vehicle_CAN_INT.c **** 
 375:Generated_Source\PSoC5/Vehicle_CAN_INT.c ****         /* `#START MESSAGE_TRANSMITTED_ISR` */
 376:Generated_Source\PSoC5/Vehicle_CAN_INT.c **** 
 377:Generated_Source\PSoC5/Vehicle_CAN_INT.c ****         /* `#END` */
 378:Generated_Source\PSoC5/Vehicle_CAN_INT.c **** 
 379:Generated_Source\PSoC5/Vehicle_CAN_INT.c ****         #ifdef Vehicle_CAN_MSG_TX_ISR_CALLBACK
 380:Generated_Source\PSoC5/Vehicle_CAN_INT.c ****             Vehicle_CAN_MsgTXIsr_Callback();
 381:Generated_Source\PSoC5/Vehicle_CAN_INT.c ****         #endif /* Vehicle_CAN_MSG_TX_ISR_CALLBACK */
 382:Generated_Source\PSoC5/Vehicle_CAN_INT.c ****     }
 383:Generated_Source\PSoC5/Vehicle_CAN_INT.c **** #endif /* Vehicle_CAN_TX_MESSAGE */
 384:Generated_Source\PSoC5/Vehicle_CAN_INT.c **** 
 385:Generated_Source\PSoC5/Vehicle_CAN_INT.c **** 
 386:Generated_Source\PSoC5/Vehicle_CAN_INT.c **** #if (Vehicle_CAN_RX_MESSAGE)
 387:Generated_Source\PSoC5/Vehicle_CAN_INT.c ****     /*******************************************************************************
 388:Generated_Source\PSoC5/Vehicle_CAN_INT.c ****     * FUNCTION NAME:   Vehicle_CAN_MsgRXIsr
 389:Generated_Source\PSoC5/Vehicle_CAN_INT.c ****     ********************************************************************************
 390:Generated_Source\PSoC5/Vehicle_CAN_INT.c ****     *
 391:Generated_Source\PSoC5/Vehicle_CAN_INT.c ****     * Summary:
 392:Generated_Source\PSoC5/Vehicle_CAN_INT.c ****     *  This function is entry point to Receive Message Interrupt. Clears Receive
 393:Generated_Source\PSoC5/Vehicle_CAN_INT.c ****     *  Message interrupt flag and call appropriate handlers for Basic and Full
 394:Generated_Source\PSoC5/Vehicle_CAN_INT.c ****     *  interrupt based mailboxes. Only generated if Receive Message Interrupt
 395:Generated_Source\PSoC5/Vehicle_CAN_INT.c ****     *  enable in Customizer. Recommended setting to enable this interrupt.
ARM GAS  C:\Users\Timmo\AppData\Local\Temp\ccpQsVgb.s 			page 9


 396:Generated_Source\PSoC5/Vehicle_CAN_INT.c ****     *
 397:Generated_Source\PSoC5/Vehicle_CAN_INT.c ****     * Parameters:
 398:Generated_Source\PSoC5/Vehicle_CAN_INT.c ****     *  None.
 399:Generated_Source\PSoC5/Vehicle_CAN_INT.c ****     *
 400:Generated_Source\PSoC5/Vehicle_CAN_INT.c ****     * Return:
 401:Generated_Source\PSoC5/Vehicle_CAN_INT.c ****     *  None.
 402:Generated_Source\PSoC5/Vehicle_CAN_INT.c ****     *
 403:Generated_Source\PSoC5/Vehicle_CAN_INT.c ****     *******************************************************************************/
 404:Generated_Source\PSoC5/Vehicle_CAN_INT.c ****     void Vehicle_CAN_MsgRXIsr(void) 
 405:Generated_Source\PSoC5/Vehicle_CAN_INT.c ****     {
  62              		.loc 1 405 0
  63              		.cfi_startproc
  64              		@ args = 0, pretend = 0, frame = 0
  65              		@ frame_needed = 0, uses_anonymous_args = 0
  66 0000 38B5     		push	{r3, r4, r5, lr}
  67              		.cfi_def_cfa_offset 16
  68              		.cfi_offset 3, -16
  69              		.cfi_offset 4, -12
  70              		.cfi_offset 5, -8
  71              		.cfi_offset 14, -4
  72              	.LVL2:
 406:Generated_Source\PSoC5/Vehicle_CAN_INT.c ****         uint8 mailboxNumber;
 407:Generated_Source\PSoC5/Vehicle_CAN_INT.c ****         uint16 shift = 0x01u;
 408:Generated_Source\PSoC5/Vehicle_CAN_INT.c **** 
 409:Generated_Source\PSoC5/Vehicle_CAN_INT.c ****         /* Clear Receive Message flag */
 410:Generated_Source\PSoC5/Vehicle_CAN_INT.c ****         Vehicle_CAN_INT_SR_REG.byte[1u] = Vehicle_CAN_RX_MESSAGE_MASK;
  73              		.loc 1 410 0
  74 0002 1022     		movs	r2, #16
  75 0004 0C4B     		ldr	r3, .L10
  76 0006 5A70     		strb	r2, [r3, #1]
  77              	.LVL3:
 407:Generated_Source\PSoC5/Vehicle_CAN_INT.c **** 
  78              		.loc 1 407 0
  79 0008 0125     		movs	r5, #1
 411:Generated_Source\PSoC5/Vehicle_CAN_INT.c **** 
 412:Generated_Source\PSoC5/Vehicle_CAN_INT.c ****         /* `#START MESSAGE_RECEIVE_ISR` */
 413:Generated_Source\PSoC5/Vehicle_CAN_INT.c **** 
 414:Generated_Source\PSoC5/Vehicle_CAN_INT.c ****         /* `#END` */
 415:Generated_Source\PSoC5/Vehicle_CAN_INT.c **** 
 416:Generated_Source\PSoC5/Vehicle_CAN_INT.c ****         #ifdef Vehicle_CAN_MSG_RX_ISR_CALLBACK
 417:Generated_Source\PSoC5/Vehicle_CAN_INT.c ****             Vehicle_CAN_MsgRXIsr_Callback();
 418:Generated_Source\PSoC5/Vehicle_CAN_INT.c ****         #endif /* Vehicle_CAN_MSG_RX_ISR_CALLBACK */
 419:Generated_Source\PSoC5/Vehicle_CAN_INT.c **** 
 420:Generated_Source\PSoC5/Vehicle_CAN_INT.c ****         for (mailboxNumber = 0u; mailboxNumber < Vehicle_CAN_NUMBER_OF_RX_MAILBOXES; mailboxNumber+
  80              		.loc 1 420 0
  81 000a 0024     		movs	r4, #0
  82 000c 10E0     		b	.L6
  83              	.LVL4:
  84              	.L8:
 421:Generated_Source\PSoC5/Vehicle_CAN_INT.c ****         {
 422:Generated_Source\PSoC5/Vehicle_CAN_INT.c ****             if ((CY_GET_REG16((reg16 *) &Vehicle_CAN_BUF_SR_REG.byte[0u]) & shift) != 0u)
  85              		.loc 1 422 0
  86 000e 0B4B     		ldr	r3, .L10+4
  87 0010 1B88     		ldrh	r3, [r3]
  88 0012 1D42     		tst	r5, r3
  89 0014 08D0     		beq	.L7
 423:Generated_Source\PSoC5/Vehicle_CAN_INT.c ****             {
ARM GAS  C:\Users\Timmo\AppData\Local\Temp\ccpQsVgb.s 			page 10


 424:Generated_Source\PSoC5/Vehicle_CAN_INT.c ****                 if ((Vehicle_CAN_RX[mailboxNumber].rxcmd.byte[0u] & Vehicle_CAN_RX_INT_ENABLE_MASK)
  90              		.loc 1 424 0
  91 0016 6301     		lsls	r3, r4, #5
  92 0018 094A     		ldr	r2, .L10+8
  93 001a 9B5C     		ldrb	r3, [r3, r2]	@ zero_extendqisi2
  94 001c 13F0200F 		tst	r3, #32
  95 0020 02D0     		beq	.L7
 425:Generated_Source\PSoC5/Vehicle_CAN_INT.c ****                 {
 426:Generated_Source\PSoC5/Vehicle_CAN_INT.c ****                     if ((Vehicle_CAN_RX_MAILBOX_TYPE & shift) != 0u)
 427:Generated_Source\PSoC5/Vehicle_CAN_INT.c ****                     {
 428:Generated_Source\PSoC5/Vehicle_CAN_INT.c ****                         /* RX Full mailboxes handler */
 429:Generated_Source\PSoC5/Vehicle_CAN_INT.c ****                     }
 430:Generated_Source\PSoC5/Vehicle_CAN_INT.c ****                     else
 431:Generated_Source\PSoC5/Vehicle_CAN_INT.c ****                     {
 432:Generated_Source\PSoC5/Vehicle_CAN_INT.c ****                         /* RX Basic mailbox handler */
 433:Generated_Source\PSoC5/Vehicle_CAN_INT.c ****                         Vehicle_CAN_ReceiveMsg(mailboxNumber);
  96              		.loc 1 433 0
  97 0022 2046     		mov	r0, r4
  98 0024 FFF7FEFF 		bl	Vehicle_CAN_ReceiveMsg
  99              	.LVL5:
 100              	.L7:
 434:Generated_Source\PSoC5/Vehicle_CAN_INT.c ****                     }
 435:Generated_Source\PSoC5/Vehicle_CAN_INT.c ****                 }
 436:Generated_Source\PSoC5/Vehicle_CAN_INT.c ****             }
 437:Generated_Source\PSoC5/Vehicle_CAN_INT.c ****             shift <<= 1u;
 101              		.loc 1 437 0 discriminator 2
 102 0028 6D00     		lsls	r5, r5, #1
 103              	.LVL6:
 104 002a ADB2     		uxth	r5, r5
 105              	.LVL7:
 420:Generated_Source\PSoC5/Vehicle_CAN_INT.c ****         {
 106              		.loc 1 420 0 discriminator 2
 107 002c 0134     		adds	r4, r4, #1
 108              	.LVL8:
 109 002e E4B2     		uxtb	r4, r4
 110              	.LVL9:
 111              	.L6:
 420:Generated_Source\PSoC5/Vehicle_CAN_INT.c ****         {
 112              		.loc 1 420 0 is_stmt 0 discriminator 1
 113 0030 0F2C     		cmp	r4, #15
 114 0032 ECD9     		bls	.L8
 438:Generated_Source\PSoC5/Vehicle_CAN_INT.c ****         }
 439:Generated_Source\PSoC5/Vehicle_CAN_INT.c ****     }
 115              		.loc 1 439 0 is_stmt 1
 116 0034 38BD     		pop	{r3, r4, r5, pc}
 117              	.LVL10:
 118              	.L11:
 119 0036 00BF     		.align	2
 120              	.L10:
 121 0038 00A00040 		.word	1073782784
 122 003c 08A00040 		.word	1073782792
 123 0040 A0A00040 		.word	1073782944
 124              		.cfi_endproc
 125              	.LFE1:
 126              		.size	Vehicle_CAN_MsgRXIsr, .-Vehicle_CAN_MsgRXIsr
 127              		.section	.text.Vehicle_CAN_ISR,"ax",%progbits
 128              		.align	2
ARM GAS  C:\Users\Timmo\AppData\Local\Temp\ccpQsVgb.s 			page 11


 129              		.global	Vehicle_CAN_ISR
 130              		.thumb
 131              		.thumb_func
 132              		.type	Vehicle_CAN_ISR, %function
 133              	Vehicle_CAN_ISR:
 134              	.LFB2:
 440:Generated_Source\PSoC5/Vehicle_CAN_INT.c **** #endif /* Vehicle_CAN_RX_MESSAGE */
 441:Generated_Source\PSoC5/Vehicle_CAN_INT.c **** 
 442:Generated_Source\PSoC5/Vehicle_CAN_INT.c **** 
 443:Generated_Source\PSoC5/Vehicle_CAN_INT.c **** /*******************************************************************************
 444:Generated_Source\PSoC5/Vehicle_CAN_INT.c **** * Function Name: Vehicle_CAN_ISR
 445:Generated_Source\PSoC5/Vehicle_CAN_INT.c **** ********************************************************************************
 446:Generated_Source\PSoC5/Vehicle_CAN_INT.c **** *
 447:Generated_Source\PSoC5/Vehicle_CAN_INT.c **** * Summary:
 448:Generated_Source\PSoC5/Vehicle_CAN_INT.c **** *  This ISR is executed when CAN Core generates and interrupt on one of events:
 449:Generated_Source\PSoC5/Vehicle_CAN_INT.c **** *  Arb_lost, Overload, Bit_err, Stuff_err, Ack_err, Form_err, Crc_err,
 450:Generated_Source\PSoC5/Vehicle_CAN_INT.c **** *  Buss_off, Rx_msg_lost, Tx_msg or Rx_msg. The interrupt sources depends
 451:Generated_Source\PSoC5/Vehicle_CAN_INT.c **** *  on the Customizer inputs.
 452:Generated_Source\PSoC5/Vehicle_CAN_INT.c **** *
 453:Generated_Source\PSoC5/Vehicle_CAN_INT.c **** * Parameters:
 454:Generated_Source\PSoC5/Vehicle_CAN_INT.c **** *  None.
 455:Generated_Source\PSoC5/Vehicle_CAN_INT.c **** *
 456:Generated_Source\PSoC5/Vehicle_CAN_INT.c **** * Return:
 457:Generated_Source\PSoC5/Vehicle_CAN_INT.c **** *  None.
 458:Generated_Source\PSoC5/Vehicle_CAN_INT.c **** *
 459:Generated_Source\PSoC5/Vehicle_CAN_INT.c **** *******************************************************************************/
 460:Generated_Source\PSoC5/Vehicle_CAN_INT.c **** CY_ISR(Vehicle_CAN_ISR)
 461:Generated_Source\PSoC5/Vehicle_CAN_INT.c **** {
 135              		.loc 1 461 0
 136              		.cfi_startproc
 137              		@ args = 0, pretend = 0, frame = 0
 138              		@ frame_needed = 0, uses_anonymous_args = 0
 139 0000 08B5     		push	{r3, lr}
 140              		.cfi_def_cfa_offset 8
 141              		.cfi_offset 3, -8
 142              		.cfi_offset 14, -4
 462:Generated_Source\PSoC5/Vehicle_CAN_INT.c ****     #ifdef Vehicle_CAN_ISR_INTERRUPT_CALLBACK
 463:Generated_Source\PSoC5/Vehicle_CAN_INT.c ****         Vehicle_CAN_ISR_InterruptCallback();
 464:Generated_Source\PSoC5/Vehicle_CAN_INT.c ****     #endif /* Vehicle_CAN_ISR_INTERRUPT_CALLBACK */
 465:Generated_Source\PSoC5/Vehicle_CAN_INT.c ****     
 466:Generated_Source\PSoC5/Vehicle_CAN_INT.c ****     /* Place your Interrupt code here. */
 467:Generated_Source\PSoC5/Vehicle_CAN_INT.c ****     /* `#START CAN_ISR` */
 468:Generated_Source\PSoC5/Vehicle_CAN_INT.c **** 
 469:Generated_Source\PSoC5/Vehicle_CAN_INT.c ****     /* `#END` */
 470:Generated_Source\PSoC5/Vehicle_CAN_INT.c ****     
 471:Generated_Source\PSoC5/Vehicle_CAN_INT.c ****     /* Arbitration */
 472:Generated_Source\PSoC5/Vehicle_CAN_INT.c ****     #if (Vehicle_CAN_ARB_LOST && (Vehicle_CAN_ARB_LOST_USE_HELPER || \
 473:Generated_Source\PSoC5/Vehicle_CAN_INT.c ****         (!Vehicle_CAN_ADVANCED_INTERRUPT_CFG)))
 474:Generated_Source\PSoC5/Vehicle_CAN_INT.c ****         if ((Vehicle_CAN_INT_SR_REG.byte[0u] & Vehicle_CAN_ARBITRATION_LOST_MASK) != 0u)
 475:Generated_Source\PSoC5/Vehicle_CAN_INT.c ****         {
 476:Generated_Source\PSoC5/Vehicle_CAN_INT.c ****             Vehicle_CAN_ArbLostIsr();
 477:Generated_Source\PSoC5/Vehicle_CAN_INT.c ****         }
 478:Generated_Source\PSoC5/Vehicle_CAN_INT.c ****     #endif /* Vehicle_CAN_ARB_LOST && Vehicle_CAN_ARB_LOST_USE_HELPER */
 479:Generated_Source\PSoC5/Vehicle_CAN_INT.c **** 
 480:Generated_Source\PSoC5/Vehicle_CAN_INT.c ****     /* Overload Error */
 481:Generated_Source\PSoC5/Vehicle_CAN_INT.c ****     #if (Vehicle_CAN_OVERLOAD && (Vehicle_CAN_OVERLOAD_USE_HELPER || \
 482:Generated_Source\PSoC5/Vehicle_CAN_INT.c ****         (!Vehicle_CAN_ADVANCED_INTERRUPT_CFG)))
ARM GAS  C:\Users\Timmo\AppData\Local\Temp\ccpQsVgb.s 			page 12


 483:Generated_Source\PSoC5/Vehicle_CAN_INT.c ****         if ((Vehicle_CAN_INT_SR_REG.byte[0u] & Vehicle_CAN_OVERLOAD_ERROR_MASK) != 0u)
 484:Generated_Source\PSoC5/Vehicle_CAN_INT.c ****         {
 485:Generated_Source\PSoC5/Vehicle_CAN_INT.c ****             Vehicle_CAN_OvrLdErrorIsr();
 486:Generated_Source\PSoC5/Vehicle_CAN_INT.c ****         }
 487:Generated_Source\PSoC5/Vehicle_CAN_INT.c ****     #endif /* Vehicle_CAN_OVERLOAD && Vehicle_CAN_OVERLOAD_USE_HELPER */
 488:Generated_Source\PSoC5/Vehicle_CAN_INT.c **** 
 489:Generated_Source\PSoC5/Vehicle_CAN_INT.c ****     /* Bit Error */
 490:Generated_Source\PSoC5/Vehicle_CAN_INT.c ****     #if (Vehicle_CAN_BIT_ERR && (Vehicle_CAN_BIT_ERR_USE_HELPER || \
 491:Generated_Source\PSoC5/Vehicle_CAN_INT.c ****         (!Vehicle_CAN_ADVANCED_INTERRUPT_CFG)))
 492:Generated_Source\PSoC5/Vehicle_CAN_INT.c ****         if ((Vehicle_CAN_INT_SR_REG.byte[0u] & Vehicle_CAN_BIT_ERROR_MASK) != 0u)
 493:Generated_Source\PSoC5/Vehicle_CAN_INT.c ****         {
 494:Generated_Source\PSoC5/Vehicle_CAN_INT.c ****             Vehicle_CAN_BitErrorIsr();
 495:Generated_Source\PSoC5/Vehicle_CAN_INT.c ****         }
 496:Generated_Source\PSoC5/Vehicle_CAN_INT.c ****     #endif /* Vehicle_CAN_BIT_ERR && Vehicle_CAN_BIT_ERR_USE_HELPER */
 497:Generated_Source\PSoC5/Vehicle_CAN_INT.c **** 
 498:Generated_Source\PSoC5/Vehicle_CAN_INT.c ****     /* Bit Staff Error */
 499:Generated_Source\PSoC5/Vehicle_CAN_INT.c ****     #if (Vehicle_CAN_STUFF_ERR && (Vehicle_CAN_STUFF_ERR_USE_HELPER || \
 500:Generated_Source\PSoC5/Vehicle_CAN_INT.c ****         (!Vehicle_CAN_ADVANCED_INTERRUPT_CFG)))
 501:Generated_Source\PSoC5/Vehicle_CAN_INT.c ****         if ((Vehicle_CAN_INT_SR_REG.byte[0u] & Vehicle_CAN_STUFF_ERROR_MASK) != 0u)
 502:Generated_Source\PSoC5/Vehicle_CAN_INT.c ****         {
 503:Generated_Source\PSoC5/Vehicle_CAN_INT.c ****             Vehicle_CAN_BitStuffErrorIsr();
 504:Generated_Source\PSoC5/Vehicle_CAN_INT.c ****         }
 505:Generated_Source\PSoC5/Vehicle_CAN_INT.c ****     #endif /* Vehicle_CAN_STUFF_ERR && Vehicle_CAN_STUFF_ERR_USE_HELPER */
 506:Generated_Source\PSoC5/Vehicle_CAN_INT.c **** 
 507:Generated_Source\PSoC5/Vehicle_CAN_INT.c ****     /* ACK Error */
 508:Generated_Source\PSoC5/Vehicle_CAN_INT.c ****     #if (Vehicle_CAN_ACK_ERR && (Vehicle_CAN_ACK_ERR_USE_HELPER || \
 509:Generated_Source\PSoC5/Vehicle_CAN_INT.c ****         (!Vehicle_CAN_ADVANCED_INTERRUPT_CFG)))
 510:Generated_Source\PSoC5/Vehicle_CAN_INT.c ****         if ((Vehicle_CAN_INT_SR_REG.byte[0u] & Vehicle_CAN_ACK_ERROR_MASK) != 0u)
 511:Generated_Source\PSoC5/Vehicle_CAN_INT.c ****         {
 512:Generated_Source\PSoC5/Vehicle_CAN_INT.c ****             Vehicle_CAN_AckErrorIsr();
 513:Generated_Source\PSoC5/Vehicle_CAN_INT.c ****         }
 514:Generated_Source\PSoC5/Vehicle_CAN_INT.c ****     #endif /* Vehicle_CAN_ACK_ERR && Vehicle_CAN_ACK_ERR_USE_HELPER */
 515:Generated_Source\PSoC5/Vehicle_CAN_INT.c **** 
 516:Generated_Source\PSoC5/Vehicle_CAN_INT.c ****     /* Form(msg) Error */
 517:Generated_Source\PSoC5/Vehicle_CAN_INT.c ****     #if (Vehicle_CAN_FORM_ERR && (Vehicle_CAN_FORM_ERR_USE_HELPER || \
 518:Generated_Source\PSoC5/Vehicle_CAN_INT.c ****         (!Vehicle_CAN_ADVANCED_INTERRUPT_CFG)))
 519:Generated_Source\PSoC5/Vehicle_CAN_INT.c ****         if ((Vehicle_CAN_INT_SR_REG.byte[0u] & Vehicle_CAN_FORM_ERROR_MASK) != 0u)
 520:Generated_Source\PSoC5/Vehicle_CAN_INT.c ****         {
 521:Generated_Source\PSoC5/Vehicle_CAN_INT.c ****             Vehicle_CAN_MsgErrorIsr();
 522:Generated_Source\PSoC5/Vehicle_CAN_INT.c ****         }
 523:Generated_Source\PSoC5/Vehicle_CAN_INT.c ****     #endif /* Vehicle_CAN_FORM_ERR && Vehicle_CAN_FORM_ERR_USE_HELPER */
 524:Generated_Source\PSoC5/Vehicle_CAN_INT.c **** 
 525:Generated_Source\PSoC5/Vehicle_CAN_INT.c ****     /* CRC Error */
 526:Generated_Source\PSoC5/Vehicle_CAN_INT.c ****     #if (Vehicle_CAN_CRC_ERR && (Vehicle_CAN_CRC_ERR_USE_HELPER || \
 527:Generated_Source\PSoC5/Vehicle_CAN_INT.c ****         (!Vehicle_CAN_ADVANCED_INTERRUPT_CFG)))
 528:Generated_Source\PSoC5/Vehicle_CAN_INT.c ****         if ((Vehicle_CAN_INT_SR_REG.byte[1u] & Vehicle_CAN_CRC_ERROR_MASK) != 0u)
 529:Generated_Source\PSoC5/Vehicle_CAN_INT.c ****         {
 530:Generated_Source\PSoC5/Vehicle_CAN_INT.c ****             Vehicle_CAN_CrcErrorIsr();
 531:Generated_Source\PSoC5/Vehicle_CAN_INT.c ****         }
 532:Generated_Source\PSoC5/Vehicle_CAN_INT.c ****     #endif /* Vehicle_CAN_CRC_ERR && Vehicle_CAN_CRC_ERR_USE_HELPER */
 533:Generated_Source\PSoC5/Vehicle_CAN_INT.c **** 
 534:Generated_Source\PSoC5/Vehicle_CAN_INT.c ****     /* Bus Off state */
 535:Generated_Source\PSoC5/Vehicle_CAN_INT.c ****     #if (Vehicle_CAN_BUS_OFF && (Vehicle_CAN_BUS_OFF_USE_HELPER || \
 536:Generated_Source\PSoC5/Vehicle_CAN_INT.c ****         (!Vehicle_CAN_ADVANCED_INTERRUPT_CFG)))
 537:Generated_Source\PSoC5/Vehicle_CAN_INT.c ****         if ((Vehicle_CAN_INT_SR_REG.byte[1u] & Vehicle_CAN_BUS_OFF_MASK) != 0u)
 143              		.loc 1 537 0
 144 0002 074B     		ldr	r3, .L16
ARM GAS  C:\Users\Timmo\AppData\Local\Temp\ccpQsVgb.s 			page 13


 145 0004 5B78     		ldrb	r3, [r3, #1]	@ zero_extendqisi2
 146 0006 13F0020F 		tst	r3, #2
 147 000a 01D0     		beq	.L13
 538:Generated_Source\PSoC5/Vehicle_CAN_INT.c ****         {
 539:Generated_Source\PSoC5/Vehicle_CAN_INT.c ****             Vehicle_CAN_BusOffIsr();
 148              		.loc 1 539 0
 149 000c FFF7FEFF 		bl	Vehicle_CAN_BusOffIsr
 150              	.LVL11:
 151              	.L13:
 540:Generated_Source\PSoC5/Vehicle_CAN_INT.c ****         }
 541:Generated_Source\PSoC5/Vehicle_CAN_INT.c ****     #endif /* Vehicle_CAN_BUS_OFF && Vehicle_CAN_BUS_OFF_USE_HELPER */
 542:Generated_Source\PSoC5/Vehicle_CAN_INT.c **** 
 543:Generated_Source\PSoC5/Vehicle_CAN_INT.c ****     /* Message Lost */
 544:Generated_Source\PSoC5/Vehicle_CAN_INT.c ****     #if (Vehicle_CAN_RX_MSG_LOST && (Vehicle_CAN_RX_MSG_LOST_USE_HELPER || \
 545:Generated_Source\PSoC5/Vehicle_CAN_INT.c ****         (!Vehicle_CAN_ADVANCED_INTERRUPT_CFG)))
 546:Generated_Source\PSoC5/Vehicle_CAN_INT.c ****         if ((Vehicle_CAN_INT_SR_REG.byte[1u] & Vehicle_CAN_RX_MSG_LOST_MASK) != 0u)
 547:Generated_Source\PSoC5/Vehicle_CAN_INT.c ****         {
 548:Generated_Source\PSoC5/Vehicle_CAN_INT.c ****             Vehicle_CAN_MsgLostIsr();
 549:Generated_Source\PSoC5/Vehicle_CAN_INT.c ****         }
 550:Generated_Source\PSoC5/Vehicle_CAN_INT.c ****     #endif /* Vehicle_CAN_RX_MSG_LOST && Vehicle_CAN_RX_MSG_LOST_USE_HELPER */
 551:Generated_Source\PSoC5/Vehicle_CAN_INT.c **** 
 552:Generated_Source\PSoC5/Vehicle_CAN_INT.c ****     /* TX Message Send */
 553:Generated_Source\PSoC5/Vehicle_CAN_INT.c ****     #if (Vehicle_CAN_TX_MESSAGE && (Vehicle_CAN_TX_MESSAGE_USE_HELPER || \
 554:Generated_Source\PSoC5/Vehicle_CAN_INT.c ****         (!Vehicle_CAN_ADVANCED_INTERRUPT_CFG)))
 555:Generated_Source\PSoC5/Vehicle_CAN_INT.c ****         if ((Vehicle_CAN_INT_SR_REG.byte[1u] & Vehicle_CAN_TX_MESSAGE_MASK) != 0u)
 556:Generated_Source\PSoC5/Vehicle_CAN_INT.c ****         {
 557:Generated_Source\PSoC5/Vehicle_CAN_INT.c ****             Vehicle_CAN_MsgTXIsr();
 558:Generated_Source\PSoC5/Vehicle_CAN_INT.c ****         }
 559:Generated_Source\PSoC5/Vehicle_CAN_INT.c ****     #endif /* Vehicle_CAN_TX_MESSAGE && Vehicle_CAN_TX_MESSAGE_USE_HELPER */
 560:Generated_Source\PSoC5/Vehicle_CAN_INT.c **** 
 561:Generated_Source\PSoC5/Vehicle_CAN_INT.c ****     /* RX Message Available */
 562:Generated_Source\PSoC5/Vehicle_CAN_INT.c ****     #if (Vehicle_CAN_RX_MESSAGE && (Vehicle_CAN_RX_MESSAGE_USE_HELPER || \
 563:Generated_Source\PSoC5/Vehicle_CAN_INT.c ****         (!Vehicle_CAN_ADVANCED_INTERRUPT_CFG)))
 564:Generated_Source\PSoC5/Vehicle_CAN_INT.c ****         if ((Vehicle_CAN_INT_SR_REG.byte[1u] & Vehicle_CAN_RX_MESSAGE_MASK) != 0u)
 152              		.loc 1 564 0
 153 0010 034B     		ldr	r3, .L16
 154 0012 5B78     		ldrb	r3, [r3, #1]	@ zero_extendqisi2
 155 0014 13F0100F 		tst	r3, #16
 156 0018 01D0     		beq	.L12
 565:Generated_Source\PSoC5/Vehicle_CAN_INT.c ****         {
 566:Generated_Source\PSoC5/Vehicle_CAN_INT.c ****             Vehicle_CAN_MsgRXIsr();
 157              		.loc 1 566 0
 158 001a FFF7FEFF 		bl	Vehicle_CAN_MsgRXIsr
 159              	.LVL12:
 160              	.L12:
 161 001e 08BD     		pop	{r3, pc}
 162              	.L17:
 163              		.align	2
 164              	.L16:
 165 0020 00A00040 		.word	1073782784
 166              		.cfi_endproc
 167              	.LFE2:
 168              		.size	Vehicle_CAN_ISR, .-Vehicle_CAN_ISR
 169              		.text
 170              	.Letext0:
 171              		.file 2 "Generated_Source\\PSoC5\\cytypes.h"
 172              		.file 3 "Generated_Source\\PSoC5\\Vehicle_CAN.h"
ARM GAS  C:\Users\Timmo\AppData\Local\Temp\ccpQsVgb.s 			page 14


 173              		.section	.debug_info,"",%progbits
 174              	.Ldebug_info0:
 175 0000 52020000 		.4byte	0x252
 176 0004 0400     		.2byte	0x4
 177 0006 00000000 		.4byte	.Ldebug_abbrev0
 178 000a 04       		.byte	0x4
 179 000b 01       		.uleb128 0x1
 180 000c 47010000 		.4byte	.LASF37
 181 0010 0C       		.byte	0xc
 182 0011 4A020000 		.4byte	.LASF38
 183 0015 7F020000 		.4byte	.LASF39
 184 0019 00000000 		.4byte	.Ldebug_ranges0+0
 185 001d 00000000 		.4byte	0
 186 0021 00000000 		.4byte	.Ldebug_line0
 187 0025 02       		.uleb128 0x2
 188 0026 01       		.byte	0x1
 189 0027 06       		.byte	0x6
 190 0028 73020000 		.4byte	.LASF0
 191 002c 02       		.uleb128 0x2
 192 002d 01       		.byte	0x1
 193 002e 08       		.byte	0x8
 194 002f 84000000 		.4byte	.LASF1
 195 0033 02       		.uleb128 0x2
 196 0034 02       		.byte	0x2
 197 0035 05       		.byte	0x5
 198 0036 25020000 		.4byte	.LASF2
 199 003a 02       		.uleb128 0x2
 200 003b 02       		.byte	0x2
 201 003c 07       		.byte	0x7
 202 003d 37000000 		.4byte	.LASF3
 203 0041 02       		.uleb128 0x2
 204 0042 04       		.byte	0x4
 205 0043 05       		.byte	0x5
 206 0044 35020000 		.4byte	.LASF4
 207 0048 02       		.uleb128 0x2
 208 0049 04       		.byte	0x4
 209 004a 07       		.byte	0x7
 210 004b B9000000 		.4byte	.LASF5
 211 004f 02       		.uleb128 0x2
 212 0050 08       		.byte	0x8
 213 0051 05       		.byte	0x5
 214 0052 E5010000 		.4byte	.LASF6
 215 0056 02       		.uleb128 0x2
 216 0057 08       		.byte	0x8
 217 0058 07       		.byte	0x7
 218 0059 02010000 		.4byte	.LASF7
 219 005d 03       		.uleb128 0x3
 220 005e 04       		.byte	0x4
 221 005f 05       		.byte	0x5
 222 0060 696E7400 		.ascii	"int\000"
 223 0064 02       		.uleb128 0x2
 224 0065 04       		.byte	0x4
 225 0066 07       		.byte	0x7
 226 0067 DF000000 		.4byte	.LASF8
 227 006b 04       		.uleb128 0x4
 228 006c CB000000 		.4byte	.LASF9
 229 0070 02       		.byte	0x2
ARM GAS  C:\Users\Timmo\AppData\Local\Temp\ccpQsVgb.s 			page 15


 230 0071 E401     		.2byte	0x1e4
 231 0073 2C000000 		.4byte	0x2c
 232 0077 04       		.uleb128 0x4
 233 0078 D8000000 		.4byte	.LASF10
 234 007c 02       		.byte	0x2
 235 007d E501     		.2byte	0x1e5
 236 007f 3A000000 		.4byte	0x3a
 237 0083 02       		.uleb128 0x2
 238 0084 04       		.byte	0x4
 239 0085 04       		.byte	0x4
 240 0086 7E000000 		.4byte	.LASF11
 241 008a 02       		.uleb128 0x2
 242 008b 08       		.byte	0x8
 243 008c 04       		.byte	0x4
 244 008d D1000000 		.4byte	.LASF12
 245 0091 02       		.uleb128 0x2
 246 0092 01       		.byte	0x1
 247 0093 08       		.byte	0x8
 248 0094 F3010000 		.4byte	.LASF13
 249 0098 04       		.uleb128 0x4
 250 0099 97000000 		.4byte	.LASF14
 251 009d 02       		.byte	0x2
 252 009e 8E02     		.2byte	0x28e
 253 00a0 A4000000 		.4byte	0xa4
 254 00a4 05       		.uleb128 0x5
 255 00a5 6B000000 		.4byte	0x6b
 256 00a9 04       		.uleb128 0x4
 257 00aa 00000000 		.4byte	.LASF15
 258 00ae 02       		.byte	0x2
 259 00af 8F02     		.2byte	0x28f
 260 00b1 B5000000 		.4byte	0xb5
 261 00b5 05       		.uleb128 0x5
 262 00b6 77000000 		.4byte	0x77
 263 00ba 02       		.uleb128 0x2
 264 00bb 08       		.byte	0x8
 265 00bc 04       		.byte	0x4
 266 00bd 3E020000 		.4byte	.LASF16
 267 00c1 02       		.uleb128 0x2
 268 00c2 04       		.byte	0x4
 269 00c3 07       		.byte	0x7
 270 00c4 D5010000 		.4byte	.LASF17
 271 00c8 06       		.uleb128 0x6
 272 00c9 08       		.byte	0x8
 273 00ca 03       		.byte	0x3
 274 00cb 75       		.byte	0x75
 275 00cc DD000000 		.4byte	0xdd
 276 00d0 07       		.uleb128 0x7
 277 00d1 5B000000 		.4byte	.LASF19
 278 00d5 03       		.byte	0x3
 279 00d6 77       		.byte	0x77
 280 00d7 ED000000 		.4byte	0xed
 281 00db 00       		.byte	0
 282 00dc 00       		.byte	0
 283 00dd 08       		.uleb128 0x8
 284 00de 98000000 		.4byte	0x98
 285 00e2 ED000000 		.4byte	0xed
 286 00e6 09       		.uleb128 0x9
ARM GAS  C:\Users\Timmo\AppData\Local\Temp\ccpQsVgb.s 			page 16


 287 00e7 C1000000 		.4byte	0xc1
 288 00eb 07       		.byte	0x7
 289 00ec 00       		.byte	0
 290 00ed 05       		.uleb128 0x5
 291 00ee DD000000 		.4byte	0xdd
 292 00f2 0A       		.uleb128 0xa
 293 00f3 12000000 		.4byte	.LASF18
 294 00f7 03       		.byte	0x3
 295 00f8 78       		.byte	0x78
 296 00f9 C8000000 		.4byte	0xc8
 297 00fd 06       		.uleb128 0x6
 298 00fe 04       		.byte	0x4
 299 00ff 03       		.byte	0x3
 300 0100 7B       		.byte	0x7b
 301 0101 12010000 		.4byte	0x112
 302 0105 07       		.uleb128 0x7
 303 0106 5B000000 		.4byte	.LASF19
 304 010a 03       		.byte	0x3
 305 010b 7D       		.byte	0x7d
 306 010c 22010000 		.4byte	0x122
 307 0110 00       		.byte	0
 308 0111 00       		.byte	0
 309 0112 08       		.uleb128 0x8
 310 0113 98000000 		.4byte	0x98
 311 0117 22010000 		.4byte	0x122
 312 011b 09       		.uleb128 0x9
 313 011c C1000000 		.4byte	0xc1
 314 0120 03       		.byte	0x3
 315 0121 00       		.byte	0
 316 0122 05       		.uleb128 0x5
 317 0123 12010000 		.4byte	0x112
 318 0127 0A       		.uleb128 0xa
 319 0128 2E010000 		.4byte	.LASF20
 320 012c 03       		.byte	0x3
 321 012d 7E       		.byte	0x7e
 322 012e FD000000 		.4byte	0xfd
 323 0132 06       		.uleb128 0x6
 324 0133 20       		.byte	0x20
 325 0134 03       		.byte	0x3
 326 0135 A0       		.byte	0xa0
 327 0136 8F010000 		.4byte	0x18f
 328 013a 07       		.uleb128 0x7
 329 013b 41010000 		.4byte	.LASF21
 330 013f 03       		.byte	0x3
 331 0140 A2       		.byte	0xa2
 332 0141 27010000 		.4byte	0x127
 333 0145 00       		.byte	0
 334 0146 07       		.uleb128 0x7
 335 0147 92000000 		.4byte	.LASF22
 336 014b 03       		.byte	0x3
 337 014c A3       		.byte	0xa3
 338 014d 27010000 		.4byte	0x127
 339 0151 04       		.byte	0x4
 340 0152 07       		.uleb128 0x7
 341 0153 60000000 		.4byte	.LASF23
 342 0157 03       		.byte	0x3
 343 0158 A4       		.byte	0xa4
ARM GAS  C:\Users\Timmo\AppData\Local\Temp\ccpQsVgb.s 			page 17


 344 0159 F2000000 		.4byte	0xf2
 345 015d 08       		.byte	0x8
 346 015e 07       		.uleb128 0x7
 347 015f 0C000000 		.4byte	.LASF24
 348 0163 03       		.byte	0x3
 349 0164 A5       		.byte	0xa5
 350 0165 27010000 		.4byte	0x127
 351 0169 10       		.byte	0x10
 352 016a 07       		.uleb128 0x7
 353 016b 2F020000 		.4byte	.LASF25
 354 016f 03       		.byte	0x3
 355 0170 A6       		.byte	0xa6
 356 0171 27010000 		.4byte	0x127
 357 0175 14       		.byte	0x14
 358 0176 07       		.uleb128 0x7
 359 0177 DE010000 		.4byte	.LASF26
 360 017b 03       		.byte	0x3
 361 017c A7       		.byte	0xa7
 362 017d 27010000 		.4byte	0x127
 363 0181 18       		.byte	0x18
 364 0182 07       		.uleb128 0x7
 365 0183 67000000 		.4byte	.LASF27
 366 0187 03       		.byte	0x3
 367 0188 A8       		.byte	0xa8
 368 0189 27010000 		.4byte	0x127
 369 018d 1C       		.byte	0x1c
 370 018e 00       		.byte	0
 371 018f 0A       		.uleb128 0xa
 372 0190 0F020000 		.4byte	.LASF28
 373 0194 03       		.byte	0x3
 374 0195 A9       		.byte	0xa9
 375 0196 32010000 		.4byte	0x132
 376 019a 0B       		.uleb128 0xb
 377 019b EC000000 		.4byte	.LASF29
 378 019f 01       		.byte	0x1
 379 01a0 2801     		.2byte	0x128
 380 01a2 00000000 		.4byte	.LFB0
 381 01a6 18000000 		.4byte	.LFE0-.LFB0
 382 01aa 01       		.uleb128 0x1
 383 01ab 9C       		.byte	0x9c
 384 01ac C3010000 		.4byte	0x1c3
 385 01b0 0C       		.uleb128 0xc
 386 01b1 0C000000 		.4byte	.LVL0
 387 01b5 33020000 		.4byte	0x233
 388 01b9 0C       		.uleb128 0xc
 389 01ba 10000000 		.4byte	.LVL1
 390 01be 3E020000 		.4byte	0x23e
 391 01c2 00       		.byte	0
 392 01c3 0B       		.uleb128 0xb
 393 01c4 19010000 		.4byte	.LASF30
 394 01c8 01       		.byte	0x1
 395 01c9 9401     		.2byte	0x194
 396 01cb 00000000 		.4byte	.LFB1
 397 01cf 44000000 		.4byte	.LFE1-.LFB1
 398 01d3 01       		.uleb128 0x1
 399 01d4 9C       		.byte	0x9c
 400 01d5 0A020000 		.4byte	0x20a
ARM GAS  C:\Users\Timmo\AppData\Local\Temp\ccpQsVgb.s 			page 18


 401 01d9 0D       		.uleb128 0xd
 402 01da 29000000 		.4byte	.LASF31
 403 01de 01       		.byte	0x1
 404 01df 9601     		.2byte	0x196
 405 01e1 6B000000 		.4byte	0x6b
 406 01e5 00000000 		.4byte	.LLST0
 407 01e9 0D       		.uleb128 0xd
 408 01ea 06000000 		.4byte	.LASF32
 409 01ee 01       		.byte	0x1
 410 01ef 9701     		.2byte	0x197
 411 01f1 77000000 		.4byte	0x77
 412 01f5 2A000000 		.4byte	.LLST1
 413 01f9 0E       		.uleb128 0xe
 414 01fa 28000000 		.4byte	.LVL5
 415 01fe 49020000 		.4byte	0x249
 416 0202 0F       		.uleb128 0xf
 417 0203 01       		.uleb128 0x1
 418 0204 50       		.byte	0x50
 419 0205 02       		.uleb128 0x2
 420 0206 74       		.byte	0x74
 421 0207 00       		.sleb128 0
 422 0208 00       		.byte	0
 423 0209 00       		.byte	0
 424 020a 0B       		.uleb128 0xb
 425 020b 6E000000 		.4byte	.LASF33
 426 020f 01       		.byte	0x1
 427 0210 CC01     		.2byte	0x1cc
 428 0212 00000000 		.4byte	.LFB2
 429 0216 24000000 		.4byte	.LFE2-.LFB2
 430 021a 01       		.uleb128 0x1
 431 021b 9C       		.byte	0x9c
 432 021c 33020000 		.4byte	0x233
 433 0220 0C       		.uleb128 0xc
 434 0221 10000000 		.4byte	.LVL11
 435 0225 9A010000 		.4byte	0x19a
 436 0229 0C       		.uleb128 0xc
 437 022a 1E000000 		.4byte	.LVL12
 438 022e C3010000 		.4byte	0x1c3
 439 0232 00       		.byte	0
 440 0233 10       		.uleb128 0x10
 441 0234 9C000000 		.4byte	.LASF34
 442 0238 9C000000 		.4byte	.LASF34
 443 023c 03       		.byte	0x3
 444 023d C9       		.byte	0xc9
 445 023e 10       		.uleb128 0x10
 446 023f 4A000000 		.4byte	.LASF35
 447 0243 4A000000 		.4byte	.LASF35
 448 0247 03       		.byte	0x3
 449 0248 C6       		.byte	0xc6
 450 0249 11       		.uleb128 0x11
 451 024a F8010000 		.4byte	.LASF36
 452 024e F8010000 		.4byte	.LASF36
 453 0252 03       		.byte	0x3
 454 0253 1A01     		.2byte	0x11a
 455 0255 00       		.byte	0
 456              		.section	.debug_abbrev,"",%progbits
 457              	.Ldebug_abbrev0:
ARM GAS  C:\Users\Timmo\AppData\Local\Temp\ccpQsVgb.s 			page 19


 458 0000 01       		.uleb128 0x1
 459 0001 11       		.uleb128 0x11
 460 0002 01       		.byte	0x1
 461 0003 25       		.uleb128 0x25
 462 0004 0E       		.uleb128 0xe
 463 0005 13       		.uleb128 0x13
 464 0006 0B       		.uleb128 0xb
 465 0007 03       		.uleb128 0x3
 466 0008 0E       		.uleb128 0xe
 467 0009 1B       		.uleb128 0x1b
 468 000a 0E       		.uleb128 0xe
 469 000b 55       		.uleb128 0x55
 470 000c 17       		.uleb128 0x17
 471 000d 11       		.uleb128 0x11
 472 000e 01       		.uleb128 0x1
 473 000f 10       		.uleb128 0x10
 474 0010 17       		.uleb128 0x17
 475 0011 00       		.byte	0
 476 0012 00       		.byte	0
 477 0013 02       		.uleb128 0x2
 478 0014 24       		.uleb128 0x24
 479 0015 00       		.byte	0
 480 0016 0B       		.uleb128 0xb
 481 0017 0B       		.uleb128 0xb
 482 0018 3E       		.uleb128 0x3e
 483 0019 0B       		.uleb128 0xb
 484 001a 03       		.uleb128 0x3
 485 001b 0E       		.uleb128 0xe
 486 001c 00       		.byte	0
 487 001d 00       		.byte	0
 488 001e 03       		.uleb128 0x3
 489 001f 24       		.uleb128 0x24
 490 0020 00       		.byte	0
 491 0021 0B       		.uleb128 0xb
 492 0022 0B       		.uleb128 0xb
 493 0023 3E       		.uleb128 0x3e
 494 0024 0B       		.uleb128 0xb
 495 0025 03       		.uleb128 0x3
 496 0026 08       		.uleb128 0x8
 497 0027 00       		.byte	0
 498 0028 00       		.byte	0
 499 0029 04       		.uleb128 0x4
 500 002a 16       		.uleb128 0x16
 501 002b 00       		.byte	0
 502 002c 03       		.uleb128 0x3
 503 002d 0E       		.uleb128 0xe
 504 002e 3A       		.uleb128 0x3a
 505 002f 0B       		.uleb128 0xb
 506 0030 3B       		.uleb128 0x3b
 507 0031 05       		.uleb128 0x5
 508 0032 49       		.uleb128 0x49
 509 0033 13       		.uleb128 0x13
 510 0034 00       		.byte	0
 511 0035 00       		.byte	0
 512 0036 05       		.uleb128 0x5
 513 0037 35       		.uleb128 0x35
 514 0038 00       		.byte	0
ARM GAS  C:\Users\Timmo\AppData\Local\Temp\ccpQsVgb.s 			page 20


 515 0039 49       		.uleb128 0x49
 516 003a 13       		.uleb128 0x13
 517 003b 00       		.byte	0
 518 003c 00       		.byte	0
 519 003d 06       		.uleb128 0x6
 520 003e 13       		.uleb128 0x13
 521 003f 01       		.byte	0x1
 522 0040 0B       		.uleb128 0xb
 523 0041 0B       		.uleb128 0xb
 524 0042 3A       		.uleb128 0x3a
 525 0043 0B       		.uleb128 0xb
 526 0044 3B       		.uleb128 0x3b
 527 0045 0B       		.uleb128 0xb
 528 0046 01       		.uleb128 0x1
 529 0047 13       		.uleb128 0x13
 530 0048 00       		.byte	0
 531 0049 00       		.byte	0
 532 004a 07       		.uleb128 0x7
 533 004b 0D       		.uleb128 0xd
 534 004c 00       		.byte	0
 535 004d 03       		.uleb128 0x3
 536 004e 0E       		.uleb128 0xe
 537 004f 3A       		.uleb128 0x3a
 538 0050 0B       		.uleb128 0xb
 539 0051 3B       		.uleb128 0x3b
 540 0052 0B       		.uleb128 0xb
 541 0053 49       		.uleb128 0x49
 542 0054 13       		.uleb128 0x13
 543 0055 38       		.uleb128 0x38
 544 0056 0B       		.uleb128 0xb
 545 0057 00       		.byte	0
 546 0058 00       		.byte	0
 547 0059 08       		.uleb128 0x8
 548 005a 01       		.uleb128 0x1
 549 005b 01       		.byte	0x1
 550 005c 49       		.uleb128 0x49
 551 005d 13       		.uleb128 0x13
 552 005e 01       		.uleb128 0x1
 553 005f 13       		.uleb128 0x13
 554 0060 00       		.byte	0
 555 0061 00       		.byte	0
 556 0062 09       		.uleb128 0x9
 557 0063 21       		.uleb128 0x21
 558 0064 00       		.byte	0
 559 0065 49       		.uleb128 0x49
 560 0066 13       		.uleb128 0x13
 561 0067 2F       		.uleb128 0x2f
 562 0068 0B       		.uleb128 0xb
 563 0069 00       		.byte	0
 564 006a 00       		.byte	0
 565 006b 0A       		.uleb128 0xa
 566 006c 16       		.uleb128 0x16
 567 006d 00       		.byte	0
 568 006e 03       		.uleb128 0x3
 569 006f 0E       		.uleb128 0xe
 570 0070 3A       		.uleb128 0x3a
 571 0071 0B       		.uleb128 0xb
ARM GAS  C:\Users\Timmo\AppData\Local\Temp\ccpQsVgb.s 			page 21


 572 0072 3B       		.uleb128 0x3b
 573 0073 0B       		.uleb128 0xb
 574 0074 49       		.uleb128 0x49
 575 0075 13       		.uleb128 0x13
 576 0076 00       		.byte	0
 577 0077 00       		.byte	0
 578 0078 0B       		.uleb128 0xb
 579 0079 2E       		.uleb128 0x2e
 580 007a 01       		.byte	0x1
 581 007b 3F       		.uleb128 0x3f
 582 007c 19       		.uleb128 0x19
 583 007d 03       		.uleb128 0x3
 584 007e 0E       		.uleb128 0xe
 585 007f 3A       		.uleb128 0x3a
 586 0080 0B       		.uleb128 0xb
 587 0081 3B       		.uleb128 0x3b
 588 0082 05       		.uleb128 0x5
 589 0083 27       		.uleb128 0x27
 590 0084 19       		.uleb128 0x19
 591 0085 11       		.uleb128 0x11
 592 0086 01       		.uleb128 0x1
 593 0087 12       		.uleb128 0x12
 594 0088 06       		.uleb128 0x6
 595 0089 40       		.uleb128 0x40
 596 008a 18       		.uleb128 0x18
 597 008b 9742     		.uleb128 0x2117
 598 008d 19       		.uleb128 0x19
 599 008e 01       		.uleb128 0x1
 600 008f 13       		.uleb128 0x13
 601 0090 00       		.byte	0
 602 0091 00       		.byte	0
 603 0092 0C       		.uleb128 0xc
 604 0093 898201   		.uleb128 0x4109
 605 0096 00       		.byte	0
 606 0097 11       		.uleb128 0x11
 607 0098 01       		.uleb128 0x1
 608 0099 31       		.uleb128 0x31
 609 009a 13       		.uleb128 0x13
 610 009b 00       		.byte	0
 611 009c 00       		.byte	0
 612 009d 0D       		.uleb128 0xd
 613 009e 34       		.uleb128 0x34
 614 009f 00       		.byte	0
 615 00a0 03       		.uleb128 0x3
 616 00a1 0E       		.uleb128 0xe
 617 00a2 3A       		.uleb128 0x3a
 618 00a3 0B       		.uleb128 0xb
 619 00a4 3B       		.uleb128 0x3b
 620 00a5 05       		.uleb128 0x5
 621 00a6 49       		.uleb128 0x49
 622 00a7 13       		.uleb128 0x13
 623 00a8 02       		.uleb128 0x2
 624 00a9 17       		.uleb128 0x17
 625 00aa 00       		.byte	0
 626 00ab 00       		.byte	0
 627 00ac 0E       		.uleb128 0xe
 628 00ad 898201   		.uleb128 0x4109
ARM GAS  C:\Users\Timmo\AppData\Local\Temp\ccpQsVgb.s 			page 22


 629 00b0 01       		.byte	0x1
 630 00b1 11       		.uleb128 0x11
 631 00b2 01       		.uleb128 0x1
 632 00b3 31       		.uleb128 0x31
 633 00b4 13       		.uleb128 0x13
 634 00b5 00       		.byte	0
 635 00b6 00       		.byte	0
 636 00b7 0F       		.uleb128 0xf
 637 00b8 8A8201   		.uleb128 0x410a
 638 00bb 00       		.byte	0
 639 00bc 02       		.uleb128 0x2
 640 00bd 18       		.uleb128 0x18
 641 00be 9142     		.uleb128 0x2111
 642 00c0 18       		.uleb128 0x18
 643 00c1 00       		.byte	0
 644 00c2 00       		.byte	0
 645 00c3 10       		.uleb128 0x10
 646 00c4 2E       		.uleb128 0x2e
 647 00c5 00       		.byte	0
 648 00c6 3F       		.uleb128 0x3f
 649 00c7 19       		.uleb128 0x19
 650 00c8 3C       		.uleb128 0x3c
 651 00c9 19       		.uleb128 0x19
 652 00ca 6E       		.uleb128 0x6e
 653 00cb 0E       		.uleb128 0xe
 654 00cc 03       		.uleb128 0x3
 655 00cd 0E       		.uleb128 0xe
 656 00ce 3A       		.uleb128 0x3a
 657 00cf 0B       		.uleb128 0xb
 658 00d0 3B       		.uleb128 0x3b
 659 00d1 0B       		.uleb128 0xb
 660 00d2 00       		.byte	0
 661 00d3 00       		.byte	0
 662 00d4 11       		.uleb128 0x11
 663 00d5 2E       		.uleb128 0x2e
 664 00d6 00       		.byte	0
 665 00d7 3F       		.uleb128 0x3f
 666 00d8 19       		.uleb128 0x19
 667 00d9 3C       		.uleb128 0x3c
 668 00da 19       		.uleb128 0x19
 669 00db 6E       		.uleb128 0x6e
 670 00dc 0E       		.uleb128 0xe
 671 00dd 03       		.uleb128 0x3
 672 00de 0E       		.uleb128 0xe
 673 00df 3A       		.uleb128 0x3a
 674 00e0 0B       		.uleb128 0xb
 675 00e1 3B       		.uleb128 0x3b
 676 00e2 05       		.uleb128 0x5
 677 00e3 00       		.byte	0
 678 00e4 00       		.byte	0
 679 00e5 00       		.byte	0
 680              		.section	.debug_loc,"",%progbits
 681              	.Ldebug_loc0:
 682              	.LLST0:
 683 0000 08000000 		.4byte	.LVL3
 684 0004 0E000000 		.4byte	.LVL4
 685 0008 0200     		.2byte	0x2
ARM GAS  C:\Users\Timmo\AppData\Local\Temp\ccpQsVgb.s 			page 23


 686 000a 30       		.byte	0x30
 687 000b 9F       		.byte	0x9f
 688 000c 0E000000 		.4byte	.LVL4
 689 0010 2E000000 		.4byte	.LVL8
 690 0014 0100     		.2byte	0x1
 691 0016 54       		.byte	0x54
 692 0017 30000000 		.4byte	.LVL9
 693 001b 36000000 		.4byte	.LVL10
 694 001f 0100     		.2byte	0x1
 695 0021 54       		.byte	0x54
 696 0022 00000000 		.4byte	0
 697 0026 00000000 		.4byte	0
 698              	.LLST1:
 699 002a 02000000 		.4byte	.LVL2
 700 002e 0E000000 		.4byte	.LVL4
 701 0032 0200     		.2byte	0x2
 702 0034 31       		.byte	0x31
 703 0035 9F       		.byte	0x9f
 704 0036 0E000000 		.4byte	.LVL4
 705 003a 2A000000 		.4byte	.LVL6
 706 003e 0100     		.2byte	0x1
 707 0040 55       		.byte	0x55
 708 0041 2C000000 		.4byte	.LVL7
 709 0045 36000000 		.4byte	.LVL10
 710 0049 0100     		.2byte	0x1
 711 004b 55       		.byte	0x55
 712 004c 00000000 		.4byte	0
 713 0050 00000000 		.4byte	0
 714              		.section	.debug_aranges,"",%progbits
 715 0000 2C000000 		.4byte	0x2c
 716 0004 0200     		.2byte	0x2
 717 0006 00000000 		.4byte	.Ldebug_info0
 718 000a 04       		.byte	0x4
 719 000b 00       		.byte	0
 720 000c 0000     		.2byte	0
 721 000e 0000     		.2byte	0
 722 0010 00000000 		.4byte	.LFB0
 723 0014 18000000 		.4byte	.LFE0-.LFB0
 724 0018 00000000 		.4byte	.LFB1
 725 001c 44000000 		.4byte	.LFE1-.LFB1
 726 0020 00000000 		.4byte	.LFB2
 727 0024 24000000 		.4byte	.LFE2-.LFB2
 728 0028 00000000 		.4byte	0
 729 002c 00000000 		.4byte	0
 730              		.section	.debug_ranges,"",%progbits
 731              	.Ldebug_ranges0:
 732 0000 00000000 		.4byte	.LFB0
 733 0004 18000000 		.4byte	.LFE0
 734 0008 00000000 		.4byte	.LFB1
 735 000c 44000000 		.4byte	.LFE1
 736 0010 00000000 		.4byte	.LFB2
 737 0014 24000000 		.4byte	.LFE2
 738 0018 00000000 		.4byte	0
 739 001c 00000000 		.4byte	0
 740              		.section	.debug_line,"",%progbits
 741              	.Ldebug_line0:
 742 0000 C1000000 		.section	.debug_str,"MS",%progbits,1
ARM GAS  C:\Users\Timmo\AppData\Local\Temp\ccpQsVgb.s 			page 24


 742      02005D00 
 742      00000201 
 742      FB0E0D00 
 742      01010101 
 743              	.LASF15:
 744 0000 72656731 		.ascii	"reg16\000"
 744      3600
 745              	.LASF32:
 746 0006 73686966 		.ascii	"shift\000"
 746      7400
 747              	.LASF24:
 748 000c 7278616D 		.ascii	"rxamr\000"
 748      7200
 749              	.LASF18:
 750 0012 56656869 		.ascii	"Vehicle_CAN_DATA_BYTES\000"
 750      636C655F 
 750      43414E5F 
 750      44415441 
 750      5F425954 
 751              	.LASF31:
 752 0029 6D61696C 		.ascii	"mailboxNumber\000"
 752      626F784E 
 752      756D6265 
 752      7200
 753              	.LASF3:
 754 0037 73686F72 		.ascii	"short unsigned int\000"
 754      7420756E 
 754      7369676E 
 754      65642069 
 754      6E7400
 755              	.LASF35:
 756 004a 56656869 		.ascii	"Vehicle_CAN_Stop\000"
 756      636C655F 
 756      43414E5F 
 756      53746F70 
 756      00
 757              	.LASF19:
 758 005b 62797465 		.ascii	"byte\000"
 758      00
 759              	.LASF23:
 760 0060 72786461 		.ascii	"rxdata\000"
 760      746100
 761              	.LASF27:
 762 0067 72786163 		.ascii	"rxacrd\000"
 762      726400
 763              	.LASF33:
 764 006e 56656869 		.ascii	"Vehicle_CAN_ISR\000"
 764      636C655F 
 764      43414E5F 
 764      49535200 
 765              	.LASF11:
 766 007e 666C6F61 		.ascii	"float\000"
 766      7400
 767              	.LASF1:
 768 0084 756E7369 		.ascii	"unsigned char\000"
 768      676E6564 
 768      20636861 
ARM GAS  C:\Users\Timmo\AppData\Local\Temp\ccpQsVgb.s 			page 25


 768      7200
 769              	.LASF22:
 770 0092 72786964 		.ascii	"rxid\000"
 770      00
 771              	.LASF14:
 772 0097 72656738 		.ascii	"reg8\000"
 772      00
 773              	.LASF34:
 774 009c 56656869 		.ascii	"Vehicle_CAN_GlobalIntDisable\000"
 774      636C655F 
 774      43414E5F 
 774      476C6F62 
 774      616C496E 
 775              	.LASF5:
 776 00b9 6C6F6E67 		.ascii	"long unsigned int\000"
 776      20756E73 
 776      69676E65 
 776      6420696E 
 776      7400
 777              	.LASF9:
 778 00cb 75696E74 		.ascii	"uint8\000"
 778      3800
 779              	.LASF12:
 780 00d1 646F7562 		.ascii	"double\000"
 780      6C6500
 781              	.LASF10:
 782 00d8 75696E74 		.ascii	"uint16\000"
 782      313600
 783              	.LASF8:
 784 00df 756E7369 		.ascii	"unsigned int\000"
 784      676E6564 
 784      20696E74 
 784      00
 785              	.LASF29:
 786 00ec 56656869 		.ascii	"Vehicle_CAN_BusOffIsr\000"
 786      636C655F 
 786      43414E5F 
 786      4275734F 
 786      66664973 
 787              	.LASF7:
 788 0102 6C6F6E67 		.ascii	"long long unsigned int\000"
 788      206C6F6E 
 788      6720756E 
 788      7369676E 
 788      65642069 
 789              	.LASF30:
 790 0119 56656869 		.ascii	"Vehicle_CAN_MsgRXIsr\000"
 790      636C655F 
 790      43414E5F 
 790      4D736752 
 790      58497372 
 791              	.LASF20:
 792 012e 56656869 		.ascii	"Vehicle_CAN_REG_32\000"
 792      636C655F 
 792      43414E5F 
 792      5245475F 
 792      333200
ARM GAS  C:\Users\Timmo\AppData\Local\Temp\ccpQsVgb.s 			page 26


 793              	.LASF21:
 794 0141 7278636D 		.ascii	"rxcmd\000"
 794      6400
 795              	.LASF37:
 796 0147 474E5520 		.ascii	"GNU C11 5.4.1 20160609 (release) [ARM/embedded-5-br"
 796      43313120 
 796      352E342E 
 796      31203230 
 796      31363036 
 797 017a 616E6368 		.ascii	"anch revision 237715] -mcpu=cortex-m3 -mthumb -g -O"
 797      20726576 
 797      6973696F 
 797      6E203233 
 797      37373135 
 798 01ad 67202D66 		.ascii	"g -ffunction-sections -ffat-lto-objects\000"
 798      66756E63 
 798      74696F6E 
 798      2D736563 
 798      74696F6E 
 799              	.LASF17:
 800 01d5 73697A65 		.ascii	"sizetype\000"
 800      74797065 
 800      00
 801              	.LASF26:
 802 01de 7278616D 		.ascii	"rxamrd\000"
 802      726400
 803              	.LASF6:
 804 01e5 6C6F6E67 		.ascii	"long long int\000"
 804      206C6F6E 
 804      6720696E 
 804      7400
 805              	.LASF13:
 806 01f3 63686172 		.ascii	"char\000"
 806      00
 807              	.LASF36:
 808 01f8 56656869 		.ascii	"Vehicle_CAN_ReceiveMsg\000"
 808      636C655F 
 808      43414E5F 
 808      52656365 
 808      6976654D 
 809              	.LASF28:
 810 020f 56656869 		.ascii	"Vehicle_CAN_RX_STRUCT\000"
 810      636C655F 
 810      43414E5F 
 810      52585F53 
 810      54525543 
 811              	.LASF2:
 812 0225 73686F72 		.ascii	"short int\000"
 812      7420696E 
 812      7400
 813              	.LASF25:
 814 022f 72786163 		.ascii	"rxacr\000"
 814      7200
 815              	.LASF4:
 816 0235 6C6F6E67 		.ascii	"long int\000"
 816      20696E74 
 816      00
ARM GAS  C:\Users\Timmo\AppData\Local\Temp\ccpQsVgb.s 			page 27


 817              	.LASF16:
 818 023e 6C6F6E67 		.ascii	"long double\000"
 818      20646F75 
 818      626C6500 
 819              	.LASF38:
 820 024a 47656E65 		.ascii	"Generated_Source\\PSoC5\\Vehicle_CAN_INT.c\000"
 820      72617465 
 820      645F536F 
 820      75726365 
 820      5C50536F 
 821              	.LASF0:
 822 0273 7369676E 		.ascii	"signed char\000"
 822      65642063 
 822      68617200 
 823              	.LASF39:
 824 027f 433A5C55 		.ascii	"C:\\Users\\Timmo\\Documents\\GitHub\\Software\\BMS\\"
 824      73657273 
 824      5C54696D 
 824      6D6F5C44 
 824      6F63756D 
 825 02ac 424D535F 		.ascii	"BMS_Workspace\\BMS_Master.cydsn\000"
 825      576F726B 
 825      73706163 
 825      655C424D 
 825      535F4D61 
 826              		.ident	"GCC: (GNU Tools for ARM Embedded Processors) 5.4.1 20160609 (release) [ARM/embedded-5-bran
