--------------- Build Started: 06/23/2018 17:24:09 Project: BMS_Master, Configuration: ARM GCC 5.4-2016-q2-update Debug ---------------
The code generation step is up to date.
arm-none-eabi-gcc.exe -mcpu=cortex-m3 -mthumb -I. -IGenerated_Source\PSoC5 -Wa,-alh=.\CortexM3\ARM_GCC_541\Debug/DriverControls.lst -g -D DEBUG -D CY_CORE_ID=0 -Wall -ffunction-sections -ffat-lto-objects -Og -c DriverControls.c -o .\CortexM3\ARM_GCC_541\Debug\DriverControls.o
DriverControls.c: In function 'BrakeInputPlausibility':
DriverControls.c:31:23: warning: implicit declaration of function 'aiECU_BrakeInput1_read' [-Wimplicit-function-declaration]
     int BrakeInput1 = aiECU_BrakeInput1_read();
                       ^
DriverControls.c:32:23: warning: implicit declaration of function 'aiECU_BrakeInput2_read' [-Wimplicit-function-declaration]
     int BrakeInput2 = aiECU_BrakeInput2_read();
                       ^
DriverControls.c:37:9: warning: implicit declaration of function 'SetDTC_f010_Brake1InputOC' [-Wimplicit-function-declaration]
         SetDTC_f010_Brake1InputOC();
         ^
DriverControls.c:41:9: warning: implicit declaration of function 'SetDTC_f011_Brake1InputSC' [-Wimplicit-function-declaration]
         SetDTC_f011_Brake1InputSC();
         ^
DriverControls.c:32:9: warning: unused variable 'BrakeInput2' [-Wunused-variable]
     int BrakeInput2 = aiECU_BrakeInput2_read();
         ^
DriverControls.c: In function 'OutputBrakeLight':
DriverControls.c:53:5: warning: implicit declaration of function 'doECU_BrakeLight_write' [-Wimplicit-function-declaration]
     doECU_BrakeLight_write(BrakeInputPlausibility() > BrakeLightThreshold);
     ^
DriverControls.c: In function 'BrakeInputPlausibility':
DriverControls.c:47:1: warning: control reaches end of non-void function [-Wreturn-type]
 }
 ^
DriverControls.c: In function 'OutputBrakeLight':
DriverControls.c:54:1: warning: control reaches end of non-void function [-Wreturn-type]
 }
 ^
arm-none-eabi-ar.exe -rs .\CortexM3\ARM_GCC_541\Debug\BMS_Master.a .\CortexM3\ARM_GCC_541\Debug\RX_CAN.o .\CortexM3\ARM_GCC_541\Debug\TX_CAN.o .\CortexM3\ARM_GCC_541\Debug\Vehicle_CAN.o .\CortexM3\ARM_GCC_541\Debug\Vehicle_CAN_INT.o .\CortexM3\ARM_GCC_541\Debug\Vehicle_CAN_PM.o .\CortexM3\ARM_GCC_541\Debug\Vehicle_CAN_TX_RX_func.o .\CortexM3\ARM_GCC_541\Debug\SPICAN.o .\CortexM3\ARM_GCC_541\Debug\SPICAN_PM.o .\CortexM3\ARM_GCC_541\Debug\SPICAN_INT.o .\CortexM3\ARM_GCC_541\Debug\UART_DBG.o .\CortexM3\ARM_GCC_541\Debug\UART_DBG_PM.o .\CortexM3\ARM_GCC_541\Debug\UART_DBG_INT.o .\CortexM3\ARM_GCC_541\Debug\UART_DBG_BOOT.o .\CortexM3\ARM_GCC_541\Debug\Clock_1.o .\CortexM3\ARM_GCC_541\Debug\Pin_1.o .\CortexM3\ARM_GCC_541\Debug\UART_DBG_IntClock.o .\CortexM3\ARM_GCC_541\Debug\CyDmac.o .\CortexM3\ARM_GCC_541\Debug\CyFlash.o .\CortexM3\ARM_GCC_541\Debug\CyLib.o .\CortexM3\ARM_GCC_541\Debug\cyPm.o .\CortexM3\ARM_GCC_541\Debug\CySpc.o .\CortexM3\ARM_GCC_541\Debug\cyutils.o .\CortexM3\ARM_GCC_541\Debug\cy_em_eeprom.o .\CortexM3\ARM_GCC_541\Debug\aiECU_BrakePressureFront.o .\CortexM3\ARM_GCC_541\Debug\aiECU_BrakePressureRear.o .\CortexM3\ARM_GCC_541\Debug\aiECU_Throttle2.o .\CortexM3\ARM_GCC_541\Debug\aiECU_Throttle1.o .\CortexM3\ARM_GCC_541\Debug\aiBMS_VoltageSense.o .\CortexM3\ARM_GCC_541\Debug\aiECU_PyroFront.o .\CortexM3\ARM_GCC_541\Debug\aiECU_PyroRear.o .\CortexM3\ARM_GCC_541\Debug\aiECU_BrakeInput1.o .\CortexM3\ARM_GCC_541\Debug\aiECU_BrakeInput2.o .\CortexM3\ARM_GCC_541\Debug\aiTHM_CoolantOutlet.o .\CortexM3\ARM_GCC_541\Debug\aiTHM_CoolantInlet.o .\CortexM3\ARM_GCC_541\Debug\doTHM_PumpEn.o .\CortexM3\ARM_GCC_541\Debug\doTHM_FanEn.o .\CortexM3\ARM_GCC_541\Debug\doECU_BrakeLight.o .\CortexM3\ARM_GCC_541\Debug\CyBootAsmGnu.o
arm-none-eabi-ar.exe: creating .\CortexM3\ARM_GCC_541\Debug\BMS_Master.a
arm-none-eabi-gcc.exe -Wl,--start-group -o C:\Users\Timmo\Documents\GitHub\Software\BMS\BMS_Workspace\BMS_Master.cydsn\CortexM3\ARM_GCC_541\Debug\BMS_Master.elf .\CortexM3\ARM_GCC_541\Debug\mainState.o .\CortexM3\ARM_GCC_541\Debug\DriverControls.o .\CortexM3\ARM_GCC_541\Debug\DTC.o .\CortexM3\ARM_GCC_541\Debug\main.o .\CortexM3\ARM_GCC_541\Debug\cyfitter_cfg.o .\CortexM3\ARM_GCC_541\Debug\cymetadata.o .\CortexM3\ARM_GCC_541\Debug\Cm3Start.o .\CortexM3\ARM_GCC_541\Debug\BMS_Master.a "C:\Program Files (x86)\Cypress\PSoC Creator\4.2\PSoC Creator\psoc\content\cycomponentlibrary\CyComponentLibrary.cylib\CortexM3\ARM_GCC_541\Debug\CyComponentLibrary.a" -mcpu=cortex-m3 -mthumb -L Generated_Source\PSoC5 -Wl,-Map,.\CortexM3\ARM_GCC_541\Debug/BMS_Master.map -T Generated_Source\PSoC5\cm3gcc.ld -specs=nano.specs -Wl,--gc-sections -g -ffunction-sections -Og -ffat-lto-objects -Wl,--end-group
cyelftool.exe -C C:\Users\Timmo\Documents\GitHub\Software\BMS\BMS_Workspace\BMS_Master.cydsn\CortexM3\ARM_GCC_541\Debug\BMS_Master.elf --flash_row_size 256 --flash_size 262144 --flash_offset 0x00000000
No ELF section .cychecksum found, creating one
Application checksum calculated and stored in ELF section .cychecksum
Checksum calculated and stored in ELF section .cymeta
cyelftool.exe -S C:\Users\Timmo\Documents\GitHub\Software\BMS\BMS_Workspace\BMS_Master.cydsn\CortexM3\ARM_GCC_541\Debug\BMS_Master.elf
Flash used: 1350 of 262144 bytes (0.5%).
SRAM used: 2505 of 65536 bytes (3.8%). Stack: 2048 bytes. Heap: 128 bytes.
--------------- Build Succeeded: 06/23/2018 17:24:10 ---------------
