--------------- Clean Started: 06/24/2018 11:37:29 Project: BMS_Master, Configuration: ARM GCC 5.4-2016-q2-update Debug ---------------
Deleting file ".\CortexM3\ARM_GCC_541\Debug\mainState.o"
Deleting file ".\CortexM3\ARM_GCC_541\Debug\DriverControls.o"
Deleting file ".\CortexM3\ARM_GCC_541\Debug\DTC.o"
Deleting file ".\CortexM3\ARM_GCC_541\Debug\RelayControl.o"
Deleting file ".\CortexM3\ARM_GCC_541\Debug\main.o"
Deleting file ".\CortexM3\ARM_GCC_541\Debug\cyfitter_cfg.o"
Deleting file ".\CortexM3\ARM_GCC_541\Debug\cymetadata.o"
Deleting file ".\CortexM3\ARM_GCC_541\Debug\RX_CAN.o"
Deleting file ".\CortexM3\ARM_GCC_541\Debug\TX_CAN.o"
Deleting file ".\CortexM3\ARM_GCC_541\Debug\Vehicle_CAN.o"
Deleting file ".\CortexM3\ARM_GCC_541\Debug\Vehicle_CAN_INT.o"
Deleting file ".\CortexM3\ARM_GCC_541\Debug\Vehicle_CAN_PM.o"
Deleting file ".\CortexM3\ARM_GCC_541\Debug\Vehicle_CAN_TX_RX_func.o"
Deleting file ".\CortexM3\ARM_GCC_541\Debug\SPICAN.o"
Deleting file ".\CortexM3\ARM_GCC_541\Debug\SPICAN_PM.o"
Deleting file ".\CortexM3\ARM_GCC_541\Debug\SPICAN_INT.o"
Deleting file ".\CortexM3\ARM_GCC_541\Debug\UART_DBG.o"
Deleting file ".\CortexM3\ARM_GCC_541\Debug\UART_DBG_PM.o"
Deleting file ".\CortexM3\ARM_GCC_541\Debug\UART_DBG_INT.o"
Deleting file ".\CortexM3\ARM_GCC_541\Debug\UART_DBG_BOOT.o"
Deleting file ".\CortexM3\ARM_GCC_541\Debug\Clock_1.o"
Deleting file ".\CortexM3\ARM_GCC_541\Debug\Pin_1.o"
Deleting file ".\CortexM3\ARM_GCC_541\Debug\UART_DBG_IntClock.o"
Deleting file ".\CortexM3\ARM_GCC_541\Debug\Cm3Start.o"
Deleting file ".\CortexM3\ARM_GCC_541\Debug\CyBootAsmGnu.o"
Deleting file ".\CortexM3\ARM_GCC_541\Debug\CyDmac.o"
Deleting file ".\CortexM3\ARM_GCC_541\Debug\CyFlash.o"
Deleting file ".\CortexM3\ARM_GCC_541\Debug\CyLib.o"
Deleting file ".\CortexM3\ARM_GCC_541\Debug\cyPm.o"
Deleting file ".\CortexM3\ARM_GCC_541\Debug\CySpc.o"
Deleting file ".\CortexM3\ARM_GCC_541\Debug\cyutils.o"
Deleting file ".\CortexM3\ARM_GCC_541\Debug\cy_em_eeprom.o"
Deleting file ".\CortexM3\ARM_GCC_541\Debug\aiECU_BrakePressureFront.o"
Deleting file ".\CortexM3\ARM_GCC_541\Debug\aiECU_BrakePressureRear.o"
Deleting file ".\CortexM3\ARM_GCC_541\Debug\aiECU_Throttle2.o"
Deleting file ".\CortexM3\ARM_GCC_541\Debug\aiECU_Throttle1.o"
Deleting file ".\CortexM3\ARM_GCC_541\Debug\aiBMS_VoltageSense.o"
Deleting file ".\CortexM3\ARM_GCC_541\Debug\aiECU_PyroFront.o"
Deleting file ".\CortexM3\ARM_GCC_541\Debug\aiECU_PyroRear.o"
Deleting file ".\CortexM3\ARM_GCC_541\Debug\aiECU_BrakeInput1.o"
Deleting file ".\CortexM3\ARM_GCC_541\Debug\aiECU_BrakeInput2.o"
Deleting file ".\CortexM3\ARM_GCC_541\Debug\aiTHM_CoolantOutlet.o"
Deleting file ".\CortexM3\ARM_GCC_541\Debug\aiTHM_CoolantInlet.o"
Deleting file ".\CortexM3\ARM_GCC_541\Debug\doTHM_PumpEn.o"
Deleting file ".\CortexM3\ARM_GCC_541\Debug\doTHM_FanEn.o"
Deleting file ".\CortexM3\ARM_GCC_541\Debug\doECU_BrakeLight.o"
Deleting file ".\CortexM3\ARM_GCC_541\Debug\diBMS_RelayPosFdbk.o"
Deleting file ".\CortexM3\ARM_GCC_541\Debug\doBMS_RelayPosDrive.o"
Deleting file ".\CortexM3\ARM_GCC_541\Debug\diBMS_RelayNegFdbk.o"
Deleting file ".\CortexM3\ARM_GCC_541\Debug\doBMS_RelayNegDrive.o"
Deleting file ".\CortexM3\ARM_GCC_541\Debug\aiBMS_OutputVoltage.o"
Deleting file ".\CortexM3\ARM_GCC_541\Debug\aiBMS_PackVoltage.o"
Deleting file ".\CortexM3\ARM_GCC_541\Debug\doBMS_RelayPreCharge.o"
Deleting file ".\CortexM3\ARM_GCC_541\Debug\BMS_Master.hex"
Deleting file ".\CortexM3\ARM_GCC_541\Debug\BMS_Master.elf"
Deleting file ".\CortexM3\ARM_GCC_541\Debug\BMS_Master.map"
Deleting file ".\BMS_Master.cycdx"
Deleting file ".\BMS_Master.svd"
Deleting file ".\BMS_Master.rpt"
Deleting file ".\BMS_Master_timing.html"
Deleting file ".\CortexM3\ARM_GCC_541\Debug\.deps\SOURCE_C__ARM_GCC_GENERIC.P"
Deleting file ".\CortexM3\ARM_GCC_541\Debug\.deps\SOURCE_ASM__ARM_GCC_GENERIC.P"
--------------- Clean Succeeded: 06/24/2018 11:37:29 ---------------
